[ 2017-02-02T21:09:06+08:00 ] 127.0.0.1 /cartInfo.html
INFO: [ app_begin ] --START--
INFO: Run Behavior\ReadHtmlCacheBehavior [ RunTime:0.001213s ]
INFO: [ app_begin ] --END-- [ RunTime:0.002115s ]
SQL: SELECT `goods_id`,`image_thumb`,`price`,`name` FROM `sun_goods` WHERE `goods_id` IN ('3')  [ RunTime:0.0619s ]
SQL: SELECT g.goods_id,g.image_thumb,g.price,g.name,p.product_id,p.product_price,pd.value price_drift,group_concat(a.attribute_title,":",ao.option_value) `option` FROM sun_goods g left join sun_product p using(goods_id) left join sun_price_drift pd using(price_drift_id) left join sun_product_goods_attribute_option pgao using(product_id) left join sun_goods_attribute_option gao using(goods_attribute_option_id) left join sun_attribute_option ao using(attribute_option_id) left join sun_attribute a using(attribute_id)  WHERE p.product_id IN ('5','6') GROUP BY p.product_id  [ RunTime:0.2281s ]

[ 2017-02-02T21:09:06+08:00 ] 127.0.0.1 /category/nestedList.html
INFO: [ app_begin ] --START--
INFO: Run Behavior\ReadHtmlCacheBehavior [ RunTime:0.001540s ]
INFO: [ app_begin ] --END-- [ RunTime:0.002445s ]
SQL: SELECT * FROM `sun_category` WHERE `category_id` <> '1' AND `is_used` = 1 AND `is_nav` = 1 ORDER BY sort_number  [ RunTime:0.0276s ]

[ 2017-02-02T21:09:06+08:00 ] 127.0.0.1 /goods/new.html?limit=4
INFO: [ app_begin ] --START--
INFO: Run Behavior\ReadHtmlCacheBehavior [ RunTime:0.001722s ]
INFO: [ app_begin ] --END-- [ RunTime:0.002754s ]
SQL: SELECT `value` FROM `sun_setting` WHERE `key` = 'goods_new_number' LIMIT 1   [ RunTime:0.0297s ]
SQL: SELECT * FROM `sun_goods` WHERE `status` = 1 AND `deleted` = 0 ORDER BY created_at desc, sort_number LIMIT 4   [ RunTime:0.0006s ]

[ 2017-02-02T21:16:11+08:00 ] 127.0.0.1 /cartInfo.html
INFO: [ app_begin ] --START--
INFO: Run Behavior\ReadHtmlCacheBehavior [ RunTime:0.000944s ]
INFO: [ app_begin ] --END-- [ RunTime:0.001630s ]
SQL: SELECT `goods_id`,`image_thumb`,`price`,`name` FROM `sun_goods` WHERE `goods_id` IN ('3')  [ RunTime:0.0003s ]
SQL: SELECT g.goods_id,g.image_thumb,g.price,g.name,p.product_id,p.product_price,pd.value price_drift,group_concat(a.attribute_title,":",ao.option_value) `option` FROM sun_goods g left join sun_product p using(goods_id) left join sun_price_drift pd using(price_drift_id) left join sun_product_goods_attribute_option pgao using(product_id) left join sun_goods_attribute_option gao using(goods_attribute_option_id) left join sun_attribute_option ao using(attribute_option_id) left join sun_attribute a using(attribute_id)  WHERE p.product_id IN ('5','6') GROUP BY p.product_id  [ RunTime:0.0003s ]

[ 2017-02-02T21:16:11+08:00 ] 127.0.0.1 /category/nestedList.html
INFO: [ app_begin ] --START--
INFO: Run Behavior\ReadHtmlCacheBehavior [ RunTime:0.001423s ]
INFO: [ app_begin ] --END-- [ RunTime:0.002422s ]
SQL: SELECT * FROM `sun_category` WHERE `category_id` <> '1' AND `is_used` = 1 AND `is_nav` = 1 ORDER BY sort_number  [ RunTime:0.0003s ]

[ 2017-02-02T21:16:17+08:00 ] 127.0.0.1 /goods/new.html?limit=4
INFO: [ app_begin ] --START--
INFO: Run Behavior\ReadHtmlCacheBehavior [ RunTime:0.001725s ]
INFO: [ app_begin ] --END-- [ RunTime:0.003211s ]
SQL: SELECT `value` FROM `sun_setting` WHERE `key` = 'goods_new_number' LIMIT 1   [ RunTime:0.0002s ]
SQL: SELECT * FROM `sun_goods` WHERE `status` = 1 AND `deleted` = 0 ORDER BY created_at desc, sort_number LIMIT 4   [ RunTime:0.0005s ]

[ 2017-02-02T21:16:38+08:00 ] 127.0.0.1 /cartInfo.html
INFO: [ app_begin ] --START--
INFO: Run Behavior\ReadHtmlCacheBehavior [ RunTime:0.000876s ]
INFO: [ app_begin ] --END-- [ RunTime:0.002115s ]
SQL: SELECT `goods_id`,`image_thumb`,`price`,`name` FROM `sun_goods` WHERE `goods_id` IN ('3')  [ RunTime:0.0003s ]
SQL: SELECT g.goods_id,g.image_thumb,g.price,g.name,p.product_id,p.product_price,pd.value price_drift,group_concat(a.attribute_title,":",ao.option_value) `option` FROM sun_goods g left join sun_product p using(goods_id) left join sun_price_drift pd using(price_drift_id) left join sun_product_goods_attribute_option pgao using(product_id) left join sun_goods_attribute_option gao using(goods_attribute_option_id) left join sun_attribute_option ao using(attribute_option_id) left join sun_attribute a using(attribute_id)  WHERE p.product_id IN ('5','6') GROUP BY p.product_id  [ RunTime:0.0003s ]

[ 2017-02-02T21:16:38+08:00 ] 127.0.0.1 /breadcrumb.html?goods_id=3
INFO: [ app_begin ] --START--
INFO: Run Behavior\ReadHtmlCacheBehavior [ RunTime:0.001330s ]
INFO: [ app_begin ] --END-- [ RunTime:0.002330s ]
SQL: SELECT `category_id` FROM `sun_goods` WHERE `goods_id` = 3 LIMIT 1   [ RunTime:0.0005s ]
SQL: SELECT * FROM `sun_category` WHERE `category_id` = 40 LIMIT 1   [ RunTime:0.0008s ]

[ 2017-02-02T21:16:38+08:00 ] 127.0.0.1 /category/nestedList.html
INFO: [ app_begin ] --START--
INFO: Run Behavior\ReadHtmlCacheBehavior [ RunTime:0.001274s ]
INFO: [ app_begin ] --END-- [ RunTime:0.002191s ]
SQL: SELECT * FROM `sun_category` WHERE `category_id` <> '1' AND `is_used` = 1 AND `is_nav` = 1 ORDER BY sort_number  [ RunTime:0.0005s ]

[ 2017-02-02T21:16:38+08:00 ] 127.0.0.1 /goods/show.html?goods_id=3
INFO: [ app_begin ] --START--
INFO: Run Behavior\ReadHtmlCacheBehavior [ RunTime:0.000906s ]
INFO: [ app_begin ] --END-- [ RunTime:0.001726s ]
SQL: SELECT g.*,ss.title stock_status_title FROM sun_goods g left join sun_stock_status ss using(stock_status_id)  WHERE `status` = '1' AND `deleted` = '0' AND `goods_id` = '3' LIMIT 1   [ RunTime:0.0329s ]
SQL: SELECT * FROM `sun_gallery` WHERE ( 1=1 AND goods_id='3' )  [ RunTime:0.0149s ]
SQL: SELECT p.product_id,p.promoted,pd.value price_drift,`product_price`,`product_quantity`,group_concat(a.attribute_title,':',ao.option_value) as `option` FROM sun_product p left join sun_product_goods_attribute_option pgao using(product_id) left join sun_goods_attribute_option gao using(goods_attribute_option_id) left join sun_attribute_option ao using(attribute_option_id) left join sun_attribute a using(attribute_id) left join sun_price_drift pd using(price_drift_id)  WHERE `goods_id` = '3' AND `enabled` = 1 GROUP BY p.product_id  [ RunTime:0.0008s ]
SQL: SELECT a.attribute_title,at.attribute_type_title,ga.value,group_concat(ao.option_value) valuelist FROM sun_goods_attribute ga left join sun_attribute a using(attribute_id) left join sun_attribute_type at using(attribute_type_id) left join sun_goods_attribute_option gao using(goods_attribute_id) left join sun_attribute_option ao using(attribute_option_id)  WHERE `goods_id` = '3' GROUP BY ga.attribute_id  [ RunTime:0.0808s ]

[ 2017-02-02T21:16:38+08:00 ] 127.0.0.1 /cartInfo.html
INFO: [ app_begin ] --START--
INFO: Run Behavior\ReadHtmlCacheBehavior [ RunTime:0.000957s ]
INFO: [ app_begin ] --END-- [ RunTime:0.001867s ]
SQL: SELECT `goods_id`,`image_thumb`,`price`,`name` FROM `sun_goods` WHERE `goods_id` IN ('3')  [ RunTime:0.0003s ]
SQL: SELECT g.goods_id,g.image_thumb,g.price,g.name,p.product_id,p.product_price,pd.value price_drift,group_concat(a.attribute_title,":",ao.option_value) `option` FROM sun_goods g left join sun_product p using(goods_id) left join sun_price_drift pd using(price_drift_id) left join sun_product_goods_attribute_option pgao using(product_id) left join sun_goods_attribute_option gao using(goods_attribute_option_id) left join sun_attribute_option ao using(attribute_option_id) left join sun_attribute a using(attribute_id)  WHERE p.product_id IN ('5','6') GROUP BY p.product_id  [ RunTime:0.0003s ]

[ 2017-02-02T21:16:38+08:00 ] 127.0.0.1 /category/nestedList.html
INFO: [ app_begin ] --START--
INFO: Run Behavior\ReadHtmlCacheBehavior [ RunTime:0.000966s ]
INFO: [ app_begin ] --END-- [ RunTime:0.001974s ]
SQL: SELECT * FROM `sun_category` WHERE `category_id` <> '1' AND `is_used` = 1 AND `is_nav` = 1 ORDER BY sort_number  [ RunTime:0.0006s ]

[ 2017-02-02T21:16:38+08:00 ] 127.0.0.1 /breadcrumb.html?goods_id=3
INFO: [ app_begin ] --START--
INFO: Run Behavior\ReadHtmlCacheBehavior [ RunTime:0.001317s ]
INFO: [ app_begin ] --END-- [ RunTime:0.002285s ]
SQL: SELECT `category_id` FROM `sun_goods` WHERE `goods_id` = 3 LIMIT 1   [ RunTime:0.0002s ]
SQL: SELECT * FROM `sun_category` WHERE `category_id` = 40 LIMIT 1   [ RunTime:0.0004s ]

[ 2017-02-02T21:16:38+08:00 ] 127.0.0.1 /goods/show.html?goods_id=3
INFO: [ app_begin ] --START--
INFO: Run Behavior\ReadHtmlCacheBehavior [ RunTime:0.000955s ]
INFO: [ app_begin ] --END-- [ RunTime:0.001736s ]
SQL: SELECT g.*,ss.title stock_status_title FROM sun_goods g left join sun_stock_status ss using(stock_status_id)  WHERE `status` = '1' AND `deleted` = '0' AND `goods_id` = '3' LIMIT 1   [ RunTime:0.0005s ]
SQL: SELECT * FROM `sun_gallery` WHERE ( 1=1 AND goods_id='3' )  [ RunTime:0.0004s ]
SQL: SELECT p.product_id,p.promoted,pd.value price_drift,`product_price`,`product_quantity`,group_concat(a.attribute_title,':',ao.option_value) as `option` FROM sun_product p left join sun_product_goods_attribute_option pgao using(product_id) left join sun_goods_attribute_option gao using(goods_attribute_option_id) left join sun_attribute_option ao using(attribute_option_id) left join sun_attribute a using(attribute_id) left join sun_price_drift pd using(price_drift_id)  WHERE `goods_id` = '3' AND `enabled` = 1 GROUP BY p.product_id  [ RunTime:0.0003s ]
SQL: SELECT a.attribute_title,at.attribute_type_title,ga.value,group_concat(ao.option_value) valuelist FROM sun_goods_attribute ga left join sun_attribute a using(attribute_id) left join sun_attribute_type at using(attribute_type_id) left join sun_goods_attribute_option gao using(goods_attribute_id) left join sun_attribute_option ao using(attribute_option_id)  WHERE `goods_id` = '3' GROUP BY ga.attribute_id  [ RunTime:0.0003s ]

[ 2017-02-02T21:16:41+08:00 ] 127.0.0.1 /cartInfo.html
INFO: [ app_begin ] --START--
INFO: Run Behavior\ReadHtmlCacheBehavior [ RunTime:0.000887s ]
INFO: [ app_begin ] --END-- [ RunTime:0.001853s ]
SQL: SELECT `goods_id`,`image_thumb`,`price`,`name` FROM `sun_goods` WHERE `goods_id` IN ('3')  [ RunTime:0.0002s ]
SQL: SELECT g.goods_id,g.image_thumb,g.price,g.name,p.product_id,p.product_price,pd.value price_drift,group_concat(a.attribute_title,":",ao.option_value) `option` FROM sun_goods g left join sun_product p using(goods_id) left join sun_price_drift pd using(price_drift_id) left join sun_product_goods_attribute_option pgao using(product_id) left join sun_goods_attribute_option gao using(goods_attribute_option_id) left join sun_attribute_option ao using(attribute_option_id) left join sun_attribute a using(attribute_id)  WHERE p.product_id IN ('5','6') GROUP BY p.product_id  [ RunTime:0.0003s ]

[ 2017-02-02T21:16:41+08:00 ] 127.0.0.1 /category/nestedList.html
INFO: [ app_begin ] --START--
INFO: Run Behavior\ReadHtmlCacheBehavior [ RunTime:0.001075s ]
INFO: [ app_begin ] --END-- [ RunTime:0.002180s ]
SQL: SELECT * FROM `sun_category` WHERE `category_id` <> '1' AND `is_used` = 1 AND `is_nav` = 1 ORDER BY sort_number  [ RunTime:0.0004s ]

[ 2017-02-02T21:16:41+08:00 ] 127.0.0.1 /breadcrumb.html?goods_id=3
INFO: [ app_begin ] --START--
INFO: Run Behavior\ReadHtmlCacheBehavior [ RunTime:0.000907s ]
INFO: [ app_begin ] --END-- [ RunTime:0.002513s ]
SQL: SELECT `category_id` FROM `sun_goods` WHERE `goods_id` = 3 LIMIT 1   [ RunTime:0.0001s ]
SQL: SELECT * FROM `sun_category` WHERE `category_id` = 40 LIMIT 1   [ RunTime:0.0003s ]

[ 2017-02-02T21:16:41+08:00 ] 127.0.0.1 /goods/show.html?goods_id=3
INFO: [ app_begin ] --START--
INFO: Run Behavior\ReadHtmlCacheBehavior [ RunTime:0.000625s ]
INFO: [ app_begin ] --END-- [ RunTime:0.001147s ]
SQL: SELECT g.*,ss.title stock_status_title FROM sun_goods g left join sun_stock_status ss using(stock_status_id)  WHERE `status` = '1' AND `deleted` = '0' AND `goods_id` = '3' LIMIT 1   [ RunTime:0.0003s ]
SQL: SELECT * FROM `sun_gallery` WHERE ( 1=1 AND goods_id='3' )  [ RunTime:0.0002s ]
SQL: SELECT p.product_id,p.promoted,pd.value price_drift,`product_price`,`product_quantity`,group_concat(a.attribute_title,':',ao.option_value) as `option` FROM sun_product p left join sun_product_goods_attribute_option pgao using(product_id) left join sun_goods_attribute_option gao using(goods_attribute_option_id) left join sun_attribute_option ao using(attribute_option_id) left join sun_attribute a using(attribute_id) left join sun_price_drift pd using(price_drift_id)  WHERE `goods_id` = '3' AND `enabled` = 1 GROUP BY p.product_id  [ RunTime:0.0002s ]
SQL: SELECT a.attribute_title,at.attribute_type_title,ga.value,group_concat(ao.option_value) valuelist FROM sun_goods_attribute ga left join sun_attribute a using(attribute_id) left join sun_attribute_type at using(attribute_type_id) left join sun_goods_attribute_option gao using(goods_attribute_id) left join sun_attribute_option ao using(attribute_option_id)  WHERE `goods_id` = '3' GROUP BY ga.attribute_id  [ RunTime:0.0003s ]

[ 2017-02-02T21:16:42+08:00 ] 127.0.0.1 /breadcrumb.html?goods_id=3
INFO: [ app_begin ] --START--
INFO: Run Behavior\ReadHtmlCacheBehavior [ RunTime:0.001157s ]
INFO: [ app_begin ] --END-- [ RunTime:0.002093s ]
SQL: SELECT `category_id` FROM `sun_goods` WHERE `goods_id` = 3 LIMIT 1   [ RunTime:0.0002s ]
SQL: SELECT * FROM `sun_category` WHERE `category_id` = 40 LIMIT 1   [ RunTime:0.0004s ]

[ 2017-02-02T21:16:42+08:00 ] 127.0.0.1 /category/nestedList.html
INFO: [ app_begin ] --START--
INFO: Run Behavior\ReadHtmlCacheBehavior [ RunTime:0.006171s ]
INFO: [ app_begin ] --END-- [ RunTime:0.007394s ]
SQL: SELECT * FROM `sun_category` WHERE `category_id` <> '1' AND `is_used` = 1 AND `is_nav` = 1 ORDER BY sort_number  [ RunTime:0.0005s ]

[ 2017-02-02T21:16:42+08:00 ] 127.0.0.1 /cartInfo.html
INFO: [ app_begin ] --START--
INFO: Run Behavior\ReadHtmlCacheBehavior [ RunTime:0.000972s ]
INFO: [ app_begin ] --END-- [ RunTime:0.001864s ]
SQL: SELECT `goods_id`,`image_thumb`,`price`,`name` FROM `sun_goods` WHERE `goods_id` IN ('3')  [ RunTime:0.0002s ]
SQL: SELECT g.goods_id,g.image_thumb,g.price,g.name,p.product_id,p.product_price,pd.value price_drift,group_concat(a.attribute_title,":",ao.option_value) `option` FROM sun_goods g left join sun_product p using(goods_id) left join sun_price_drift pd using(price_drift_id) left join sun_product_goods_attribute_option pgao using(product_id) left join sun_goods_attribute_option gao using(goods_attribute_option_id) left join sun_attribute_option ao using(attribute_option_id) left join sun_attribute a using(attribute_id)  WHERE p.product_id IN ('5','6') GROUP BY p.product_id  [ RunTime:0.0002s ]

[ 2017-02-02T21:16:42+08:00 ] 127.0.0.1 /goods/show.html?goods_id=3
INFO: [ app_begin ] --START--
INFO: Run Behavior\ReadHtmlCacheBehavior [ RunTime:0.001150s ]
INFO: [ app_begin ] --END-- [ RunTime:0.006741s ]
SQL: SELECT g.*,ss.title stock_status_title FROM sun_goods g left join sun_stock_status ss using(stock_status_id)  WHERE `status` = '1' AND `deleted` = '0' AND `goods_id` = '3' LIMIT 1   [ RunTime:0.0003s ]
SQL: SELECT * FROM `sun_gallery` WHERE ( 1=1 AND goods_id='3' )  [ RunTime:0.0004s ]
SQL: SELECT p.product_id,p.promoted,pd.value price_drift,`product_price`,`product_quantity`,group_concat(a.attribute_title,':',ao.option_value) as `option` FROM sun_product p left join sun_product_goods_attribute_option pgao using(product_id) left join sun_goods_attribute_option gao using(goods_attribute_option_id) left join sun_attribute_option ao using(attribute_option_id) left join sun_attribute a using(attribute_id) left join sun_price_drift pd using(price_drift_id)  WHERE `goods_id` = '3' AND `enabled` = 1 GROUP BY p.product_id  [ RunTime:0.0006s ]
SQL: SELECT a.attribute_title,at.attribute_type_title,ga.value,group_concat(ao.option_value) valuelist FROM sun_goods_attribute ga left join sun_attribute a using(attribute_id) left join sun_attribute_type at using(attribute_type_id) left join sun_goods_attribute_option gao using(goods_attribute_id) left join sun_attribute_option ao using(attribute_option_id)  WHERE `goods_id` = '3' GROUP BY ga.attribute_id  [ RunTime:0.0005s ]

[ 2017-02-02T21:16:43+08:00 ] 127.0.0.1 /cartInfo.html
INFO: [ app_begin ] --START--
INFO: Run Behavior\ReadHtmlCacheBehavior [ RunTime:0.001005s ]
INFO: [ app_begin ] --END-- [ RunTime:0.008377s ]
SQL: SELECT `goods_id`,`image_thumb`,`price`,`name` FROM `sun_goods` WHERE `goods_id` IN ('3')  [ RunTime:0.0002s ]
SQL: SELECT g.goods_id,g.image_thumb,g.price,g.name,p.product_id,p.product_price,pd.value price_drift,group_concat(a.attribute_title,":",ao.option_value) `option` FROM sun_goods g left join sun_product p using(goods_id) left join sun_price_drift pd using(price_drift_id) left join sun_product_goods_attribute_option pgao using(product_id) left join sun_goods_attribute_option gao using(goods_attribute_option_id) left join sun_attribute_option ao using(attribute_option_id) left join sun_attribute a using(attribute_id)  WHERE p.product_id IN ('5','6') GROUP BY p.product_id  [ RunTime:0.0003s ]

[ 2017-02-02T21:16:43+08:00 ] 127.0.0.1 /category/nestedList.html
INFO: [ app_begin ] --START--
INFO: Run Behavior\ReadHtmlCacheBehavior [ RunTime:0.001420s ]
INFO: [ app_begin ] --END-- [ RunTime:0.002466s ]
SQL: SELECT * FROM `sun_category` WHERE `category_id` <> '1' AND `is_used` = 1 AND `is_nav` = 1 ORDER BY sort_number  [ RunTime:0.0008s ]

[ 2017-02-02T21:16:43+08:00 ] 127.0.0.1 /breadcrumb.html?goods_id=3
INFO: [ app_begin ] --START--
INFO: Run Behavior\ReadHtmlCacheBehavior [ RunTime:0.001055s ]
INFO: [ app_begin ] --END-- [ RunTime:0.008529s ]
SQL: SELECT `category_id` FROM `sun_goods` WHERE `goods_id` = 3 LIMIT 1   [ RunTime:0.0002s ]
SQL: SELECT * FROM `sun_category` WHERE `category_id` = 40 LIMIT 1   [ RunTime:0.0005s ]

[ 2017-02-02T21:16:43+08:00 ] 127.0.0.1 /goods/show.html?goods_id=3
INFO: [ app_begin ] --START--
INFO: Run Behavior\ReadHtmlCacheBehavior [ RunTime:0.001385s ]
INFO: [ app_begin ] --END-- [ RunTime:0.002363s ]
SQL: SELECT g.*,ss.title stock_status_title FROM sun_goods g left join sun_stock_status ss using(stock_status_id)  WHERE `status` = '1' AND `deleted` = '0' AND `goods_id` = '3' LIMIT 1   [ RunTime:0.0006s ]
SQL: SELECT * FROM `sun_gallery` WHERE ( 1=1 AND goods_id='3' )  [ RunTime:0.0005s ]
SQL: SELECT p.product_id,p.promoted,pd.value price_drift,`product_price`,`product_quantity`,group_concat(a.attribute_title,':',ao.option_value) as `option` FROM sun_product p left join sun_product_goods_attribute_option pgao using(product_id) left join sun_goods_attribute_option gao using(goods_attribute_option_id) left join sun_attribute_option ao using(attribute_option_id) left join sun_attribute a using(attribute_id) left join sun_price_drift pd using(price_drift_id)  WHERE `goods_id` = '3' AND `enabled` = 1 GROUP BY p.product_id  [ RunTime:0.0004s ]
SQL: SELECT a.attribute_title,at.attribute_type_title,ga.value,group_concat(ao.option_value) valuelist FROM sun_goods_attribute ga left join sun_attribute a using(attribute_id) left join sun_attribute_type at using(attribute_type_id) left join sun_goods_attribute_option gao using(goods_attribute_id) left join sun_attribute_option ao using(attribute_option_id)  WHERE `goods_id` = '3' GROUP BY ga.attribute_id  [ RunTime:0.0004s ]

[ 2017-02-02T21:16:44+08:00 ] 127.0.0.1 /cartInfo.html
INFO: [ app_begin ] --START--
INFO: Run Behavior\ReadHtmlCacheBehavior [ RunTime:0.000919s ]
INFO: [ app_begin ] --END-- [ RunTime:0.001854s ]
SQL: SELECT `goods_id`,`image_thumb`,`price`,`name` FROM `sun_goods` WHERE `goods_id` IN ('3')  [ RunTime:0.0003s ]
SQL: SELECT g.goods_id,g.image_thumb,g.price,g.name,p.product_id,p.product_price,pd.value price_drift,group_concat(a.attribute_title,":",ao.option_value) `option` FROM sun_goods g left join sun_product p using(goods_id) left join sun_price_drift pd using(price_drift_id) left join sun_product_goods_attribute_option pgao using(product_id) left join sun_goods_attribute_option gao using(goods_attribute_option_id) left join sun_attribute_option ao using(attribute_option_id) left join sun_attribute a using(attribute_id)  WHERE p.product_id IN ('5','6') GROUP BY p.product_id  [ RunTime:0.0004s ]

[ 2017-02-02T21:16:44+08:00 ] 127.0.0.1 /category/nestedList.html
INFO: [ app_begin ] --START--
INFO: Run Behavior\ReadHtmlCacheBehavior [ RunTime:0.000911s ]
INFO: [ app_begin ] --END-- [ RunTime:0.001876s ]
SQL: SELECT * FROM `sun_category` WHERE `category_id` <> '1' AND `is_used` = 1 AND `is_nav` = 1 ORDER BY sort_number  [ RunTime:0.0005s ]

[ 2017-02-02T21:16:44+08:00 ] 127.0.0.1 /breadcrumb.html?goods_id=3
INFO: [ app_begin ] --START--
INFO: Run Behavior\ReadHtmlCacheBehavior [ RunTime:0.001240s ]
INFO: [ app_begin ] --END-- [ RunTime:0.001979s ]
SQL: SELECT `category_id` FROM `sun_goods` WHERE `goods_id` = 3 LIMIT 1   [ RunTime:0.0002s ]
SQL: SELECT * FROM `sun_category` WHERE `category_id` = 40 LIMIT 1   [ RunTime:0.0003s ]

[ 2017-02-02T21:16:44+08:00 ] 127.0.0.1 /goods/show.html?goods_id=3
INFO: [ app_begin ] --START--
INFO: Run Behavior\ReadHtmlCacheBehavior [ RunTime:0.000997s ]
INFO: [ app_begin ] --END-- [ RunTime:0.002208s ]
SQL: SELECT g.*,ss.title stock_status_title FROM sun_goods g left join sun_stock_status ss using(stock_status_id)  WHERE `status` = '1' AND `deleted` = '0' AND `goods_id` = '3' LIMIT 1   [ RunTime:0.0004s ]
SQL: SELECT * FROM `sun_gallery` WHERE ( 1=1 AND goods_id='3' )  [ RunTime:0.0003s ]
SQL: SELECT p.product_id,p.promoted,pd.value price_drift,`product_price`,`product_quantity`,group_concat(a.attribute_title,':',ao.option_value) as `option` FROM sun_product p left join sun_product_goods_attribute_option pgao using(product_id) left join sun_goods_attribute_option gao using(goods_attribute_option_id) left join sun_attribute_option ao using(attribute_option_id) left join sun_attribute a using(attribute_id) left join sun_price_drift pd using(price_drift_id)  WHERE `goods_id` = '3' AND `enabled` = 1 GROUP BY p.product_id  [ RunTime:0.0004s ]
SQL: SELECT a.attribute_title,at.attribute_type_title,ga.value,group_concat(ao.option_value) valuelist FROM sun_goods_attribute ga left join sun_attribute a using(attribute_id) left join sun_attribute_type at using(attribute_type_id) left join sun_goods_attribute_option gao using(goods_attribute_id) left join sun_attribute_option ao using(attribute_option_id)  WHERE `goods_id` = '3' GROUP BY ga.attribute_id  [ RunTime:0.0003s ]

[ 2017-02-02T21:16:45+08:00 ] 127.0.0.1 /cartInfo.html
INFO: [ app_begin ] --START--
INFO: Run Behavior\ReadHtmlCacheBehavior [ RunTime:0.000930s ]
INFO: [ app_begin ] --END-- [ RunTime:0.001771s ]
SQL: SELECT `goods_id`,`image_thumb`,`price`,`name` FROM `sun_goods` WHERE `goods_id` IN ('3')  [ RunTime:0.0002s ]
SQL: SELECT g.goods_id,g.image_thumb,g.price,g.name,p.product_id,p.product_price,pd.value price_drift,group_concat(a.attribute_title,":",ao.option_value) `option` FROM sun_goods g left join sun_product p using(goods_id) left join sun_price_drift pd using(price_drift_id) left join sun_product_goods_attribute_option pgao using(product_id) left join sun_goods_attribute_option gao using(goods_attribute_option_id) left join sun_attribute_option ao using(attribute_option_id) left join sun_attribute a using(attribute_id)  WHERE p.product_id IN ('5','6') GROUP BY p.product_id  [ RunTime:0.0004s ]

[ 2017-02-02T21:16:45+08:00 ] 127.0.0.1 /category/nestedList.html
INFO: [ app_begin ] --START--
INFO: Run Behavior\ReadHtmlCacheBehavior [ RunTime:0.000927s ]
INFO: [ app_begin ] --END-- [ RunTime:0.001778s ]
SQL: SELECT * FROM `sun_category` WHERE `category_id` <> '1' AND `is_used` = 1 AND `is_nav` = 1 ORDER BY sort_number  [ RunTime:0.0004s ]

[ 2017-02-02T21:16:45+08:00 ] 127.0.0.1 /breadcrumb.html?goods_id=3
INFO: [ app_begin ] --START--
INFO: Run Behavior\ReadHtmlCacheBehavior [ RunTime:0.000896s ]
INFO: [ app_begin ] --END-- [ RunTime:0.001858s ]
SQL: SELECT `category_id` FROM `sun_goods` WHERE `goods_id` = 3 LIMIT 1   [ RunTime:0.0002s ]
SQL: SELECT * FROM `sun_category` WHERE `category_id` = 40 LIMIT 1   [ RunTime:0.0003s ]

[ 2017-02-02T21:16:45+08:00 ] 127.0.0.1 /goods/show.html?goods_id=3
INFO: [ app_begin ] --START--
INFO: Run Behavior\ReadHtmlCacheBehavior [ RunTime:0.004229s ]
INFO: [ app_begin ] --END-- [ RunTime:0.006446s ]
SQL: SELECT g.*,ss.title stock_status_title FROM sun_goods g left join sun_stock_status ss using(stock_status_id)  WHERE `status` = '1' AND `deleted` = '0' AND `goods_id` = '3' LIMIT 1   [ RunTime:0.0005s ]
SQL: SELECT * FROM `sun_gallery` WHERE ( 1=1 AND goods_id='3' )  [ RunTime:0.0003s ]
SQL: SELECT p.product_id,p.promoted,pd.value price_drift,`product_price`,`product_quantity`,group_concat(a.attribute_title,':',ao.option_value) as `option` FROM sun_product p left join sun_product_goods_attribute_option pgao using(product_id) left join sun_goods_attribute_option gao using(goods_attribute_option_id) left join sun_attribute_option ao using(attribute_option_id) left join sun_attribute a using(attribute_id) left join sun_price_drift pd using(price_drift_id)  WHERE `goods_id` = '3' AND `enabled` = 1 GROUP BY p.product_id  [ RunTime:0.0003s ]
SQL: SELECT a.attribute_title,at.attribute_type_title,ga.value,group_concat(ao.option_value) valuelist FROM sun_goods_attribute ga left join sun_attribute a using(attribute_id) left join sun_attribute_type at using(attribute_type_id) left join sun_goods_attribute_option gao using(goods_attribute_id) left join sun_attribute_option ao using(attribute_option_id)  WHERE `goods_id` = '3' GROUP BY ga.attribute_id  [ RunTime:0.0003s ]

