[ 2017-01-22T00:43:44+08:00 ] 127.0.0.1 /cartInfo.html
INFO: [ app_begin ] --START--
INFO: Run Behavior\ReadHtmlCacheBehavior [ RunTime:0.000898s ]
INFO: [ app_begin ] --END-- [ RunTime:0.001647s ]
SQL: SELECT `warelist` FROM `sun_cart` WHERE `member_id` = 1 LIMIT 1   [ RunTime:0.0002s ]
SQL: SELECT `goods_id`,`image_thumb`,`price`,`name` FROM `sun_goods` WHERE `goods_id` IN ('3')  [ RunTime:0.0002s ]
SQL: SELECT g.goods_id,g.image_thumb,g.price,g.name,p.product_id,p.product_price,pd.value price_drift,group_concat(a.attribute_title,":",ao.option_value) `option` FROM sun_goods g left join sun_product p using(goods_id) left join sun_price_drift pd using(price_drift_id) left join sun_product_goods_attribute_option pgao using(product_id) left join sun_goods_attribute_option gao using(goods_attribute_option_id) left join sun_attribute_option ao using(attribute_option_id) left join sun_attribute a using(attribute_id)  WHERE p.product_id IN ('5','6') GROUP BY p.product_id  [ RunTime:0.0002s ]

[ 2017-01-22T00:43:44+08:00 ] 127.0.0.1 /addressList.html
INFO: [ app_begin ] --START--
INFO: Run Behavior\ReadHtmlCacheBehavior [ RunTime:0.001245s ]
INFO: [ app_begin ] --END-- [ RunTime:0.002594s ]
SQL: SELECT * FROM `sun_address` WHERE `member_id` = 1  [ RunTime:0.0003s ]

[ 2017-01-22T00:43:44+08:00 ] 127.0.0.1 /childRegion.html?parent_id=1
INFO: [ app_begin ] --START--
INFO: Run Behavior\ReadHtmlCacheBehavior [ RunTime:0.000957s ]
INFO: [ app_begin ] --END-- [ RunTime:0.001831s ]
SQL: SELECT * FROM `sun_region` WHERE `parent_id` = 1  [ RunTime:0.0004s ]

[ 2017-01-22T00:43:44+08:00 ] 127.0.0.1 /category/nestedList.html
INFO: [ app_begin ] --START--
INFO: Run Behavior\ReadHtmlCacheBehavior [ RunTime:0.000866s ]
INFO: [ app_begin ] --END-- [ RunTime:0.001629s ]
SQL: SELECT * FROM `sun_category` WHERE `category_id` <> '1' AND `is_used` = 1 AND `is_nav` = 1 ORDER BY sort_number  [ RunTime:0.0005s ]

[ 2017-01-22T00:43:44+08:00 ] 127.0.0.1 /cartInfo.html
INFO: [ app_begin ] --START--
INFO: Run Behavior\ReadHtmlCacheBehavior [ RunTime:0.001202s ]
INFO: [ app_begin ] --END-- [ RunTime:0.001781s ]
SQL: SELECT `warelist` FROM `sun_cart` WHERE `member_id` = 1 LIMIT 1   [ RunTime:0.0002s ]
SQL: SELECT `goods_id`,`image_thumb`,`price`,`name` FROM `sun_goods` WHERE `goods_id` IN ('3')  [ RunTime:0.0003s ]
SQL: SELECT g.goods_id,g.image_thumb,g.price,g.name,p.product_id,p.product_price,pd.value price_drift,group_concat(a.attribute_title,":",ao.option_value) `option` FROM sun_goods g left join sun_product p using(goods_id) left join sun_price_drift pd using(price_drift_id) left join sun_product_goods_attribute_option pgao using(product_id) left join sun_goods_attribute_option gao using(goods_attribute_option_id) left join sun_attribute_option ao using(attribute_option_id) left join sun_attribute a using(attribute_id)  WHERE p.product_id IN ('5','6') GROUP BY p.product_id  [ RunTime:0.0002s ]

[ 2017-01-22T00:43:44+08:00 ] 127.0.0.1 /shippingList.html
INFO: [ app_begin ] --START--
INFO: Run Behavior\ReadHtmlCacheBehavior [ RunTime:0.001879s ]
INFO: [ app_begin ] --END-- [ RunTime:0.003045s ]
SQL: SELECT * FROM `sun_shipping` WHERE `enabled` = 1  [ RunTime:0.0003s ]

[ 2017-01-22T00:43:49+08:00 ] 127.0.0.1 /order.html
INFO: [ app_begin ] --START--
INFO: Run Behavior\ReadHtmlCacheBehavior [ RunTime:0.000631s ]
INFO: [ app_begin ] --END-- [ RunTime:0.001202s ]
SQL: SELECT `warelist` FROM `sun_cart` WHERE `member_id` = 1 LIMIT 1   [ RunTime:0.0002s ]
SQL: SELECT `goods_id`,`image_thumb`,`price`,`name` FROM `sun_goods` WHERE `goods_id` IN ('3')  [ RunTime:0.0003s ]
SQL: SELECT g.goods_id,g.image_thumb,g.price,g.name,p.product_id,p.product_price,pd.value price_drift,group_concat(a.attribute_title,":",ao.option_value) `option` FROM sun_goods g left join sun_product p using(goods_id) left join sun_price_drift pd using(price_drift_id) left join sun_product_goods_attribute_option pgao using(product_id) left join sun_goods_attribute_option gao using(goods_attribute_option_id) left join sun_attribute_option ao using(attribute_option_id) left join sun_attribute a using(attribute_id)  WHERE p.product_id IN ('5','6') GROUP BY p.product_id  [ RunTime:0.0002s ]
ERR: Redis server went away

[ 2017-01-22T00:45:40+08:00 ] 127.0.0.1 /addressList.html
INFO: [ app_begin ] --START--
INFO: Run Behavior\ReadHtmlCacheBehavior [ RunTime:0.000855s ]
INFO: [ app_begin ] --END-- [ RunTime:0.001602s ]
SQL: SELECT * FROM `sun_address` WHERE `member_id` = 1  [ RunTime:0.0004s ]

[ 2017-01-22T00:45:40+08:00 ] 127.0.0.1 /cartInfo.html
INFO: [ app_begin ] --START--
INFO: Run Behavior\ReadHtmlCacheBehavior [ RunTime:0.000932s ]
INFO: [ app_begin ] --END-- [ RunTime:0.001800s ]
SQL: SELECT `warelist` FROM `sun_cart` WHERE `member_id` = 1 LIMIT 1   [ RunTime:0.0003s ]
SQL: SELECT `goods_id`,`image_thumb`,`price`,`name` FROM `sun_goods` WHERE `goods_id` IN ('3')  [ RunTime:0.0003s ]
SQL: SELECT g.goods_id,g.image_thumb,g.price,g.name,p.product_id,p.product_price,pd.value price_drift,group_concat(a.attribute_title,":",ao.option_value) `option` FROM sun_goods g left join sun_product p using(goods_id) left join sun_price_drift pd using(price_drift_id) left join sun_product_goods_attribute_option pgao using(product_id) left join sun_goods_attribute_option gao using(goods_attribute_option_id) left join sun_attribute_option ao using(attribute_option_id) left join sun_attribute a using(attribute_id)  WHERE p.product_id IN ('5','6') GROUP BY p.product_id  [ RunTime:0.0005s ]

[ 2017-01-22T00:45:40+08:00 ] 127.0.0.1 /category/nestedList.html
INFO: [ app_begin ] --START--
INFO: Run Behavior\ReadHtmlCacheBehavior [ RunTime:0.001274s ]
INFO: [ app_begin ] --END-- [ RunTime:0.002249s ]
SQL: SELECT * FROM `sun_category` WHERE `category_id` <> '1' AND `is_used` = 1 AND `is_nav` = 1 ORDER BY sort_number  [ RunTime:0.0004s ]

[ 2017-01-22T00:45:40+08:00 ] 127.0.0.1 /childRegion.html?parent_id=1
INFO: [ app_begin ] --START--
INFO: Run Behavior\ReadHtmlCacheBehavior [ RunTime:0.001095s ]
INFO: [ app_begin ] --END-- [ RunTime:0.001730s ]
SQL: SELECT * FROM `sun_region` WHERE `parent_id` = 1  [ RunTime:0.0004s ]

[ 2017-01-22T00:45:40+08:00 ] 127.0.0.1 /cartInfo.html
INFO: [ app_begin ] --START--
INFO: Run Behavior\ReadHtmlCacheBehavior [ RunTime:0.001220s ]
INFO: [ app_begin ] --END-- [ RunTime:0.002292s ]
SQL: SELECT `warelist` FROM `sun_cart` WHERE `member_id` = 1 LIMIT 1   [ RunTime:0.0002s ]
SQL: SELECT `goods_id`,`image_thumb`,`price`,`name` FROM `sun_goods` WHERE `goods_id` IN ('3')  [ RunTime:0.0002s ]
SQL: SELECT g.goods_id,g.image_thumb,g.price,g.name,p.product_id,p.product_price,pd.value price_drift,group_concat(a.attribute_title,":",ao.option_value) `option` FROM sun_goods g left join sun_product p using(goods_id) left join sun_price_drift pd using(price_drift_id) left join sun_product_goods_attribute_option pgao using(product_id) left join sun_goods_attribute_option gao using(goods_attribute_option_id) left join sun_attribute_option ao using(attribute_option_id) left join sun_attribute a using(attribute_id)  WHERE p.product_id IN ('5','6') GROUP BY p.product_id  [ RunTime:0.0002s ]

[ 2017-01-22T00:45:40+08:00 ] 127.0.0.1 /shippingList.html
INFO: [ app_begin ] --START--
INFO: Run Behavior\ReadHtmlCacheBehavior [ RunTime:0.001893s ]
INFO: [ app_begin ] --END-- [ RunTime:0.002991s ]
SQL: SELECT * FROM `sun_shipping` WHERE `enabled` = 1  [ RunTime:0.0003s ]

[ 2017-01-22T00:45:49+08:00 ] 127.0.0.1 /order.html
INFO: [ app_begin ] --START--
INFO: Run Behavior\ReadHtmlCacheBehavior [ RunTime:0.000889s ]
INFO: [ app_begin ] --END-- [ RunTime:0.001485s ]
SQL: SELECT `warelist` FROM `sun_cart` WHERE `member_id` = 1 LIMIT 1   [ RunTime:0.0003s ]
SQL: SELECT `goods_id`,`image_thumb`,`price`,`name` FROM `sun_goods` WHERE `goods_id` IN ('3')  [ RunTime:0.0004s ]
SQL: SELECT g.goods_id,g.image_thumb,g.price,g.name,p.product_id,p.product_price,pd.value price_drift,group_concat(a.attribute_title,":",ao.option_value) `option` FROM sun_goods g left join sun_product p using(goods_id) left join sun_price_drift pd using(price_drift_id) left join sun_product_goods_attribute_option pgao using(product_id) left join sun_goods_attribute_option gao using(goods_attribute_option_id) left join sun_attribute_option ao using(attribute_option_id) left join sun_attribute a using(attribute_id)  WHERE p.product_id IN ('5','6') GROUP BY p.product_id  [ RunTime:0.0002s ]
ERR: Redis server went away

[ 2017-01-22T00:58:55+08:00 ] 127.0.0.1 /cartInfo.html
INFO: [ app_begin ] --START--
INFO: Run Behavior\ReadHtmlCacheBehavior [ RunTime:0.001202s ]
INFO: [ app_begin ] --END-- [ RunTime:0.004698s ]
SQL: SELECT `warelist` FROM `sun_cart` WHERE `member_id` = 1 LIMIT 1   [ RunTime:0.0002s ]
SQL: SELECT `goods_id`,`image_thumb`,`price`,`name` FROM `sun_goods` WHERE `goods_id` IN ('3')  [ RunTime:0.0003s ]
SQL: SELECT g.goods_id,g.image_thumb,g.price,g.name,p.product_id,p.product_price,pd.value price_drift,group_concat(a.attribute_title,":",ao.option_value) `option` FROM sun_goods g left join sun_product p using(goods_id) left join sun_price_drift pd using(price_drift_id) left join sun_product_goods_attribute_option pgao using(product_id) left join sun_goods_attribute_option gao using(goods_attribute_option_id) left join sun_attribute_option ao using(attribute_option_id) left join sun_attribute a using(attribute_id)  WHERE p.product_id IN ('5','6') GROUP BY p.product_id  [ RunTime:0.0002s ]

[ 2017-01-22T00:58:55+08:00 ] 127.0.0.1 /category/nestedList.html
INFO: [ app_begin ] --START--
INFO: Run Behavior\ReadHtmlCacheBehavior [ RunTime:0.001627s ]
INFO: [ app_begin ] --END-- [ RunTime:0.002755s ]
SQL: SELECT * FROM `sun_category` WHERE `category_id` <> '1' AND `is_used` = 1 AND `is_nav` = 1 ORDER BY sort_number  [ RunTime:0.0005s ]

[ 2017-01-22T00:58:55+08:00 ] 127.0.0.1 /childRegion.html?parent_id=1
INFO: [ app_begin ] --START--
INFO: Run Behavior\ReadHtmlCacheBehavior [ RunTime:0.001400s ]
INFO: [ app_begin ] --END-- [ RunTime:0.003516s ]
SQL: SELECT * FROM `sun_region` WHERE `parent_id` = 1  [ RunTime:0.0003s ]

[ 2017-01-22T00:58:55+08:00 ] 127.0.0.1 /addressList.html
INFO: [ app_begin ] --START--
INFO: Run Behavior\ReadHtmlCacheBehavior [ RunTime:0.000930s ]
INFO: [ app_begin ] --END-- [ RunTime:0.001634s ]
SQL: SELECT * FROM `sun_address` WHERE `member_id` = 1  [ RunTime:0.0003s ]

[ 2017-01-22T00:58:55+08:00 ] 127.0.0.1 /cartInfo.html
INFO: [ app_begin ] --START--
INFO: Run Behavior\ReadHtmlCacheBehavior [ RunTime:0.001872s ]
INFO: [ app_begin ] --END-- [ RunTime:0.003254s ]
SQL: SELECT `warelist` FROM `sun_cart` WHERE `member_id` = 1 LIMIT 1   [ RunTime:0.0001s ]
SQL: SELECT `goods_id`,`image_thumb`,`price`,`name` FROM `sun_goods` WHERE `goods_id` IN ('3')  [ RunTime:0.0002s ]
SQL: SELECT g.goods_id,g.image_thumb,g.price,g.name,p.product_id,p.product_price,pd.value price_drift,group_concat(a.attribute_title,":",ao.option_value) `option` FROM sun_goods g left join sun_product p using(goods_id) left join sun_price_drift pd using(price_drift_id) left join sun_product_goods_attribute_option pgao using(product_id) left join sun_goods_attribute_option gao using(goods_attribute_option_id) left join sun_attribute_option ao using(attribute_option_id) left join sun_attribute a using(attribute_id)  WHERE p.product_id IN ('5','6') GROUP BY p.product_id  [ RunTime:0.0001s ]

[ 2017-01-22T00:58:55+08:00 ] 127.0.0.1 /shippingList.html
INFO: [ app_begin ] --START--
INFO: Run Behavior\ReadHtmlCacheBehavior [ RunTime:0.001112s ]
INFO: [ app_begin ] --END-- [ RunTime:0.001986s ]
SQL: SELECT * FROM `sun_shipping` WHERE `enabled` = 1  [ RunTime:0.0002s ]

[ 2017-01-22T00:58:58+08:00 ] 127.0.0.1 /order.html
INFO: [ app_begin ] --START--
INFO: Run Behavior\ReadHtmlCacheBehavior [ RunTime:0.000600s ]
INFO: [ app_begin ] --END-- [ RunTime:0.001193s ]
SQL: SELECT `warelist` FROM `sun_cart` WHERE `member_id` = 1 LIMIT 1   [ RunTime:0.0004s ]
SQL: SELECT `goods_id`,`image_thumb`,`price`,`name` FROM `sun_goods` WHERE `goods_id` IN ('3')  [ RunTime:0.0004s ]
SQL: SELECT g.goods_id,g.image_thumb,g.price,g.name,p.product_id,p.product_price,pd.value price_drift,group_concat(a.attribute_title,":",ao.option_value) `option` FROM sun_goods g left join sun_product p using(goods_id) left join sun_price_drift pd using(price_drift_id) left join sun_product_goods_attribute_option pgao using(product_id) left join sun_goods_attribute_option gao using(goods_attribute_option_id) left join sun_attribute_option ao using(attribute_option_id) left join sun_attribute a using(attribute_id)  WHERE p.product_id IN ('5','6') GROUP BY p.product_id  [ RunTime:0.0004s ]
ERR: Redis server went away

[ 2017-01-22T01:06:57+08:00 ] 127.0.0.1 /cartInfo.html
INFO: [ app_begin ] --START--
INFO: Run Behavior\ReadHtmlCacheBehavior [ RunTime:0.001047s ]
INFO: [ app_begin ] --END-- [ RunTime:0.001874s ]
SQL: SELECT `warelist` FROM `sun_cart` WHERE `member_id` = 1 LIMIT 1   [ RunTime:0.0002s ]
SQL: SELECT `goods_id`,`image_thumb`,`price`,`name` FROM `sun_goods` WHERE `goods_id` IN ('3')  [ RunTime:0.0003s ]
SQL: SELECT g.goods_id,g.image_thumb,g.price,g.name,p.product_id,p.product_price,pd.value price_drift,group_concat(a.attribute_title,":",ao.option_value) `option` FROM sun_goods g left join sun_product p using(goods_id) left join sun_price_drift pd using(price_drift_id) left join sun_product_goods_attribute_option pgao using(product_id) left join sun_goods_attribute_option gao using(goods_attribute_option_id) left join sun_attribute_option ao using(attribute_option_id) left join sun_attribute a using(attribute_id)  WHERE p.product_id IN ('5','6') GROUP BY p.product_id  [ RunTime:0.0003s ]

[ 2017-01-22T01:06:57+08:00 ] 127.0.0.1 /addressList.html
INFO: [ app_begin ] --START--
INFO: Run Behavior\ReadHtmlCacheBehavior [ RunTime:0.001290s ]
INFO: [ app_begin ] --END-- [ RunTime:0.002344s ]
SQL: SELECT * FROM `sun_address` WHERE `member_id` = 1  [ RunTime:0.0004s ]

[ 2017-01-22T01:06:57+08:00 ] 127.0.0.1 /childRegion.html?parent_id=1
INFO: [ app_begin ] --START--
INFO: Run Behavior\ReadHtmlCacheBehavior [ RunTime:0.001205s ]
INFO: [ app_begin ] --END-- [ RunTime:0.002058s ]
SQL: SELECT * FROM `sun_region` WHERE `parent_id` = 1  [ RunTime:0.0004s ]

[ 2017-01-22T01:06:57+08:00 ] 127.0.0.1 /category/nestedList.html
INFO: [ app_begin ] --START--
INFO: Run Behavior\ReadHtmlCacheBehavior [ RunTime:0.001269s ]
INFO: [ app_begin ] --END-- [ RunTime:0.002145s ]
SQL: SELECT * FROM `sun_category` WHERE `category_id` <> '1' AND `is_used` = 1 AND `is_nav` = 1 ORDER BY sort_number  [ RunTime:0.0004s ]

[ 2017-01-22T01:06:57+08:00 ] 127.0.0.1 /shippingList.html
INFO: [ app_begin ] --START--
INFO: Run Behavior\ReadHtmlCacheBehavior [ RunTime:0.001484s ]
INFO: [ app_begin ] --END-- [ RunTime:0.002366s ]
SQL: SELECT * FROM `sun_shipping` WHERE `enabled` = 1  [ RunTime:0.0002s ]

[ 2017-01-22T01:06:57+08:00 ] 127.0.0.1 /cartInfo.html
INFO: [ app_begin ] --START--
INFO: Run Behavior\ReadHtmlCacheBehavior [ RunTime:0.001520s ]
INFO: [ app_begin ] --END-- [ RunTime:0.003112s ]
SQL: SELECT `warelist` FROM `sun_cart` WHERE `member_id` = 1 LIMIT 1   [ RunTime:0.0002s ]
SQL: SELECT `goods_id`,`image_thumb`,`price`,`name` FROM `sun_goods` WHERE `goods_id` IN ('3')  [ RunTime:0.0003s ]
SQL: SELECT g.goods_id,g.image_thumb,g.price,g.name,p.product_id,p.product_price,pd.value price_drift,group_concat(a.attribute_title,":",ao.option_value) `option` FROM sun_goods g left join sun_product p using(goods_id) left join sun_price_drift pd using(price_drift_id) left join sun_product_goods_attribute_option pgao using(product_id) left join sun_goods_attribute_option gao using(goods_attribute_option_id) left join sun_attribute_option ao using(attribute_option_id) left join sun_attribute a using(attribute_id)  WHERE p.product_id IN ('5','6') GROUP BY p.product_id  [ RunTime:0.0003s ]

[ 2017-01-22T01:07:06+08:00 ] 127.0.0.1 /order.html
INFO: [ app_begin ] --START--
INFO: Run Behavior\ReadHtmlCacheBehavior [ RunTime:0.000709s ]
INFO: [ app_begin ] --END-- [ RunTime:0.001374s ]
SQL: SELECT `warelist` FROM `sun_cart` WHERE `member_id` = 1 LIMIT 1   [ RunTime:0.0003s ]
SQL: SELECT `goods_id`,`image_thumb`,`price`,`name` FROM `sun_goods` WHERE `goods_id` IN ('3')  [ RunTime:0.0004s ]
SQL: SELECT g.goods_id,g.image_thumb,g.price,g.name,p.product_id,p.product_price,pd.value price_drift,group_concat(a.attribute_title,":",ao.option_value) `option` FROM sun_goods g left join sun_product p using(goods_id) left join sun_price_drift pd using(price_drift_id) left join sun_product_goods_attribute_option pgao using(product_id) left join sun_goods_attribute_option gao using(goods_attribute_option_id) left join sun_attribute_option ao using(attribute_option_id) left join sun_attribute a using(attribute_id)  WHERE p.product_id IN ('5','6') GROUP BY p.product_id  [ RunTime:0.0004s ]

[ 2017-01-22T01:07:06+08:00 ] 127.0.0.1 /cartInfo.html
INFO: [ app_begin ] --START--
INFO: Run Behavior\ReadHtmlCacheBehavior [ RunTime:0.000925s ]
INFO: [ app_begin ] --END-- [ RunTime:0.001837s ]
SQL: SELECT `warelist` FROM `sun_cart` WHERE `member_id` = 1 LIMIT 1   [ RunTime:0.0001s ]
SQL: SELECT `goods_id`,`image_thumb`,`price`,`name` FROM `sun_goods` WHERE `goods_id` IN ('3')  [ RunTime:0.0001s ]
SQL: SELECT g.goods_id,g.image_thumb,g.price,g.name,p.product_id,p.product_price,pd.value price_drift,group_concat(a.attribute_title,":",ao.option_value) `option` FROM sun_goods g left join sun_product p using(goods_id) left join sun_price_drift pd using(price_drift_id) left join sun_product_goods_attribute_option pgao using(product_id) left join sun_goods_attribute_option gao using(goods_attribute_option_id) left join sun_attribute_option ao using(attribute_option_id) left join sun_attribute a using(attribute_id)  WHERE p.product_id IN ('5','6') GROUP BY p.product_id  [ RunTime:0.0001s ]

[ 2017-01-22T01:07:06+08:00 ] 127.0.0.1 /category/nestedList.html
INFO: [ app_begin ] --START--
INFO: Run Behavior\ReadHtmlCacheBehavior [ RunTime:0.001245s ]
INFO: [ app_begin ] --END-- [ RunTime:0.001812s ]
SQL: SELECT * FROM `sun_category` WHERE `category_id` <> '1' AND `is_used` = 1 AND `is_nav` = 1 ORDER BY sort_number  [ RunTime:0.0006s ]

[ 2017-01-22T01:07:37+08:00 ] 127.0.0.1 /orderState.html
INFO: [ app_begin ] --START--
INFO: Run Behavior\ReadHtmlCacheBehavior [ RunTime:0.000707s ]
INFO: [ app_begin ] --END-- [ RunTime:0.001324s ]

[ 2017-01-22T01:07:38+08:00 ] 127.0.0.1 /orderState.html
INFO: [ app_begin ] --START--
INFO: Run Behavior\ReadHtmlCacheBehavior [ RunTime:0.000717s ]
INFO: [ app_begin ] --END-- [ RunTime:0.001376s ]

[ 2017-01-22T01:07:39+08:00 ] 127.0.0.1 /orderState.html
INFO: [ app_begin ] --START--
INFO: Run Behavior\ReadHtmlCacheBehavior [ RunTime:0.000951s ]
INFO: [ app_begin ] --END-- [ RunTime:0.001723s ]

[ 2017-01-22T01:07:40+08:00 ] 127.0.0.1 /orderState.html
INFO: [ app_begin ] --START--
INFO: Run Behavior\ReadHtmlCacheBehavior [ RunTime:0.004722s ]
INFO: [ app_begin ] --END-- [ RunTime:0.006256s ]

[ 2017-01-22T01:07:41+08:00 ] 127.0.0.1 /orderState.html
INFO: [ app_begin ] --START--
INFO: Run Behavior\ReadHtmlCacheBehavior [ RunTime:0.000899s ]
INFO: [ app_begin ] --END-- [ RunTime:0.001865s ]

[ 2017-01-22T01:07:42+08:00 ] 127.0.0.1 /orderState.html
INFO: [ app_begin ] --START--
INFO: Run Behavior\ReadHtmlCacheBehavior [ RunTime:0.001376s ]
INFO: [ app_begin ] --END-- [ RunTime:0.003754s ]

[ 2017-01-22T01:07:49+08:00 ] 127.0.0.1 /orderState.html
INFO: [ app_begin ] --START--
INFO: Run Behavior\ReadHtmlCacheBehavior [ RunTime:0.007008s ]
INFO: [ app_begin ] --END-- [ RunTime:0.007849s ]

[ 2017-01-22T01:07:50+08:00 ] 127.0.0.1 /orderState.html
INFO: [ app_begin ] --START--
INFO: Run Behavior\ReadHtmlCacheBehavior [ RunTime:0.001121s ]
INFO: [ app_begin ] --END-- [ RunTime:0.001761s ]

[ 2017-01-22T01:07:51+08:00 ] 127.0.0.1 /orderState.html
INFO: [ app_begin ] --START--
INFO: Run Behavior\ReadHtmlCacheBehavior [ RunTime:0.002023s ]
INFO: [ app_begin ] --END-- [ RunTime:0.002972s ]

[ 2017-01-22T01:07:52+08:00 ] 127.0.0.1 /orderState.html
INFO: [ app_begin ] --START--
INFO: Run Behavior\ReadHtmlCacheBehavior [ RunTime:0.000954s ]
INFO: [ app_begin ] --END-- [ RunTime:0.001958s ]

[ 2017-01-22T01:07:53+08:00 ] 127.0.0.1 /orderState.html
INFO: [ app_begin ] --START--
INFO: Run Behavior\ReadHtmlCacheBehavior [ RunTime:0.000933s ]
INFO: [ app_begin ] --END-- [ RunTime:0.001688s ]

[ 2017-01-22T01:08:03+08:00 ] 127.0.0.1 /orderState.html
INFO: [ app_begin ] --START--
INFO: Run Behavior\ReadHtmlCacheBehavior [ RunTime:0.003047s ]
INFO: [ app_begin ] --END-- [ RunTime:0.004232s ]

[ 2017-01-22T01:08:03+08:00 ] 127.0.0.1 /orderState.html
INFO: [ app_begin ] --START--
INFO: Run Behavior\ReadHtmlCacheBehavior [ RunTime:0.001610s ]
INFO: [ app_begin ] --END-- [ RunTime:0.002610s ]

[ 2017-01-22T01:08:03+08:00 ] 127.0.0.1 /orderState.html
INFO: [ app_begin ] --START--
INFO: Run Behavior\ReadHtmlCacheBehavior [ RunTime:0.001600s ]
INFO: [ app_begin ] --END-- [ RunTime:0.003222s ]

[ 2017-01-22T01:08:04+08:00 ] 127.0.0.1 /orderState.html
INFO: [ app_begin ] --START--
INFO: Run Behavior\ReadHtmlCacheBehavior [ RunTime:0.002021s ]
INFO: [ app_begin ] --END-- [ RunTime:0.003062s ]

[ 2017-01-22T01:08:05+08:00 ] 127.0.0.1 /orderState.html
INFO: [ app_begin ] --START--
INFO: Run Behavior\ReadHtmlCacheBehavior [ RunTime:0.001380s ]
INFO: [ app_begin ] --END-- [ RunTime:0.003387s ]

[ 2017-01-22T01:08:06+08:00 ] 127.0.0.1 /orderState.html
INFO: [ app_begin ] --START--
INFO: Run Behavior\ReadHtmlCacheBehavior [ RunTime:0.003225s ]
INFO: [ app_begin ] --END-- [ RunTime:0.006440s ]

[ 2017-01-22T01:08:07+08:00 ] 127.0.0.1 /orderState.html
INFO: [ app_begin ] --START--
INFO: Run Behavior\ReadHtmlCacheBehavior [ RunTime:0.001499s ]
INFO: [ app_begin ] --END-- [ RunTime:0.002781s ]

[ 2017-01-22T01:08:10+08:00 ] 127.0.0.1 /orderState.html
INFO: [ app_begin ] --START--
INFO: Run Behavior\ReadHtmlCacheBehavior [ RunTime:0.000684s ]
INFO: [ app_begin ] --END-- [ RunTime:0.001431s ]

[ 2017-01-22T01:08:11+08:00 ] 127.0.0.1 /orderState.html
INFO: [ app_begin ] --START--
INFO: Run Behavior\ReadHtmlCacheBehavior [ RunTime:0.011026s ]
INFO: [ app_begin ] --END-- [ RunTime:0.012235s ]

[ 2017-01-22T01:08:12+08:00 ] 127.0.0.1 /orderState.html
INFO: [ app_begin ] --START--
INFO: Run Behavior\ReadHtmlCacheBehavior [ RunTime:0.000767s ]
INFO: [ app_begin ] --END-- [ RunTime:0.001428s ]

[ 2017-01-22T01:08:13+08:00 ] 127.0.0.1 /orderState.html
INFO: [ app_begin ] --START--
INFO: Run Behavior\ReadHtmlCacheBehavior [ RunTime:0.001720s ]
INFO: [ app_begin ] --END-- [ RunTime:0.002596s ]

[ 2017-01-22T01:08:13+08:00 ] 127.0.0.1 /category/nestedList.html
INFO: [ app_begin ] --START--
INFO: Run Behavior\ReadHtmlCacheBehavior [ RunTime:0.001052s ]
INFO: [ app_begin ] --END-- [ RunTime:0.002059s ]
SQL: SELECT * FROM `sun_category` WHERE `category_id` <> '1' AND `is_used` = 1 AND `is_nav` = 1 ORDER BY sort_number  [ RunTime:0.0004s ]

[ 2017-01-22T01:08:13+08:00 ] 127.0.0.1 /addressList.html
INFO: [ app_begin ] --START--
INFO: Run Behavior\ReadHtmlCacheBehavior [ RunTime:0.001759s ]
INFO: [ app_begin ] --END-- [ RunTime:0.003095s ]
SQL: SELECT * FROM `sun_address` WHERE `member_id` = 1  [ RunTime:0.0002s ]

[ 2017-01-22T01:08:13+08:00 ] 127.0.0.1 /cartInfo.html
INFO: [ app_begin ] --START--
INFO: Run Behavior\ReadHtmlCacheBehavior [ RunTime:0.000892s ]
INFO: [ app_begin ] --END-- [ RunTime:0.001714s ]
SQL: SELECT `warelist` FROM `sun_cart` WHERE `member_id` = 1 LIMIT 1   [ RunTime:0.0002s ]
SQL: SELECT `goods_id`,`image_thumb`,`price`,`name` FROM `sun_goods` WHERE `goods_id` IN ('3')  [ RunTime:0.0002s ]
SQL: SELECT g.goods_id,g.image_thumb,g.price,g.name,p.product_id,p.product_price,pd.value price_drift,group_concat(a.attribute_title,":",ao.option_value) `option` FROM sun_goods g left join sun_product p using(goods_id) left join sun_price_drift pd using(price_drift_id) left join sun_product_goods_attribute_option pgao using(product_id) left join sun_goods_attribute_option gao using(goods_attribute_option_id) left join sun_attribute_option ao using(attribute_option_id) left join sun_attribute a using(attribute_id)  WHERE p.product_id IN ('5','6') GROUP BY p.product_id  [ RunTime:0.0002s ]

[ 2017-01-22T01:08:13+08:00 ] 127.0.0.1 /childRegion.html?parent_id=1
INFO: [ app_begin ] --START--
INFO: Run Behavior\ReadHtmlCacheBehavior [ RunTime:0.001080s ]
INFO: [ app_begin ] --END-- [ RunTime:0.001748s ]
SQL: SELECT * FROM `sun_region` WHERE `parent_id` = 1  [ RunTime:0.0003s ]

[ 2017-01-22T01:08:13+08:00 ] 127.0.0.1 /shippingList.html
INFO: [ app_begin ] --START--
INFO: Run Behavior\ReadHtmlCacheBehavior [ RunTime:0.000634s ]
INFO: [ app_begin ] --END-- [ RunTime:0.001331s ]
SQL: SELECT * FROM `sun_shipping` WHERE `enabled` = 1  [ RunTime:0.0002s ]

[ 2017-01-22T01:08:19+08:00 ] 127.0.0.1 /cartInfo.html
INFO: [ app_begin ] --START--
INFO: Run Behavior\ReadHtmlCacheBehavior [ RunTime:0.000820s ]
INFO: [ app_begin ] --END-- [ RunTime:0.001521s ]
SQL: SELECT `warelist` FROM `sun_cart` WHERE `member_id` = 1 LIMIT 1   [ RunTime:0.0002s ]
SQL: SELECT `goods_id`,`image_thumb`,`price`,`name` FROM `sun_goods` WHERE `goods_id` IN ('3')  [ RunTime:0.0003s ]
SQL: SELECT g.goods_id,g.image_thumb,g.price,g.name,p.product_id,p.product_price,pd.value price_drift,group_concat(a.attribute_title,":",ao.option_value) `option` FROM sun_goods g left join sun_product p using(goods_id) left join sun_price_drift pd using(price_drift_id) left join sun_product_goods_attribute_option pgao using(product_id) left join sun_goods_attribute_option gao using(goods_attribute_option_id) left join sun_attribute_option ao using(attribute_option_id) left join sun_attribute a using(attribute_id)  WHERE p.product_id IN ('5','6') GROUP BY p.product_id  [ RunTime:0.0002s ]

[ 2017-01-22T01:08:29+08:00 ] 127.0.0.1 /cartInfo.html
INFO: [ app_begin ] --START--
INFO: Run Behavior\ReadHtmlCacheBehavior [ RunTime:0.001176s ]
INFO: [ app_begin ] --END-- [ RunTime:0.001943s ]
SQL: SELECT `warelist` FROM `sun_cart` WHERE `member_id` = 1 LIMIT 1   [ RunTime:0.0002s ]
SQL: SELECT `goods_id`,`image_thumb`,`price`,`name` FROM `sun_goods` WHERE `goods_id` IN ('3')  [ RunTime:0.0003s ]
SQL: SELECT g.goods_id,g.image_thumb,g.price,g.name,p.product_id,p.product_price,pd.value price_drift,group_concat(a.attribute_title,":",ao.option_value) `option` FROM sun_goods g left join sun_product p using(goods_id) left join sun_price_drift pd using(price_drift_id) left join sun_product_goods_attribute_option pgao using(product_id) left join sun_goods_attribute_option gao using(goods_attribute_option_id) left join sun_attribute_option ao using(attribute_option_id) left join sun_attribute a using(attribute_id)  WHERE p.product_id IN ('5','6') GROUP BY p.product_id  [ RunTime:0.0002s ]

[ 2017-01-22T01:08:29+08:00 ] 127.0.0.1 /category/nestedList.html
INFO: [ app_begin ] --START--
INFO: Run Behavior\ReadHtmlCacheBehavior [ RunTime:0.001018s ]
INFO: [ app_begin ] --END-- [ RunTime:0.001759s ]
SQL: SELECT * FROM `sun_category` WHERE `category_id` <> '1' AND `is_used` = 1 AND `is_nav` = 1 ORDER BY sort_number  [ RunTime:0.0004s ]

[ 2017-01-22T01:08:29+08:00 ] 127.0.0.1 /goods/new.html?limit=4
INFO: [ app_begin ] --START--
INFO: Run Behavior\ReadHtmlCacheBehavior [ RunTime:0.000969s ]
INFO: [ app_begin ] --END-- [ RunTime:0.001891s ]
SQL: SELECT `value` FROM `sun_setting` WHERE `key` = 'goods_new_number' LIMIT 1   [ RunTime:0.0002s ]
SQL: SELECT * FROM `sun_goods` WHERE `status` = 1 AND `deleted` = 0 ORDER BY created_at desc, sort_number LIMIT 4   [ RunTime:0.0005s ]

[ 2017-01-22T01:11:01+08:00 ] 127.0.0.1 /cartInfo.html
INFO: [ app_begin ] --START--
INFO: Run Behavior\ReadHtmlCacheBehavior [ RunTime:0.000952s ]
INFO: [ app_begin ] --END-- [ RunTime:0.004584s ]
SQL: SELECT `warelist` FROM `sun_cart` WHERE `member_id` = 1 LIMIT 1   [ RunTime:0.0002s ]
SQL: SELECT `goods_id`,`image_thumb`,`price`,`name` FROM `sun_goods` WHERE `goods_id` IN ('3')  [ RunTime:0.0003s ]
SQL: SELECT g.goods_id,g.image_thumb,g.price,g.name,p.product_id,p.product_price,pd.value price_drift,group_concat(a.attribute_title,":",ao.option_value) `option` FROM sun_goods g left join sun_product p using(goods_id) left join sun_price_drift pd using(price_drift_id) left join sun_product_goods_attribute_option pgao using(product_id) left join sun_goods_attribute_option gao using(goods_attribute_option_id) left join sun_attribute_option ao using(attribute_option_id) left join sun_attribute a using(attribute_id)  WHERE p.product_id IN ('5','6') GROUP BY p.product_id  [ RunTime:0.0002s ]

[ 2017-01-22T01:11:01+08:00 ] 127.0.0.1 /category/nestedList.html
INFO: [ app_begin ] --START--
INFO: Run Behavior\ReadHtmlCacheBehavior [ RunTime:0.001369s ]
INFO: [ app_begin ] --END-- [ RunTime:0.002275s ]
SQL: SELECT * FROM `sun_category` WHERE `category_id` <> '1' AND `is_used` = 1 AND `is_nav` = 1 ORDER BY sort_number  [ RunTime:0.0006s ]

[ 2017-01-22T01:11:01+08:00 ] 127.0.0.1 /goods/new.html?limit=4
INFO: [ app_begin ] --START--
INFO: Run Behavior\ReadHtmlCacheBehavior [ RunTime:0.001585s ]
INFO: [ app_begin ] --END-- [ RunTime:0.003065s ]
SQL: SELECT `value` FROM `sun_setting` WHERE `key` = 'goods_new_number' LIMIT 1   [ RunTime:0.0002s ]
SQL: SELECT * FROM `sun_goods` WHERE `status` = 1 AND `deleted` = 0 ORDER BY created_at desc, sort_number LIMIT 4   [ RunTime:0.0006s ]

[ 2017-01-22T01:14:19+08:00 ] 127.0.0.1 /cartInfo.html
INFO: [ app_begin ] --START--
INFO: Run Behavior\ReadHtmlCacheBehavior [ RunTime:0.000968s ]
INFO: [ app_begin ] --END-- [ RunTime:0.001757s ]
SQL: SELECT `warelist` FROM `sun_cart` WHERE `member_id` = 1 LIMIT 1   [ RunTime:0.0003s ]
SQL: SELECT `goods_id`,`image_thumb`,`price`,`name` FROM `sun_goods` WHERE `goods_id` IN ('3')  [ RunTime:0.0004s ]
SQL: SELECT g.goods_id,g.image_thumb,g.price,g.name,p.product_id,p.product_price,pd.value price_drift,group_concat(a.attribute_title,":",ao.option_value) `option` FROM sun_goods g left join sun_product p using(goods_id) left join sun_price_drift pd using(price_drift_id) left join sun_product_goods_attribute_option pgao using(product_id) left join sun_goods_attribute_option gao using(goods_attribute_option_id) left join sun_attribute_option ao using(attribute_option_id) left join sun_attribute a using(attribute_id)  WHERE p.product_id IN ('5','6') GROUP BY p.product_id  [ RunTime:0.0003s ]

[ 2017-01-22T01:14:19+08:00 ] 127.0.0.1 /goods/new.html?limit=4
INFO: [ app_begin ] --START--
INFO: Run Behavior\ReadHtmlCacheBehavior [ RunTime:0.001130s ]
INFO: [ app_begin ] --END-- [ RunTime:0.002282s ]
SQL: SELECT `value` FROM `sun_setting` WHERE `key` = 'goods_new_number' LIMIT 1   [ RunTime:0.0002s ]
SQL: SELECT * FROM `sun_goods` WHERE `status` = 1 AND `deleted` = 0 ORDER BY created_at desc, sort_number LIMIT 4   [ RunTime:0.0004s ]

[ 2017-01-22T01:14:19+08:00 ] 127.0.0.1 /category/nestedList.html
INFO: [ app_begin ] --START--
INFO: Run Behavior\ReadHtmlCacheBehavior [ RunTime:0.001366s ]
INFO: [ app_begin ] --END-- [ RunTime:0.002187s ]
SQL: SELECT * FROM `sun_category` WHERE `category_id` <> '1' AND `is_used` = 1 AND `is_nav` = 1 ORDER BY sort_number  [ RunTime:0.0005s ]

[ 2017-01-22T01:14:22+08:00 ] 127.0.0.1 /category/nestedList.html
INFO: [ app_begin ] --START--
INFO: Run Behavior\ReadHtmlCacheBehavior [ RunTime:0.001032s ]
INFO: [ app_begin ] --END-- [ RunTime:0.001780s ]
SQL: SELECT * FROM `sun_category` WHERE `category_id` <> '1' AND `is_used` = 1 AND `is_nav` = 1 ORDER BY sort_number  [ RunTime:0.0006s ]

[ 2017-01-22T01:14:22+08:00 ] 127.0.0.1 /cartInfo.html
INFO: [ app_begin ] --START--
INFO: Run Behavior\ReadHtmlCacheBehavior [ RunTime:0.000983s ]
INFO: [ app_begin ] --END-- [ RunTime:0.001869s ]
SQL: SELECT `warelist` FROM `sun_cart` WHERE `member_id` = 1 LIMIT 1   [ RunTime:0.0002s ]
SQL: SELECT `goods_id`,`image_thumb`,`price`,`name` FROM `sun_goods` WHERE `goods_id` IN ('3')  [ RunTime:0.0003s ]
SQL: SELECT g.goods_id,g.image_thumb,g.price,g.name,p.product_id,p.product_price,pd.value price_drift,group_concat(a.attribute_title,":",ao.option_value) `option` FROM sun_goods g left join sun_product p using(goods_id) left join sun_price_drift pd using(price_drift_id) left join sun_product_goods_attribute_option pgao using(product_id) left join sun_goods_attribute_option gao using(goods_attribute_option_id) left join sun_attribute_option ao using(attribute_option_id) left join sun_attribute a using(attribute_id)  WHERE p.product_id IN ('5','6') GROUP BY p.product_id  [ RunTime:0.0002s ]

[ 2017-01-22T01:14:22+08:00 ] 127.0.0.1 /breadcrumb.html?goods_id=3
INFO: [ app_begin ] --START--
INFO: Run Behavior\ReadHtmlCacheBehavior [ RunTime:0.001032s ]
INFO: [ app_begin ] --END-- [ RunTime:0.001899s ]
SQL: SELECT `category_id` FROM `sun_goods` WHERE `goods_id` = 3 LIMIT 1   [ RunTime:0.0003s ]
SQL: SELECT * FROM `sun_category` WHERE `category_id` = 40 LIMIT 1   [ RunTime:0.0003s ]

[ 2017-01-22T01:14:22+08:00 ] 127.0.0.1 /goods/show.html?goods_id=3
INFO: [ app_begin ] --START--
INFO: Run Behavior\ReadHtmlCacheBehavior [ RunTime:0.002102s ]
INFO: [ app_begin ] --END-- [ RunTime:0.003217s ]
SQL: SELECT g.*,ss.title stock_status_title FROM sun_goods g left join sun_stock_status ss using(stock_status_id)  WHERE `status` = '1' AND `deleted` = '0' AND `goods_id` = '3' LIMIT 1   [ RunTime:0.0004s ]
SQL: SELECT * FROM `sun_gallery` WHERE ( 1=1 AND goods_id='3' )  [ RunTime:0.0003s ]
SQL: SELECT p.product_id,p.promoted,pd.value price_drift,`product_price`,`product_quantity`,group_concat(a.attribute_title,':',ao.option_value) as `option` FROM sun_product p left join sun_product_goods_attribute_option pgao using(product_id) left join sun_goods_attribute_option gao using(goods_attribute_option_id) left join sun_attribute_option ao using(attribute_option_id) left join sun_attribute a using(attribute_id) left join sun_price_drift pd using(price_drift_id)  WHERE `goods_id` = '3' AND `enabled` = 1 GROUP BY p.product_id  [ RunTime:0.0003s ]
SQL: SELECT a.attribute_title,at.attribute_type_title,ga.value,group_concat(ao.option_value) valuelist FROM sun_goods_attribute ga left join sun_attribute a using(attribute_id) left join sun_attribute_type at using(attribute_type_id) left join sun_goods_attribute_option gao using(goods_attribute_id) left join sun_attribute_option ao using(attribute_option_id)  WHERE `goods_id` = '3' GROUP BY ga.attribute_id  [ RunTime:0.0003s ]

[ 2017-01-22T01:14:27+08:00 ] 127.0.0.1 /cartInfo.html
INFO: [ app_begin ] --START--
INFO: Run Behavior\ReadHtmlCacheBehavior [ RunTime:0.000863s ]
INFO: [ app_begin ] --END-- [ RunTime:0.001603s ]
SQL: SELECT `warelist` FROM `sun_cart` WHERE `member_id` = 1 LIMIT 1   [ RunTime:0.0005s ]
SQL: SELECT `goods_id`,`image_thumb`,`price`,`name` FROM `sun_goods` WHERE `goods_id` IN ('3')  [ RunTime:0.0004s ]
SQL: SELECT g.goods_id,g.image_thumb,g.price,g.name,p.product_id,p.product_price,pd.value price_drift,group_concat(a.attribute_title,":",ao.option_value) `option` FROM sun_goods g left join sun_product p using(goods_id) left join sun_price_drift pd using(price_drift_id) left join sun_product_goods_attribute_option pgao using(product_id) left join sun_goods_attribute_option gao using(goods_attribute_option_id) left join sun_attribute_option ao using(attribute_option_id) left join sun_attribute a using(attribute_id)  WHERE p.product_id IN ('5','6') GROUP BY p.product_id  [ RunTime:0.0002s ]

[ 2017-01-22T01:14:27+08:00 ] 127.0.0.1 /category/nestedList.html
INFO: [ app_begin ] --START--
INFO: Run Behavior\ReadHtmlCacheBehavior [ RunTime:0.000882s ]
INFO: [ app_begin ] --END-- [ RunTime:0.001679s ]
SQL: SELECT * FROM `sun_category` WHERE `category_id` <> '1' AND `is_used` = 1 AND `is_nav` = 1 ORDER BY sort_number  [ RunTime:0.0005s ]

[ 2017-01-22T01:14:27+08:00 ] 127.0.0.1 /goods/new.html?limit=4
INFO: [ app_begin ] --START--
INFO: Run Behavior\ReadHtmlCacheBehavior [ RunTime:0.001350s ]
INFO: [ app_begin ] --END-- [ RunTime:0.002284s ]
SQL: SELECT `value` FROM `sun_setting` WHERE `key` = 'goods_new_number' LIMIT 1   [ RunTime:0.0003s ]
SQL: SELECT * FROM `sun_goods` WHERE `status` = 1 AND `deleted` = 0 ORDER BY created_at desc, sort_number LIMIT 4   [ RunTime:0.0004s ]

[ 2017-01-22T01:16:19+08:00 ] 127.0.0.1 /cartInfo.html
INFO: [ app_begin ] --START--
INFO: Run Behavior\ReadHtmlCacheBehavior [ RunTime:0.000887s ]
INFO: [ app_begin ] --END-- [ RunTime:0.001670s ]
SQL: SELECT `warelist` FROM `sun_cart` WHERE `member_id` = 1 LIMIT 1   [ RunTime:0.0003s ]
SQL: SELECT `goods_id`,`image_thumb`,`price`,`name` FROM `sun_goods` WHERE `goods_id` IN ('3')  [ RunTime:0.0004s ]
SQL: SELECT g.goods_id,g.image_thumb,g.price,g.name,p.product_id,p.product_price,pd.value price_drift,group_concat(a.attribute_title,":",ao.option_value) `option` FROM sun_goods g left join sun_product p using(goods_id) left join sun_price_drift pd using(price_drift_id) left join sun_product_goods_attribute_option pgao using(product_id) left join sun_goods_attribute_option gao using(goods_attribute_option_id) left join sun_attribute_option ao using(attribute_option_id) left join sun_attribute a using(attribute_id)  WHERE p.product_id IN ('5','6') GROUP BY p.product_id  [ RunTime:0.0003s ]

[ 2017-01-22T01:16:19+08:00 ] 127.0.0.1 /goods/new.html?limit=4
INFO: [ app_begin ] --START--
INFO: Run Behavior\ReadHtmlCacheBehavior [ RunTime:0.001156s ]
INFO: [ app_begin ] --END-- [ RunTime:0.001893s ]
SQL: SELECT `value` FROM `sun_setting` WHERE `key` = 'goods_new_number' LIMIT 1   [ RunTime:0.0004s ]
SQL: SELECT * FROM `sun_goods` WHERE `status` = 1 AND `deleted` = 0 ORDER BY created_at desc, sort_number LIMIT 4   [ RunTime:0.0010s ]

[ 2017-01-22T01:16:20+08:00 ] 127.0.0.1 /category/nestedList.html
INFO: [ app_begin ] --START--
INFO: Run Behavior\ReadHtmlCacheBehavior [ RunTime:0.001334s ]
INFO: [ app_begin ] --END-- [ RunTime:0.002635s ]
SQL: SELECT * FROM `sun_category` WHERE `category_id` <> '1' AND `is_used` = 1 AND `is_nav` = 1 ORDER BY sort_number  [ RunTime:0.0005s ]

[ 2017-01-22T01:16:22+08:00 ] 127.0.0.1 /cartInfo.html
INFO: [ app_begin ] --START--
INFO: Run Behavior\ReadHtmlCacheBehavior [ RunTime:0.001090s ]
INFO: [ app_begin ] --END-- [ RunTime:0.001854s ]
SQL: SELECT `warelist` FROM `sun_cart` WHERE `member_id` = 1 LIMIT 1   [ RunTime:0.0002s ]
SQL: SELECT `goods_id`,`image_thumb`,`price`,`name` FROM `sun_goods` WHERE `goods_id` IN ('3')  [ RunTime:0.0003s ]
SQL: SELECT g.goods_id,g.image_thumb,g.price,g.name,p.product_id,p.product_price,pd.value price_drift,group_concat(a.attribute_title,":",ao.option_value) `option` FROM sun_goods g left join sun_product p using(goods_id) left join sun_price_drift pd using(price_drift_id) left join sun_product_goods_attribute_option pgao using(product_id) left join sun_goods_attribute_option gao using(goods_attribute_option_id) left join sun_attribute_option ao using(attribute_option_id) left join sun_attribute a using(attribute_id)  WHERE p.product_id IN ('5','6') GROUP BY p.product_id  [ RunTime:0.0003s ]

[ 2017-01-22T01:16:22+08:00 ] 127.0.0.1 /goods/new.html?limit=4
INFO: [ app_begin ] --START--
INFO: Run Behavior\ReadHtmlCacheBehavior [ RunTime:0.001360s ]
INFO: [ app_begin ] --END-- [ RunTime:0.003925s ]
SQL: SELECT `value` FROM `sun_setting` WHERE `key` = 'goods_new_number' LIMIT 1   [ RunTime:0.0002s ]
SQL: SELECT * FROM `sun_goods` WHERE `status` = 1 AND `deleted` = 0 ORDER BY created_at desc, sort_number LIMIT 4   [ RunTime:0.0004s ]

[ 2017-01-22T01:16:22+08:00 ] 127.0.0.1 /category/nestedList.html
INFO: [ app_begin ] --START--
INFO: Run Behavior\ReadHtmlCacheBehavior [ RunTime:0.001000s ]
INFO: [ app_begin ] --END-- [ RunTime:0.001942s ]
SQL: SELECT * FROM `sun_category` WHERE `category_id` <> '1' AND `is_used` = 1 AND `is_nav` = 1 ORDER BY sort_number  [ RunTime:0.0004s ]

