[ 2017-01-08T22:42:47+08:00 ] 127.0.0.1 /cartInfo.html
INFO: [ app_begin ] --START--
INFO: Run Behavior\ReadHtmlCacheBehavior [ RunTime:0.001701s ]
INFO: [ app_begin ] --END-- [ RunTime:0.003665s ]
SQL: SELECT g.goods_id,g.image_thumb,g.price,g.name,p.product_id,p.product_price,pd.value price_drift,group_concat(a.attribute_title,":",ao.option_value) `option` FROM sun_goods g left join sun_product p using(goods_id) left join sun_price_drift pd using(price_drift_id) left join sun_product_goods_attribute_option pgao using(product_id) left join sun_goods_attribute_option gao using(goods_attribute_option_id) left join sun_attribute_option ao using(attribute_option_id) left join sun_attribute a using(attribute_id)  WHERE p.product_id IN ('5','6') GROUP BY p.product_id  [ RunTime:0.4100s ]

[ 2017-01-08T22:42:47+08:00 ] 127.0.0.1 /category/nestedList.html
INFO: [ app_begin ] --START--
INFO: Run Behavior\ReadHtmlCacheBehavior [ RunTime:0.002652s ]
INFO: [ app_begin ] --END-- [ RunTime:0.004502s ]
SQL: SELECT * FROM `sun_category` WHERE `category_id` <> '1' AND `is_used` = 1 AND `is_nav` = 1 ORDER BY sort_number  [ RunTime:0.0413s ]

[ 2017-01-08T22:42:48+08:00 ] 127.0.0.1 /goods/new.html?limit=4
INFO: [ app_begin ] --START--
INFO: Run Behavior\ReadHtmlCacheBehavior [ RunTime:0.002370s ]
INFO: [ app_begin ] --END-- [ RunTime:0.004030s ]
SQL: SELECT `value` FROM `sun_setting` WHERE `key` = 'goods_new_number' LIMIT 1   [ RunTime:0.0272s ]
SQL: SELECT * FROM `sun_goods` WHERE `status` = 1 AND `deleted` = 0 ORDER BY created_at desc, sort_number LIMIT 4   [ RunTime:0.0021s ]

[ 2017-01-08T22:42:49+08:00 ] 127.0.0.1 /category/nestedList.html
INFO: [ app_begin ] --START--
INFO: Run Behavior\ReadHtmlCacheBehavior [ RunTime:0.001773s ]
INFO: [ app_begin ] --END-- [ RunTime:0.003361s ]
SQL: SELECT * FROM `sun_category` WHERE `category_id` <> '1' AND `is_used` = 1 AND `is_nav` = 1 ORDER BY sort_number  [ RunTime:0.0010s ]

[ 2017-01-08T22:42:49+08:00 ] 127.0.0.1 /cartInfo.html
INFO: [ app_begin ] --START--
INFO: Run Behavior\ReadHtmlCacheBehavior [ RunTime:0.002853s ]
INFO: [ app_begin ] --END-- [ RunTime:0.005686s ]
SQL: SELECT g.goods_id,g.image_thumb,g.price,g.name,p.product_id,p.product_price,pd.value price_drift,group_concat(a.attribute_title,":",ao.option_value) `option` FROM sun_goods g left join sun_product p using(goods_id) left join sun_price_drift pd using(price_drift_id) left join sun_product_goods_attribute_option pgao using(product_id) left join sun_goods_attribute_option gao using(goods_attribute_option_id) left join sun_attribute_option ao using(attribute_option_id) left join sun_attribute a using(attribute_id)  WHERE p.product_id IN ('5','6') GROUP BY p.product_id  [ RunTime:0.0007s ]

[ 2017-01-08T22:42:50+08:00 ] 127.0.0.1 /goods/show.html?goods_id=3
INFO: [ app_begin ] --START--
INFO: Run Behavior\ReadHtmlCacheBehavior [ RunTime:0.016159s ]
INFO: [ app_begin ] --END-- [ RunTime:0.018027s ]
SQL: SELECT g.*,ss.title stock_status_title FROM sun_goods g left join sun_stock_status ss using(stock_status_id)  WHERE `status` = '1' AND `deleted` = '0' AND `goods_id` = '3' LIMIT 1   [ RunTime:0.0874s ]
SQL: SELECT * FROM `sun_gallery` WHERE ( 1=1 AND goods_id='3' )  [ RunTime:0.0349s ]
SQL: SELECT p.product_id,p.promoted,pd.value price_drift,`product_price`,`product_quantity`,group_concat(a.attribute_title,':',ao.option_value) as `option` FROM sun_product p left join sun_product_goods_attribute_option pgao using(product_id) left join sun_goods_attribute_option gao using(goods_attribute_option_id) left join sun_attribute_option ao using(attribute_option_id) left join sun_attribute a using(attribute_id) left join sun_price_drift pd using(price_drift_id)  WHERE `goods_id` = '3' AND `enabled` = 1 GROUP BY p.product_id  [ RunTime:0.0016s ]
SQL: SELECT a.attribute_title,at.attribute_type_title,ga.value,group_concat(ao.option_value) valuelist FROM sun_goods_attribute ga left join sun_attribute a using(attribute_id) left join sun_attribute_type at using(attribute_type_id) left join sun_goods_attribute_option gao using(goods_attribute_id) left join sun_attribute_option ao using(attribute_option_id)  WHERE `goods_id` = '3' GROUP BY ga.attribute_id  [ RunTime:0.2468s ]

[ 2017-01-08T22:42:50+08:00 ] 127.0.0.1 /breadcrumb.html?goods_id=3
INFO: [ app_begin ] --START--
INFO: Run Behavior\ReadHtmlCacheBehavior [ RunTime:0.004368s ]
INFO: [ app_begin ] --END-- [ RunTime:0.006047s ]
SQL: SELECT `category_id` FROM `sun_goods` WHERE `goods_id` = 3 LIMIT 1   [ RunTime:0.0008s ]
SQL: SELECT * FROM `sun_category` WHERE `category_id` = 40 LIMIT 1   [ RunTime:0.0012s ]

[ 2017-01-08T22:43:01+08:00 ] 127.0.0.1 /addToCart.html
INFO: [ app_begin ] --START--
INFO: Run Behavior\ReadHtmlCacheBehavior [ RunTime:0.001218s ]
INFO: [ app_begin ] --END-- [ RunTime:0.002279s ]

[ 2017-01-08T22:43:01+08:00 ] 127.0.0.1 /cartInfo.html
INFO: [ app_begin ] --START--
INFO: Run Behavior\ReadHtmlCacheBehavior [ RunTime:0.001706s ]
INFO: [ app_begin ] --END-- [ RunTime:0.002777s ]
SQL: SELECT `goods_id`,`image_thumb`,`price`,`name` FROM `sun_goods` WHERE `goods_id` IN ('3')  [ RunTime:0.0007s ]
SQL: SELECT g.goods_id,g.image_thumb,g.price,g.name,p.product_id,p.product_price,pd.value price_drift,group_concat(a.attribute_title,":",ao.option_value) `option` FROM sun_goods g left join sun_product p using(goods_id) left join sun_price_drift pd using(price_drift_id) left join sun_product_goods_attribute_option pgao using(product_id) left join sun_goods_attribute_option gao using(goods_attribute_option_id) left join sun_attribute_option ao using(attribute_option_id) left join sun_attribute a using(attribute_id)  WHERE p.product_id IN ('5','6') GROUP BY p.product_id  [ RunTime:0.0004s ]

[ 2017-01-08T22:43:05+08:00 ] 127.0.0.1 /cartInfo.html
INFO: [ app_begin ] --START--
INFO: Run Behavior\ReadHtmlCacheBehavior [ RunTime:0.001820s ]
INFO: [ app_begin ] --END-- [ RunTime:0.004581s ]
SQL: SELECT `goods_id`,`image_thumb`,`price`,`name` FROM `sun_goods` WHERE `goods_id` IN ('3')  [ RunTime:0.0008s ]
SQL: SELECT g.goods_id,g.image_thumb,g.price,g.name,p.product_id,p.product_price,pd.value price_drift,group_concat(a.attribute_title,":",ao.option_value) `option` FROM sun_goods g left join sun_product p using(goods_id) left join sun_price_drift pd using(price_drift_id) left join sun_product_goods_attribute_option pgao using(product_id) left join sun_goods_attribute_option gao using(goods_attribute_option_id) left join sun_attribute_option ao using(attribute_option_id) left join sun_attribute a using(attribute_id)  WHERE p.product_id IN ('5','6') GROUP BY p.product_id  [ RunTime:0.0024s ]

[ 2017-01-08T22:43:05+08:00 ] 127.0.0.1 /goods/show.html?goods_id=3
INFO: [ app_begin ] --START--
INFO: Run Behavior\ReadHtmlCacheBehavior [ RunTime:0.001802s ]
INFO: [ app_begin ] --END-- [ RunTime:0.003319s ]
SQL: SELECT g.*,ss.title stock_status_title FROM sun_goods g left join sun_stock_status ss using(stock_status_id)  WHERE `status` = '1' AND `deleted` = '0' AND `goods_id` = '3' LIMIT 1   [ RunTime:0.0011s ]
SQL: SELECT * FROM `sun_gallery` WHERE ( 1=1 AND goods_id='3' )  [ RunTime:0.0007s ]
SQL: SELECT p.product_id,p.promoted,pd.value price_drift,`product_price`,`product_quantity`,group_concat(a.attribute_title,':',ao.option_value) as `option` FROM sun_product p left join sun_product_goods_attribute_option pgao using(product_id) left join sun_goods_attribute_option gao using(goods_attribute_option_id) left join sun_attribute_option ao using(attribute_option_id) left join sun_attribute a using(attribute_id) left join sun_price_drift pd using(price_drift_id)  WHERE `goods_id` = '3' AND `enabled` = 1 GROUP BY p.product_id  [ RunTime:0.0005s ]
SQL: SELECT a.attribute_title,at.attribute_type_title,ga.value,group_concat(ao.option_value) valuelist FROM sun_goods_attribute ga left join sun_attribute a using(attribute_id) left join sun_attribute_type at using(attribute_type_id) left join sun_goods_attribute_option gao using(goods_attribute_id) left join sun_attribute_option ao using(attribute_option_id)  WHERE `goods_id` = '3' GROUP BY ga.attribute_id  [ RunTime:0.0008s ]

[ 2017-01-08T22:43:05+08:00 ] 127.0.0.1 /category/nestedList.html
INFO: [ app_begin ] --START--
INFO: Run Behavior\ReadHtmlCacheBehavior [ RunTime:0.002067s ]
INFO: [ app_begin ] --END-- [ RunTime:0.003634s ]
SQL: SELECT * FROM `sun_category` WHERE `category_id` <> '1' AND `is_used` = 1 AND `is_nav` = 1 ORDER BY sort_number  [ RunTime:0.0010s ]

[ 2017-01-08T22:43:05+08:00 ] 127.0.0.1 /breadcrumb.html?goods_id=3
INFO: [ app_begin ] --START--
INFO: Run Behavior\ReadHtmlCacheBehavior [ RunTime:0.001810s ]
INFO: [ app_begin ] --END-- [ RunTime:0.003848s ]
SQL: SELECT `category_id` FROM `sun_goods` WHERE `goods_id` = 3 LIMIT 1   [ RunTime:0.0006s ]
SQL: SELECT * FROM `sun_category` WHERE `category_id` = 40 LIMIT 1   [ RunTime:0.0008s ]

[ 2017-01-08T22:43:08+08:00 ] 127.0.0.1 /cartInfo.html
INFO: [ app_begin ] --START--
INFO: Run Behavior\ReadHtmlCacheBehavior [ RunTime:0.001632s ]
INFO: [ app_begin ] --END-- [ RunTime:0.002840s ]
SQL: SELECT `goods_id`,`image_thumb`,`price`,`name` FROM `sun_goods` WHERE `goods_id` IN ('3')  [ RunTime:0.0004s ]
SQL: SELECT g.goods_id,g.image_thumb,g.price,g.name,p.product_id,p.product_price,pd.value price_drift,group_concat(a.attribute_title,":",ao.option_value) `option` FROM sun_goods g left join sun_product p using(goods_id) left join sun_price_drift pd using(price_drift_id) left join sun_product_goods_attribute_option pgao using(product_id) left join sun_goods_attribute_option gao using(goods_attribute_option_id) left join sun_attribute_option ao using(attribute_option_id) left join sun_attribute a using(attribute_id)  WHERE p.product_id IN ('5','6') GROUP BY p.product_id  [ RunTime:0.0004s ]

[ 2017-01-08T22:43:08+08:00 ] 127.0.0.1 /cartInfo.html
INFO: [ app_begin ] --START--
INFO: Run Behavior\ReadHtmlCacheBehavior [ RunTime:0.001276s ]
INFO: [ app_begin ] --END-- [ RunTime:0.002278s ]
SQL: SELECT `goods_id`,`image_thumb`,`price`,`name` FROM `sun_goods` WHERE `goods_id` IN ('3')  [ RunTime:0.0004s ]
SQL: SELECT g.goods_id,g.image_thumb,g.price,g.name,p.product_id,p.product_price,pd.value price_drift,group_concat(a.attribute_title,":",ao.option_value) `option` FROM sun_goods g left join sun_product p using(goods_id) left join sun_price_drift pd using(price_drift_id) left join sun_product_goods_attribute_option pgao using(product_id) left join sun_goods_attribute_option gao using(goods_attribute_option_id) left join sun_attribute_option ao using(attribute_option_id) left join sun_attribute a using(attribute_id)  WHERE p.product_id IN ('5','6') GROUP BY p.product_id  [ RunTime:0.0005s ]

[ 2017-01-08T22:43:08+08:00 ] 127.0.0.1 /category/nestedList.html
INFO: [ app_begin ] --START--
INFO: Run Behavior\ReadHtmlCacheBehavior [ RunTime:0.001368s ]
INFO: [ app_begin ] --END-- [ RunTime:0.002371s ]
SQL: SELECT * FROM `sun_category` WHERE `category_id` <> '1' AND `is_used` = 1 AND `is_nav` = 1 ORDER BY sort_number  [ RunTime:0.0010s ]

[ 2017-01-08T22:43:17+08:00 ] 127.0.0.1 /updateQuantity.html
INFO: [ app_begin ] --START--
INFO: Run Behavior\ReadHtmlCacheBehavior [ RunTime:0.001191s ]
INFO: [ app_begin ] --END-- [ RunTime:0.002286s ]
ERR: 无法加载控制器:UpdateQuantity

[ 2017-01-08T22:43:20+08:00 ] 127.0.0.1 /updateQuantity.html
INFO: [ app_begin ] --START--
INFO: Run Behavior\ReadHtmlCacheBehavior [ RunTime:0.001316s ]
INFO: [ app_begin ] --END-- [ RunTime:0.002372s ]
ERR: 无法加载控制器:UpdateQuantity

[ 2017-01-08T22:43:21+08:00 ] 127.0.0.1 /updateQuantity.html
INFO: [ app_begin ] --START--
INFO: Run Behavior\ReadHtmlCacheBehavior [ RunTime:0.001238s ]
INFO: [ app_begin ] --END-- [ RunTime:0.002268s ]
ERR: 无法加载控制器:UpdateQuantity

[ 2017-01-08T22:43:22+08:00 ] 127.0.0.1 /updateQuantity.html
INFO: [ app_begin ] --START--
INFO: Run Behavior\ReadHtmlCacheBehavior [ RunTime:0.001279s ]
INFO: [ app_begin ] --END-- [ RunTime:0.003014s ]
ERR: 无法加载控制器:UpdateQuantity

[ 2017-01-08T22:43:29+08:00 ] 127.0.0.1 /cartInfo.html
INFO: [ app_begin ] --START--
INFO: Run Behavior\ReadHtmlCacheBehavior [ RunTime:0.001402s ]
INFO: [ app_begin ] --END-- [ RunTime:0.002583s ]
SQL: SELECT `goods_id`,`image_thumb`,`price`,`name` FROM `sun_goods` WHERE `goods_id` IN ('3')  [ RunTime:0.0003s ]
SQL: SELECT g.goods_id,g.image_thumb,g.price,g.name,p.product_id,p.product_price,pd.value price_drift,group_concat(a.attribute_title,":",ao.option_value) `option` FROM sun_goods g left join sun_product p using(goods_id) left join sun_price_drift pd using(price_drift_id) left join sun_product_goods_attribute_option pgao using(product_id) left join sun_goods_attribute_option gao using(goods_attribute_option_id) left join sun_attribute_option ao using(attribute_option_id) left join sun_attribute a using(attribute_id)  WHERE p.product_id IN ('5','6') GROUP BY p.product_id  [ RunTime:0.0003s ]

[ 2017-01-08T22:43:29+08:00 ] 127.0.0.1 /category/nestedList.html
INFO: [ app_begin ] --START--
INFO: Run Behavior\ReadHtmlCacheBehavior [ RunTime:0.001147s ]
INFO: [ app_begin ] --END-- [ RunTime:0.002189s ]
SQL: SELECT * FROM `sun_category` WHERE `category_id` <> '1' AND `is_used` = 1 AND `is_nav` = 1 ORDER BY sort_number  [ RunTime:0.0009s ]

[ 2017-01-08T22:43:34+08:00 ] 127.0.0.1 /addressList.html
INFO: [ app_begin ] --START--
INFO: Run Behavior\ReadHtmlCacheBehavior [ RunTime:0.001524s ]
INFO: [ app_begin ] --END-- [ RunTime:0.003794s ]
ERR: 无法加载控制器:AddressList

[ 2017-01-08T22:43:34+08:00 ] 127.0.0.1 /childRegion.html?parent_id=1
INFO: [ app_begin ] --START--
INFO: Run Behavior\ReadHtmlCacheBehavior [ RunTime:0.001506s ]
INFO: [ app_begin ] --END-- [ RunTime:0.003096s ]
ERR: 无法加载控制器:ChildRegion

[ 2017-01-08T22:43:34+08:00 ] 127.0.0.1 /shippingList.html
INFO: [ app_begin ] --START--
INFO: Run Behavior\ReadHtmlCacheBehavior [ RunTime:0.001365s ]
INFO: [ app_begin ] --END-- [ RunTime:0.002557s ]
ERR: 非法操作:shippingList

[ 2017-01-08T22:43:45+08:00 ] 127.0.0.1 /cartInfo.html
INFO: [ app_begin ] --START--
INFO: Run Behavior\ReadHtmlCacheBehavior [ RunTime:0.002521s ]
INFO: [ app_begin ] --END-- [ RunTime:0.004124s ]
SQL: SELECT `goods_id`,`image_thumb`,`price`,`name` FROM `sun_goods` WHERE `goods_id` IN ('3')  [ RunTime:0.0007s ]
SQL: SELECT g.goods_id,g.image_thumb,g.price,g.name,p.product_id,p.product_price,pd.value price_drift,group_concat(a.attribute_title,":",ao.option_value) `option` FROM sun_goods g left join sun_product p using(goods_id) left join sun_price_drift pd using(price_drift_id) left join sun_product_goods_attribute_option pgao using(product_id) left join sun_goods_attribute_option gao using(goods_attribute_option_id) left join sun_attribute_option ao using(attribute_option_id) left join sun_attribute a using(attribute_id)  WHERE p.product_id IN ('5','6') GROUP BY p.product_id  [ RunTime:0.0006s ]

[ 2017-01-08T22:43:45+08:00 ] 127.0.0.1 /category/nestedList.html
INFO: [ app_begin ] --START--
INFO: Run Behavior\ReadHtmlCacheBehavior [ RunTime:0.002032s ]
INFO: [ app_begin ] --END-- [ RunTime:0.003454s ]
SQL: SELECT * FROM `sun_category` WHERE `category_id` <> '1' AND `is_used` = 1 AND `is_nav` = 1 ORDER BY sort_number  [ RunTime:0.0008s ]

[ 2017-01-08T22:43:45+08:00 ] 127.0.0.1 /addressList.html
INFO: [ app_begin ] --START--
INFO: Run Behavior\ReadHtmlCacheBehavior [ RunTime:0.001727s ]
INFO: [ app_begin ] --END-- [ RunTime:0.003432s ]
ERR: 无法加载控制器:AddressList

[ 2017-01-08T22:43:45+08:00 ] 127.0.0.1 /childRegion.html?parent_id=1
INFO: [ app_begin ] --START--
INFO: Run Behavior\ReadHtmlCacheBehavior [ RunTime:0.001667s ]
INFO: [ app_begin ] --END-- [ RunTime:0.003096s ]
ERR: 无法加载控制器:ChildRegion

[ 2017-01-08T22:43:46+08:00 ] 127.0.0.1 /shippingList.html
INFO: [ app_begin ] --START--
INFO: Run Behavior\ReadHtmlCacheBehavior [ RunTime:0.001437s ]
INFO: [ app_begin ] --END-- [ RunTime:0.002464s ]
ERR: 非法操作:shippingList

[ 2017-01-08T22:48:12+08:00 ] 127.0.0.1 /cartInfo.html
INFO: [ app_begin ] --START--
INFO: Run Behavior\ReadHtmlCacheBehavior [ RunTime:0.002178s ]
INFO: [ app_begin ] --END-- [ RunTime:0.003753s ]
SQL: SELECT `goods_id`,`image_thumb`,`price`,`name` FROM `sun_goods` WHERE `goods_id` IN ('3')  [ RunTime:0.0004s ]
SQL: SELECT g.goods_id,g.image_thumb,g.price,g.name,p.product_id,p.product_price,pd.value price_drift,group_concat(a.attribute_title,":",ao.option_value) `option` FROM sun_goods g left join sun_product p using(goods_id) left join sun_price_drift pd using(price_drift_id) left join sun_product_goods_attribute_option pgao using(product_id) left join sun_goods_attribute_option gao using(goods_attribute_option_id) left join sun_attribute_option ao using(attribute_option_id) left join sun_attribute a using(attribute_id)  WHERE p.product_id IN ('5','6') GROUP BY p.product_id  [ RunTime:0.0005s ]

[ 2017-01-08T22:48:12+08:00 ] 127.0.0.1 /goods/new.html?limit=4
INFO: [ app_begin ] --START--
INFO: Run Behavior\ReadHtmlCacheBehavior [ RunTime:0.003282s ]
INFO: [ app_begin ] --END-- [ RunTime:0.004972s ]
SQL: SELECT `value` FROM `sun_setting` WHERE `key` = 'goods_new_number' LIMIT 1   [ RunTime:0.0004s ]
SQL: SELECT * FROM `sun_goods` WHERE `status` = 1 AND `deleted` = 0 ORDER BY created_at desc, sort_number LIMIT 4   [ RunTime:0.0008s ]

[ 2017-01-08T22:48:12+08:00 ] 127.0.0.1 /category/nestedList.html
INFO: [ app_begin ] --START--
INFO: Run Behavior\ReadHtmlCacheBehavior [ RunTime:0.002423s ]
INFO: [ app_begin ] --END-- [ RunTime:0.004078s ]
SQL: SELECT * FROM `sun_category` WHERE `category_id` <> '1' AND `is_used` = 1 AND `is_nav` = 1 ORDER BY sort_number  [ RunTime:0.0008s ]

