[ 2017-01-25T01:07:27+08:00 ] 127.0.0.1 /cartInfo.html
INFO: [ app_begin ] --START--
INFO: Run Behavior\ReadHtmlCacheBehavior [ RunTime:0.006659s ]
INFO: [ app_begin ] --END-- [ RunTime:0.008098s ]
NOTIC: [8] Undefined variable: wareList D:\tnwamp\Apache24\htdocs\daniu\php4\buyplus\Application\Home\Cart\Cart.class.php 第 214 行.

[ 2017-01-25T01:07:27+08:00 ] 127.0.0.1 /category/nestedList.html
INFO: [ app_begin ] --START--
INFO: Run Behavior\ReadHtmlCacheBehavior [ RunTime:0.001010s ]
INFO: [ app_begin ] --END-- [ RunTime:0.001750s ]
SQL: SELECT * FROM `sun_category` WHERE `category_id` <> '1' AND `is_used` = 1 AND `is_nav` = 1 ORDER BY sort_number  [ RunTime:0.0004s ]

[ 2017-01-25T01:07:27+08:00 ] 127.0.0.1 /goods/new.html?limit=4
INFO: [ app_begin ] --START--
INFO: Run Behavior\ReadHtmlCacheBehavior [ RunTime:0.003325s ]
INFO: [ app_begin ] --END-- [ RunTime:0.004494s ]
SQL: SELECT `value` FROM `sun_setting` WHERE `key` = 'goods_new_number' LIMIT 1   [ RunTime:0.0001s ]
SQL: SELECT * FROM `sun_goods` WHERE `status` = 1 AND `deleted` = 0 ORDER BY created_at desc, sort_number LIMIT 4   [ RunTime:0.0004s ]

[ 2017-01-25T16:06:45+08:00 ] 127.0.0.1 /cartInfo.html
INFO: [ app_begin ] --START--
INFO: Run Behavior\ReadHtmlCacheBehavior [ RunTime:0.001198s ]
INFO: [ app_begin ] --END-- [ RunTime:0.002130s ]
SQL: SELECT `goods_id`,`image_thumb`,`price`,`name` FROM `sun_goods` WHERE `goods_id` IN ('3')  [ RunTime:0.0547s ]
SQL: SELECT g.goods_id,g.image_thumb,g.price,g.name,p.product_id,p.product_price,pd.value price_drift,group_concat(a.attribute_title,":",ao.option_value) `option` FROM sun_goods g left join sun_product p using(goods_id) left join sun_price_drift pd using(price_drift_id) left join sun_product_goods_attribute_option pgao using(product_id) left join sun_goods_attribute_option gao using(goods_attribute_option_id) left join sun_attribute_option ao using(attribute_option_id) left join sun_attribute a using(attribute_id)  WHERE p.product_id IN ('5','6') GROUP BY p.product_id  [ RunTime:0.1458s ]

[ 2017-01-25T16:06:45+08:00 ] 127.0.0.1 /goods/new.html?limit=4
INFO: [ app_begin ] --START--
INFO: Run Behavior\ReadHtmlCacheBehavior [ RunTime:0.001192s ]
INFO: [ app_begin ] --END-- [ RunTime:0.002150s ]
SQL: SELECT `value` FROM `sun_setting` WHERE `key` = 'goods_new_number' LIMIT 1   [ RunTime:0.0362s ]
SQL: SELECT * FROM `sun_goods` WHERE `status` = 1 AND `deleted` = 0 ORDER BY created_at desc, sort_number LIMIT 4   [ RunTime:0.0007s ]

[ 2017-01-25T16:06:45+08:00 ] 127.0.0.1 /category/nestedList.html
INFO: [ app_begin ] --START--
INFO: Run Behavior\ReadHtmlCacheBehavior [ RunTime:0.000920s ]
INFO: [ app_begin ] --END-- [ RunTime:0.001841s ]
SQL: SELECT * FROM `sun_category` WHERE `category_id` <> '1' AND `is_used` = 1 AND `is_nav` = 1 ORDER BY sort_number  [ RunTime:0.0094s ]

[ 2017-01-25T16:06:55+08:00 ] 127.0.0.1 /cartInfo.html
INFO: [ app_begin ] --START--
INFO: Run Behavior\ReadHtmlCacheBehavior [ RunTime:0.003574s ]
INFO: [ app_begin ] --END-- [ RunTime:0.004712s ]
SQL: SELECT `goods_id`,`image_thumb`,`price`,`name` FROM `sun_goods` WHERE `goods_id` IN ('3')  [ RunTime:0.0003s ]
SQL: SELECT g.goods_id,g.image_thumb,g.price,g.name,p.product_id,p.product_price,pd.value price_drift,group_concat(a.attribute_title,":",ao.option_value) `option` FROM sun_goods g left join sun_product p using(goods_id) left join sun_price_drift pd using(price_drift_id) left join sun_product_goods_attribute_option pgao using(product_id) left join sun_goods_attribute_option gao using(goods_attribute_option_id) left join sun_attribute_option ao using(attribute_option_id) left join sun_attribute a using(attribute_id)  WHERE p.product_id IN ('5','6') GROUP BY p.product_id  [ RunTime:0.0003s ]

[ 2017-01-25T16:06:55+08:00 ] 127.0.0.1 /category/nestedList.html
INFO: [ app_begin ] --START--
INFO: Run Behavior\ReadHtmlCacheBehavior [ RunTime:0.000846s ]
INFO: [ app_begin ] --END-- [ RunTime:0.001558s ]
SQL: SELECT * FROM `sun_category` WHERE `category_id` <> '1' AND `is_used` = 1 AND `is_nav` = 1 ORDER BY sort_number  [ RunTime:0.0006s ]

[ 2017-01-25T16:06:55+08:00 ] 127.0.0.1 /goods/new.html?limit=4
INFO: [ app_begin ] --START--
INFO: Run Behavior\ReadHtmlCacheBehavior [ RunTime:0.001300s ]
INFO: [ app_begin ] --END-- [ RunTime:0.003175s ]
SQL: SELECT `value` FROM `sun_setting` WHERE `key` = 'goods_new_number' LIMIT 1   [ RunTime:0.0002s ]
SQL: SELECT * FROM `sun_goods` WHERE `status` = 1 AND `deleted` = 0 ORDER BY created_at desc, sort_number LIMIT 4   [ RunTime:0.0005s ]

