[ 2017-01-02T21:40:55+08:00 ] 127.0.0.1 /php4/buyplus/home/category/nestedList
ERR: Think\Model:getNestedListÊñπÊ≥ï‰∏çÂ≠òÂú®ÔºÅ

[ 2017-01-02T21:42:13+08:00 ] 127.0.0.1 /php4/buyplus/index.php/home/category/nestedList
ERR: Think\Model:getNestedListÊñπÊ≥ï‰∏çÂ≠òÂú®ÔºÅ

[ 2017-01-02T21:54:36+08:00 ] 127.0.0.1 /back/brand/list
ERR: Êó†Ê≥ïÂä†ËΩΩÊéßÂà∂Âô®:Back

[ 2017-01-02T21:54:48+08:00 ] 127.0.0.1 /category/nestedList.html
INFO: [ app_begin ] --START--
INFO: Run Behavior\ReadHtmlCacheBehavior [ RunTime:0.000698s ]
INFO: [ app_begin ] --END-- [ RunTime:0.001205s ]
ERR: Think\Model:getNestedListÊñπÊ≥ï‰∏çÂ≠òÂú®ÔºÅ

[ 2017-01-02T21:56:41+08:00 ] 127.0.0.1 /category/nestedList
ERR: Think\Model:getNestedListÊñπÊ≥ï‰∏çÂ≠òÂú®ÔºÅ

[ 2017-01-02T21:57:28+08:00 ] 127.0.0.1 /category/nestedList.html
INFO: [ app_begin ] --START--
INFO: Run Behavior\ReadHtmlCacheBehavior [ RunTime:0.000614s ]
INFO: [ app_begin ] --END-- [ RunTime:0.001189s ]
ERR: Think\Model:getNestedListÊñπÊ≥ï‰∏çÂ≠òÂú®ÔºÅ

[ 2017-01-02T22:00:48+08:00 ] 127.0.0.1 /category/nestedList.html
INFO: [ app_begin ] --START--
INFO: Run Behavior\ReadHtmlCacheBehavior [ RunTime:0.000741s ]
INFO: [ app_begin ] --END-- [ RunTime:0.001347s ]
ERR: Think\Model:getNestedListÊñπÊ≥ï‰∏çÂ≠òÂú®ÔºÅ

[ 2017-01-02T22:00:49+08:00 ] 127.0.0.1 /category/nestedList.html
INFO: [ app_begin ] --START--
INFO: Run Behavior\ReadHtmlCacheBehavior [ RunTime:0.000982s ]
INFO: [ app_begin ] --END-- [ RunTime:0.002875s ]
ERR: Think\Model:getNestedListÊñπÊ≥ï‰∏çÂ≠òÂú®ÔºÅ

[ 2017-01-02T22:02:02+08:00 ] 127.0.0.1 /category/nestedList
ERR: Think\Model:getNestedListÊñπÊ≥ï‰∏çÂ≠òÂú®ÔºÅ

[ 2017-01-02T22:05:12+08:00 ] 127.0.0.1 /category/nestedList
ERR: Think\Model:getNestedListÊñπÊ≥ï‰∏çÂ≠òÂú®ÔºÅ

[ 2017-01-02T22:05:13+08:00 ] 127.0.0.1 /category/nestedList
ERR: Think\Model:getNestedListÊñπÊ≥ï‰∏çÂ≠òÂú®ÔºÅ

[ 2017-01-02T22:05:14+08:00 ] 127.0.0.1 /category/nestedList
ERR: Think\Model:getNestedListÊñπÊ≥ï‰∏çÂ≠òÂú®ÔºÅ

[ 2017-01-02T22:05:14+08:00 ] 127.0.0.1 /category/nestedList
ERR: Think\Model:getNestedListÊñπÊ≥ï‰∏çÂ≠òÂú®ÔºÅ

[ 2017-01-02T22:05:14+08:00 ] 127.0.0.1 /category/nestedList
ERR: Think\Model:getNestedListÊñπÊ≥ï‰∏çÂ≠òÂú®ÔºÅ

[ 2017-01-02T22:05:14+08:00 ] 127.0.0.1 /category/nestedList
ERR: Think\Model:getNestedListÊñπÊ≥ï‰∏çÂ≠òÂú®ÔºÅ

[ 2017-01-02T22:05:15+08:00 ] 127.0.0.1 /category/nestedList
ERR: Think\Model:getNestedListÊñπÊ≥ï‰∏çÂ≠òÂú®ÔºÅ

[ 2017-01-02T22:05:15+08:00 ] 127.0.0.1 /category/nestedList
ERR: Think\Model:getNestedListÊñπÊ≥ï‰∏çÂ≠òÂú®ÔºÅ

[ 2017-01-02T22:05:15+08:00 ] 127.0.0.1 /category/nestedList
ERR: Think\Model:getNestedListÊñπÊ≥ï‰∏çÂ≠òÂú®ÔºÅ

[ 2017-01-02T22:05:15+08:00 ] 127.0.0.1 /category/nestedList
ERR: Think\Model:getNestedListÊñπÊ≥ï‰∏çÂ≠òÂú®ÔºÅ

[ 2017-01-02T22:05:15+08:00 ] 127.0.0.1 /category/nestedList
ERR: Think\Model:getNestedListÊñπÊ≥ï‰∏çÂ≠òÂú®ÔºÅ

[ 2017-01-02T22:05:16+08:00 ] 127.0.0.1 /category/nestedList
ERR: Think\Model:getNestedListÊñπÊ≥ï‰∏çÂ≠òÂú®ÔºÅ

[ 2017-01-02T22:05:37+08:00 ] 127.0.0.1 /category/nestedList
ERR: Think\Model:getNestedListÊñπÊ≥ï‰∏çÂ≠òÂú®ÔºÅ

[ 2017-01-02T22:05:55+08:00 ] 127.0.0.1 /category/nestedList
ERR: Think\Model:getNestedListÊñπÊ≥ï‰∏çÂ≠òÂú®ÔºÅ

[ 2017-01-02T22:06:16+08:00 ] 127.0.0.1 /category/nestedList.html
INFO: [ app_begin ] --START--
INFO: Run Behavior\ReadHtmlCacheBehavior [ RunTime:0.000669s ]
INFO: [ app_begin ] --END-- [ RunTime:0.001399s ]
ERR: Think\Model:getNestedListÊñπÊ≥ï‰∏çÂ≠òÂú®ÔºÅ

[ 2017-01-02T22:19:14+08:00 ] 127.0.0.1 /category/nestedList
ERR: Êó†Ê≥ïÂä†ËΩΩÊéßÂà∂Âô®:['Shop

[ 2017-01-02T22:19:22+08:00 ] 127.0.0.1 /category/nestedList
ERR: Êó†Ê≥ïÂä†ËΩΩÊéßÂà∂Âô®:['Shop

[ 2017-01-02T22:19:23+08:00 ] 127.0.0.1 /category/nestedList
ERR: Êó†Ê≥ïÂä†ËΩΩÊéßÂà∂Âô®:['Shop

[ 2017-01-02T22:19:24+08:00 ] 127.0.0.1 /category/nestedList
ERR: Êó†Ê≥ïÂä†ËΩΩÊéßÂà∂Âô®:['Shop

[ 2017-01-02T22:19:24+08:00 ] 127.0.0.1 /category/nestedList
ERR: Êó†Ê≥ïÂä†ËΩΩÊéßÂà∂Âô®:['Shop

[ 2017-01-02T22:19:25+08:00 ] 127.0.0.1 /category/nestedList
ERR: Êó†Ê≥ïÂä†ËΩΩÊéßÂà∂Âô®:['Shop

[ 2017-01-02T22:19:25+08:00 ] 127.0.0.1 /category/nestedList
ERR: Êó†Ê≥ïÂä†ËΩΩÊéßÂà∂Âô®:['Shop

[ 2017-01-02T22:19:26+08:00 ] 127.0.0.1 /category/nestedList
ERR: Êó†Ê≥ïÂä†ËΩΩÊéßÂà∂Âô®:['Shop

[ 2017-01-02T22:20:05+08:00 ] 127.0.0.1 /category/nestedList
ERR: Think\Model:getNestedListÊñπÊ≥ï‰∏çÂ≠òÂú®ÔºÅ

[ 2017-01-02T22:29:41+08:00 ] 127.0.0.1 /category/nestedList
ERR: Think\Model:getNestedListÊñπÊ≥ï‰∏çÂ≠òÂú®ÔºÅ

[ 2017-01-02T22:29:42+08:00 ] 127.0.0.1 /category/nestedList
ERR: Think\Model:getNestedListÊñπÊ≥ï‰∏çÂ≠òÂú®ÔºÅ

[ 2017-01-02T22:29:43+08:00 ] 127.0.0.1 /category/nestedList
ERR: Think\Model:getNestedListÊñπÊ≥ï‰∏çÂ≠òÂú®ÔºÅ

[ 2017-01-02T22:34:38+08:00 ] 127.0.0.1 /category/nestedList
ERR: Think\Model:getNestedListÊñπÊ≥ï‰∏çÂ≠òÂú®ÔºÅ

[ 2017-01-02T22:34:39+08:00 ] 127.0.0.1 /category/nestedList
ERR: Think\Model:getNestedListÊñπÊ≥ï‰∏çÂ≠òÂú®ÔºÅ

[ 2017-01-02T22:34:39+08:00 ] 127.0.0.1 /category/nestedList
ERR: Think\Model:getNestedListÊñπÊ≥ï‰∏çÂ≠òÂú®ÔºÅ

[ 2017-01-02T22:34:39+08:00 ] 127.0.0.1 /category/nestedList
ERR: Think\Model:getNestedListÊñπÊ≥ï‰∏çÂ≠òÂú®ÔºÅ

[ 2017-01-02T22:34:39+08:00 ] 127.0.0.1 /category/nestedList
ERR: Think\Model:getNestedListÊñπÊ≥ï‰∏çÂ≠òÂú®ÔºÅ

[ 2017-01-02T22:34:40+08:00 ] 127.0.0.1 /category/nestedList
ERR: Think\Model:getNestedListÊñπÊ≥ï‰∏çÂ≠òÂú®ÔºÅ

[ 2017-01-02T22:34:42+08:00 ] 127.0.0.1 /category/nestedList.html
INFO: [ app_begin ] --START--
INFO: Run Behavior\ReadHtmlCacheBehavior [ RunTime:0.000655s ]
INFO: [ app_begin ] --END-- [ RunTime:0.001222s ]
ERR: Think\Model:getNestedListÊñπÊ≥ï‰∏çÂ≠òÂú®ÔºÅ

[ 2017-01-02T22:38:41+08:00 ] 127.0.0.1 /category/nestedList.html
INFO: [ app_begin ] --START--
INFO: Run Behavior\ReadHtmlCacheBehavior [ RunTime:0.000855s ]
INFO: [ app_begin ] --END-- [ RunTime:0.001682s ]
INFO: [ view_parse ] --START--
INFO: [ template_filter ] --START--
INFO: Run Behavior\ContentReplaceBehavior [ RunTime:0.000099s ]
INFO: [ template_filter ] --END-- [ RunTime:0.000143s ]
INFO: Run Behavior\ParseTemplateBehavior [ RunTime:0.013498s ]
INFO: [ view_parse ] --END-- [ RunTime:0.013549s ]
INFO: [ view_filter ] --START--
INFO: Run Behavior\WriteHtmlCacheBehavior [ RunTime:0.000755s ]
INFO: [ view_filter ] --END-- [ RunTime:0.000788s ]
INFO: [ app_end ] --START--
INFO: Run Behavior\ShowPageTraceBehavior [ RunTime:0.001076s ]
INFO: [ app_end ] --END-- [ RunTime:0.001139s ]

[ 2017-01-02T22:38:44+08:00 ] 127.0.0.1 /category/nestedList.html
INFO: [ app_begin ] --START--
INFO: Run Behavior\ReadHtmlCacheBehavior [ RunTime:0.000591s ]
INFO: [ app_begin ] --END-- [ RunTime:0.001127s ]
INFO: [ view_parse ] --START--
INFO: [ template_filter ] --START--
INFO: Run Behavior\ContentReplaceBehavior [ RunTime:0.000150s ]
INFO: [ template_filter ] --END-- [ RunTime:0.000229s ]
INFO: Run Behavior\ParseTemplateBehavior [ RunTime:0.012885s ]
INFO: [ view_parse ] --END-- [ RunTime:0.012931s ]
INFO: [ view_filter ] --START--
INFO: Run Behavior\WriteHtmlCacheBehavior [ RunTime:0.000812s ]
INFO: [ view_filter ] --END-- [ RunTime:0.000848s ]
INFO: [ app_end ] --START--
INFO: Run Behavior\ShowPageTraceBehavior [ RunTime:0.001061s ]
INFO: [ app_end ] --END-- [ RunTime:0.001116s ]

[ 2017-01-02T22:39:06+08:00 ] 127.0.0.1 /category/nestedList.html
INFO: [ app_begin ] --START--
INFO: Run Behavior\ReadHtmlCacheBehavior [ RunTime:0.000581s ]
INFO: [ app_begin ] --END-- [ RunTime:0.001081s ]
INFO: [ view_parse ] --START--
INFO: [ template_filter ] --START--
INFO: Run Behavior\ContentReplaceBehavior [ RunTime:0.000104s ]
INFO: [ template_filter ] --END-- [ RunTime:0.000144s ]
INFO: Run Behavior\ParseTemplateBehavior [ RunTime:0.012943s ]
INFO: [ view_parse ] --END-- [ RunTime:0.012984s ]
INFO: [ view_filter ] --START--
INFO: Run Behavior\WriteHtmlCacheBehavior [ RunTime:0.000717s ]
INFO: [ view_filter ] --END-- [ RunTime:0.000743s ]
INFO: [ app_end ] --START--
INFO: Run Behavior\ShowPageTraceBehavior [ RunTime:0.001144s ]
INFO: [ app_end ] --END-- [ RunTime:0.001217s ]

[ 2017-01-02T22:39:54+08:00 ] 127.0.0.1 /category/nestedList.html
INFO: [ app_begin ] --START--
INFO: Run Behavior\ReadHtmlCacheBehavior [ RunTime:0.000817s ]
INFO: [ app_begin ] --END-- [ RunTime:0.002103s ]
INFO: [ view_parse ] --START--
INFO: [ template_filter ] --START--
INFO: Run Behavior\ContentReplaceBehavior [ RunTime:0.000146s ]
INFO: [ template_filter ] --END-- [ RunTime:0.000208s ]
INFO: Run Behavior\ParseTemplateBehavior [ RunTime:0.013362s ]
INFO: [ view_parse ] --END-- [ RunTime:0.013416s ]
INFO: [ view_filter ] --START--
INFO: Run Behavior\WriteHtmlCacheBehavior [ RunTime:0.000818s ]
INFO: [ view_filter ] --END-- [ RunTime:0.000856s ]
INFO: [ app_end ] --START--
INFO: Run Behavior\ShowPageTraceBehavior [ RunTime:0.001005s ]
INFO: [ app_end ] --END-- [ RunTime:0.001059s ]

[ 2017-01-02T22:39:56+08:00 ] 127.0.0.1 /category/nestedList.html
INFO: [ app_begin ] --START--
INFO: Run Behavior\ReadHtmlCacheBehavior [ RunTime:0.000775s ]
INFO: [ app_begin ] --END-- [ RunTime:0.001538s ]
INFO: [ view_parse ] --START--
INFO: [ template_filter ] --START--
INFO: Run Behavior\ContentReplaceBehavior [ RunTime:0.000101s ]
INFO: [ template_filter ] --END-- [ RunTime:0.000148s ]
INFO: Run Behavior\ParseTemplateBehavior [ RunTime:0.016144s ]
INFO: [ view_parse ] --END-- [ RunTime:0.016199s ]
INFO: [ view_filter ] --START--
INFO: Run Behavior\WriteHtmlCacheBehavior [ RunTime:0.001031s ]
INFO: [ view_filter ] --END-- [ RunTime:0.001116s ]
INFO: [ app_end ] --START--
INFO: Run Behavior\ShowPageTraceBehavior [ RunTime:0.001651s ]
INFO: [ app_end ] --END-- [ RunTime:0.001728s ]

[ 2017-01-02T22:39:57+08:00 ] 127.0.0.1 /category/nestedList.html
INFO: [ app_begin ] --START--
INFO: Run Behavior\ReadHtmlCacheBehavior [ RunTime:0.000711s ]
INFO: [ app_begin ] --END-- [ RunTime:0.001344s ]
INFO: [ view_parse ] --START--
INFO: [ template_filter ] --START--
INFO: Run Behavior\ContentReplaceBehavior [ RunTime:0.000160s ]
INFO: [ template_filter ] --END-- [ RunTime:0.000209s ]
INFO: Run Behavior\ParseTemplateBehavior [ RunTime:0.017904s ]
INFO: [ view_parse ] --END-- [ RunTime:0.017960s ]
INFO: [ view_filter ] --START--
INFO: Run Behavior\WriteHtmlCacheBehavior [ RunTime:0.000733s ]
INFO: [ view_filter ] --END-- [ RunTime:0.000764s ]
INFO: [ app_end ] --START--
INFO: Run Behavior\ShowPageTraceBehavior [ RunTime:0.000995s ]
INFO: [ app_end ] --END-- [ RunTime:0.001044s ]

[ 2017-01-02T22:39:58+08:00 ] 127.0.0.1 /category/nestedList.html
INFO: [ app_begin ] --START--
INFO: Run Behavior\ReadHtmlCacheBehavior [ RunTime:0.000647s ]
INFO: [ app_begin ] --END-- [ RunTime:0.001302s ]
INFO: [ view_parse ] --START--
INFO: [ template_filter ] --START--
INFO: Run Behavior\ContentReplaceBehavior [ RunTime:0.000144s ]
INFO: [ template_filter ] --END-- [ RunTime:0.000210s ]
INFO: Run Behavior\ParseTemplateBehavior [ RunTime:0.013292s ]
INFO: [ view_parse ] --END-- [ RunTime:0.013335s ]
INFO: [ view_filter ] --START--
INFO: Run Behavior\WriteHtmlCacheBehavior [ RunTime:0.000743s ]
INFO: [ view_filter ] --END-- [ RunTime:0.000771s ]
INFO: [ app_end ] --START--
INFO: Run Behavior\ShowPageTraceBehavior [ RunTime:0.001028s ]
INFO: [ app_end ] --END-- [ RunTime:0.001082s ]

[ 2017-01-02T22:39:59+08:00 ] 127.0.0.1 /category/nestedList.html
INFO: [ app_begin ] --START--
INFO: Run Behavior\ReadHtmlCacheBehavior [ RunTime:0.000661s ]
INFO: [ app_begin ] --END-- [ RunTime:0.001256s ]
INFO: [ view_parse ] --START--
INFO: [ template_filter ] --START--
INFO: Run Behavior\ContentReplaceBehavior [ RunTime:0.000102s ]
INFO: [ template_filter ] --END-- [ RunTime:0.000145s ]
INFO: Run Behavior\ParseTemplateBehavior [ RunTime:0.017660s ]
INFO: [ view_parse ] --END-- [ RunTime:0.017710s ]
INFO: [ view_filter ] --START--
INFO: Run Behavior\WriteHtmlCacheBehavior [ RunTime:0.000730s ]
INFO: [ view_filter ] --END-- [ RunTime:0.000761s ]
INFO: [ app_end ] --START--
INFO: Run Behavior\ShowPageTraceBehavior [ RunTime:0.001211s ]
INFO: [ app_end ] --END-- [ RunTime:0.001267s ]

[ 2017-01-02T22:40:57+08:00 ] 127.0.0.1 /category/nestedList.html
INFO: [ app_begin ] --START--
INFO: Run Behavior\ReadHtmlCacheBehavior [ RunTime:0.000833s ]
INFO: [ app_begin ] --END-- [ RunTime:0.001669s ]
INFO: [ view_parse ] --START--
INFO: [ template_filter ] --START--
INFO: Run Behavior\ContentReplaceBehavior [ RunTime:0.000096s ]
INFO: [ template_filter ] --END-- [ RunTime:0.000136s ]
INFO: Run Behavior\ParseTemplateBehavior [ RunTime:0.012364s ]
INFO: [ view_parse ] --END-- [ RunTime:0.012420s ]
INFO: [ view_filter ] --START--
INFO: Run Behavior\WriteHtmlCacheBehavior [ RunTime:0.000765s ]
INFO: [ view_filter ] --END-- [ RunTime:0.000793s ]
INFO: [ app_end ] --START--
INFO: Run Behavior\ShowPageTraceBehavior [ RunTime:0.000995s ]
INFO: [ app_end ] --END-- [ RunTime:0.001041s ]

[ 2017-01-02T22:41:49+08:00 ] 127.0.0.1 /category/nestedList.html
INFO: [ app_begin ] --START--
INFO: Run Behavior\ReadHtmlCacheBehavior [ RunTime:0.000708s ]
INFO: [ app_begin ] --END-- [ RunTime:0.001365s ]
INFO: [ view_parse ] --START--
INFO: [ template_filter ] --START--
INFO: Run Behavior\ContentReplaceBehavior [ RunTime:0.000121s ]
INFO: [ template_filter ] --END-- [ RunTime:0.000161s ]
INFO: Run Behavior\ParseTemplateBehavior [ RunTime:0.012853s ]
INFO: [ view_parse ] --END-- [ RunTime:0.012944s ]
INFO: [ view_filter ] --START--
INFO: Run Behavior\WriteHtmlCacheBehavior [ RunTime:0.001298s ]
INFO: [ view_filter ] --END-- [ RunTime:0.001355s ]
INFO: [ app_end ] --START--
INFO: Run Behavior\ShowPageTraceBehavior [ RunTime:0.001524s ]
INFO: [ app_end ] --END-- [ RunTime:0.001590s ]

[ 2017-01-02T22:43:18+08:00 ] 127.0.0.1 /category/nestedList.html
INFO: [ app_begin ] --START--
INFO: Run Behavior\ReadHtmlCacheBehavior [ RunTime:0.000606s ]
INFO: [ app_begin ] --END-- [ RunTime:0.001142s ]
INFO: [ view_parse ] --START--
INFO: [ template_filter ] --START--
INFO: Run Behavior\ContentReplaceBehavior [ RunTime:0.000104s ]
INFO: [ template_filter ] --END-- [ RunTime:0.000156s ]
INFO: Run Behavior\ParseTemplateBehavior [ RunTime:0.012785s ]
INFO: [ view_parse ] --END-- [ RunTime:0.012834s ]
INFO: [ view_filter ] --START--
INFO: Run Behavior\WriteHtmlCacheBehavior [ RunTime:0.000804s ]
INFO: [ view_filter ] --END-- [ RunTime:0.000839s ]
INFO: [ app_end ] --START--
INFO: Run Behavior\ShowPageTraceBehavior [ RunTime:0.001079s ]
INFO: [ app_end ] --END-- [ RunTime:0.001136s ]

[ 2017-01-02T22:43:19+08:00 ] 127.0.0.1 /category/nestedList.html
INFO: [ app_begin ] --START--
INFO: Run Behavior\ReadHtmlCacheBehavior [ RunTime:0.000649s ]
INFO: [ app_begin ] --END-- [ RunTime:0.001206s ]
INFO: [ view_parse ] --START--
INFO: [ template_filter ] --START--
INFO: Run Behavior\ContentReplaceBehavior [ RunTime:0.000199s ]
INFO: [ template_filter ] --END-- [ RunTime:0.000259s ]
INFO: Run Behavior\ParseTemplateBehavior [ RunTime:0.015127s ]
INFO: [ view_parse ] --END-- [ RunTime:0.015194s ]
INFO: [ view_filter ] --START--
INFO: Run Behavior\WriteHtmlCacheBehavior [ RunTime:0.000870s ]
INFO: [ view_filter ] --END-- [ RunTime:0.000906s ]
INFO: [ app_end ] --START--
INFO: Run Behavior\ShowPageTraceBehavior [ RunTime:0.001270s ]
INFO: [ app_end ] --END-- [ RunTime:0.001345s ]

[ 2017-01-02T22:43:20+08:00 ] 127.0.0.1 /category/nestedList.html
INFO: [ app_begin ] --START--
INFO: Run Behavior\ReadHtmlCacheBehavior [ RunTime:0.001726s ]
INFO: [ app_begin ] --END-- [ RunTime:0.002726s ]
INFO: [ view_parse ] --START--
INFO: [ template_filter ] --START--
INFO: Run Behavior\ContentReplaceBehavior [ RunTime:0.000175s ]
INFO: [ template_filter ] --END-- [ RunTime:0.000288s ]
INFO: Run Behavior\ParseTemplateBehavior [ RunTime:0.015951s ]
INFO: [ view_parse ] --END-- [ RunTime:0.016020s ]
INFO: [ view_filter ] --START--
INFO: Run Behavior\WriteHtmlCacheBehavior [ RunTime:0.000971s ]
INFO: [ view_filter ] --END-- [ RunTime:0.001015s ]
INFO: [ app_end ] --START--
INFO: Run Behavior\ShowPageTraceBehavior [ RunTime:0.001186s ]
INFO: [ app_end ] --END-- [ RunTime:0.001265s ]

[ 2017-01-02T22:44:08+08:00 ] 127.0.0.1 /category/nestedList.html
INFO: [ app_begin ] --START--
INFO: Run Behavior\ReadHtmlCacheBehavior [ RunTime:0.000786s ]
INFO: [ app_begin ] --END-- [ RunTime:0.002690s ]
INFO: [ view_parse ] --START--
INFO: [ template_filter ] --START--
INFO: Run Behavior\ContentReplaceBehavior [ RunTime:0.000107s ]
INFO: [ template_filter ] --END-- [ RunTime:0.000156s ]
INFO: Run Behavior\ParseTemplateBehavior [ RunTime:0.012835s ]
INFO: [ view_parse ] --END-- [ RunTime:0.012883s ]
INFO: [ view_filter ] --START--
INFO: Run Behavior\WriteHtmlCacheBehavior [ RunTime:0.000700s ]
INFO: [ view_filter ] --END-- [ RunTime:0.000727s ]
INFO: [ app_end ] --START--
INFO: Run Behavior\ShowPageTraceBehavior [ RunTime:0.000962s ]
INFO: [ app_end ] --END-- [ RunTime:0.001007s ]

[ 2017-01-02T22:47:02+08:00 ] 127.0.0.1 /category/nestedList.html
INFO: [ app_begin ] --START--
INFO: Run Behavior\ReadHtmlCacheBehavior [ RunTime:0.000854s ]
INFO: [ app_begin ] --END-- [ RunTime:0.001452s ]
INFO: [ view_parse ] --START--
INFO: [ template_filter ] --START--
INFO: Run Behavior\ContentReplaceBehavior [ RunTime:0.000107s ]
INFO: [ template_filter ] --END-- [ RunTime:0.000152s ]
INFO: Run Behavior\ParseTemplateBehavior [ RunTime:0.012286s ]
INFO: [ view_parse ] --END-- [ RunTime:0.012333s ]
INFO: [ view_filter ] --START--
INFO: Run Behavior\WriteHtmlCacheBehavior [ RunTime:0.000975s ]
INFO: [ view_filter ] --END-- [ RunTime:0.001044s ]
INFO: [ app_end ] --START--
INFO: Run Behavior\ShowPageTraceBehavior [ RunTime:0.001209s ]
INFO: [ app_end ] --END-- [ RunTime:0.001343s ]

[ 2017-01-02T22:47:33+08:00 ] 127.0.0.1 /category/nestedList.html
INFO: [ app_begin ] --START--
INFO: Run Behavior\ReadHtmlCacheBehavior [ RunTime:0.000629s ]
INFO: [ app_begin ] --END-- [ RunTime:0.001153s ]
INFO: [ view_parse ] --START--
INFO: [ template_filter ] --START--
INFO: Run Behavior\ContentReplaceBehavior [ RunTime:0.000100s ]
INFO: [ template_filter ] --END-- [ RunTime:0.000144s ]
INFO: Run Behavior\ParseTemplateBehavior [ RunTime:0.012617s ]
INFO: [ view_parse ] --END-- [ RunTime:0.012661s ]
INFO: [ view_filter ] --START--
INFO: Run Behavior\WriteHtmlCacheBehavior [ RunTime:0.000734s ]
INFO: [ view_filter ] --END-- [ RunTime:0.000762s ]
INFO: [ app_end ] --START--
INFO: Run Behavior\ShowPageTraceBehavior [ RunTime:0.001298s ]
INFO: [ app_end ] --END-- [ RunTime:0.001359s ]

[ 2017-01-02T22:47:35+08:00 ] 127.0.0.1 /category/nestedList.html
INFO: [ app_begin ] --START--
INFO: Run Behavior\ReadHtmlCacheBehavior [ RunTime:0.000606s ]
INFO: [ app_begin ] --END-- [ RunTime:0.001106s ]
INFO: [ view_parse ] --START--
INFO: [ template_filter ] --START--
INFO: Run Behavior\ContentReplaceBehavior [ RunTime:0.000103s ]
INFO: [ template_filter ] --END-- [ RunTime:0.000148s ]
INFO: Run Behavior\ParseTemplateBehavior [ RunTime:0.013023s ]
INFO: [ view_parse ] --END-- [ RunTime:0.013065s ]
INFO: [ view_filter ] --START--
INFO: Run Behavior\WriteHtmlCacheBehavior [ RunTime:0.000796s ]
INFO: [ view_filter ] --END-- [ RunTime:0.000827s ]
INFO: [ app_end ] --START--
INFO: Run Behavior\ShowPageTraceBehavior [ RunTime:0.001090s ]
INFO: [ app_end ] --END-- [ RunTime:0.001166s ]

[ 2017-01-02T22:47:35+08:00 ] 127.0.0.1 /category/nestedList.html
INFO: [ app_begin ] --START--
INFO: Run Behavior\ReadHtmlCacheBehavior [ RunTime:0.000703s ]
INFO: [ app_begin ] --END-- [ RunTime:0.001398s ]
INFO: [ view_parse ] --START--
INFO: [ template_filter ] --START--
INFO: Run Behavior\ContentReplaceBehavior [ RunTime:0.000172s ]
INFO: [ template_filter ] --END-- [ RunTime:0.000261s ]
INFO: Run Behavior\ParseTemplateBehavior [ RunTime:0.020359s ]
INFO: [ view_parse ] --END-- [ RunTime:0.020429s ]
INFO: [ view_filter ] --START--
INFO: Run Behavior\WriteHtmlCacheBehavior [ RunTime:0.001276s ]
INFO: [ view_filter ] --END-- [ RunTime:0.001337s ]
INFO: [ app_end ] --START--
INFO: Run Behavior\ShowPageTraceBehavior [ RunTime:0.001553s ]
INFO: [ app_end ] --END-- [ RunTime:0.001641s ]

[ 2017-01-02T22:47:36+08:00 ] 127.0.0.1 /category/nestedList.html
INFO: [ app_begin ] --START--
INFO: Run Behavior\ReadHtmlCacheBehavior [ RunTime:0.000837s ]
INFO: [ app_begin ] --END-- [ RunTime:0.001685s ]
INFO: [ view_parse ] --START--
INFO: [ template_filter ] --START--
INFO: Run Behavior\ContentReplaceBehavior [ RunTime:0.000187s ]
INFO: [ template_filter ] --END-- [ RunTime:0.000261s ]
INFO: Run Behavior\ParseTemplateBehavior [ RunTime:0.015930s ]
INFO: [ view_parse ] --END-- [ RunTime:0.016003s ]
INFO: [ view_filter ] --START--
INFO: Run Behavior\WriteHtmlCacheBehavior [ RunTime:0.000788s ]
INFO: [ view_filter ] --END-- [ RunTime:0.000827s ]
INFO: [ app_end ] --START--
INFO: Run Behavior\ShowPageTraceBehavior [ RunTime:0.001551s ]
INFO: [ app_end ] --END-- [ RunTime:0.001627s ]

[ 2017-01-02T22:49:13+08:00 ] 127.0.0.1 /category/nestedList.html
INFO: [ app_begin ] --START--
INFO: Run Behavior\ReadHtmlCacheBehavior [ RunTime:0.000624s ]
INFO: [ app_begin ] --END-- [ RunTime:0.001269s ]
INFO: [ view_parse ] --START--
INFO: [ template_filter ] --START--
INFO: Run Behavior\ContentReplaceBehavior [ RunTime:0.000104s ]
INFO: [ template_filter ] --END-- [ RunTime:0.000156s ]
INFO: Run Behavior\ParseTemplateBehavior [ RunTime:0.011452s ]
INFO: [ view_parse ] --END-- [ RunTime:0.011494s ]
INFO: [ view_filter ] --START--
INFO: Run Behavior\WriteHtmlCacheBehavior [ RunTime:0.000820s ]
INFO: [ view_filter ] --END-- [ RunTime:0.000870s ]
INFO: [ app_end ] --START--
INFO: Run Behavior\ShowPageTraceBehavior [ RunTime:0.001510s ]
INFO: [ app_end ] --END-- [ RunTime:0.001588s ]

[ 2017-01-02T22:49:21+08:00 ] 127.0.0.1 /category/nestedList.html
INFO: [ app_begin ] --START--
INFO: Run Behavior\ReadHtmlCacheBehavior [ RunTime:0.000649s ]
INFO: [ app_begin ] --END-- [ RunTime:0.001252s ]
INFO: [ view_parse ] --START--
INFO: [ template_filter ] --START--
INFO: Run Behavior\ContentReplaceBehavior [ RunTime:0.000098s ]
INFO: [ template_filter ] --END-- [ RunTime:0.000141s ]
INFO: Run Behavior\ParseTemplateBehavior [ RunTime:0.012155s ]
INFO: [ view_parse ] --END-- [ RunTime:0.012217s ]
INFO: [ view_filter ] --START--
INFO: Run Behavior\WriteHtmlCacheBehavior [ RunTime:0.000942s ]
INFO: [ view_filter ] --END-- [ RunTime:0.000982s ]
INFO: [ app_end ] --START--
INFO: Run Behavior\ShowPageTraceBehavior [ RunTime:0.001150s ]
INFO: [ app_end ] --END-- [ RunTime:0.001204s ]

[ 2017-01-02T22:49:22+08:00 ] 127.0.0.1 /category/nestedList.html
INFO: [ app_begin ] --START--
INFO: Run Behavior\ReadHtmlCacheBehavior [ RunTime:0.000723s ]
INFO: [ app_begin ] --END-- [ RunTime:0.001338s ]
INFO: [ view_parse ] --START--
INFO: [ template_filter ] --START--
INFO: Run Behavior\ContentReplaceBehavior [ RunTime:0.000097s ]
INFO: [ template_filter ] --END-- [ RunTime:0.000139s ]
INFO: Run Behavior\ParseTemplateBehavior [ RunTime:0.014960s ]
INFO: [ view_parse ] --END-- [ RunTime:0.015005s ]
INFO: [ view_filter ] --START--
INFO: Run Behavior\WriteHtmlCacheBehavior [ RunTime:0.000758s ]
INFO: [ view_filter ] --END-- [ RunTime:0.000789s ]
INFO: [ app_end ] --START--
INFO: Run Behavior\ShowPageTraceBehavior [ RunTime:0.001395s ]
INFO: [ app_end ] --END-- [ RunTime:0.001468s ]

[ 2017-01-02T22:49:23+08:00 ] 127.0.0.1 /category/nestedList.html
INFO: [ app_begin ] --START--
INFO: Run Behavior\ReadHtmlCacheBehavior [ RunTime:0.000662s ]
INFO: [ app_begin ] --END-- [ RunTime:0.001358s ]
INFO: [ view_parse ] --START--
INFO: [ template_filter ] --START--
INFO: Run Behavior\ContentReplaceBehavior [ RunTime:0.000101s ]
INFO: [ template_filter ] --END-- [ RunTime:0.000148s ]
INFO: Run Behavior\ParseTemplateBehavior [ RunTime:0.012223s ]
INFO: [ view_parse ] --END-- [ RunTime:0.012271s ]
INFO: [ view_filter ] --START--
INFO: Run Behavior\WriteHtmlCacheBehavior [ RunTime:0.000746s ]
INFO: [ view_filter ] --END-- [ RunTime:0.000778s ]
INFO: [ app_end ] --START--
INFO: Run Behavior\ShowPageTraceBehavior [ RunTime:0.001379s ]
INFO: [ app_end ] --END-- [ RunTime:0.001448s ]

[ 2017-01-02T22:50:47+08:00 ] 127.0.0.1 /category/nestedList
ERR: Think\Model:getNestedListÊñπÊ≥ï‰∏çÂ≠òÂú®ÔºÅ

[ 2017-01-02T22:53:21+08:00 ] 127.0.0.1 /category/nestedList
ERR: Think\Model:getNestedListÊñπÊ≥ï‰∏çÂ≠òÂú®ÔºÅ

[ 2017-01-02T22:53:39+08:00 ] 127.0.0.1 /category/nestedList.html
INFO: [ app_begin ] --START--
INFO: Run Behavior\ReadHtmlCacheBehavior [ RunTime:0.000582s ]
INFO: [ app_begin ] --END-- [ RunTime:0.001160s ]
ERR: Think\Model:getNestedListÊñπÊ≥ï‰∏çÂ≠òÂú®ÔºÅ

[ 2017-01-02T22:54:02+08:00 ] 127.0.0.1 /category/nestedList
ERR: Think\Model:getNestedListÊñπÊ≥ï‰∏çÂ≠òÂú®ÔºÅ

[ 2017-01-02T22:55:48+08:00 ] 127.0.0.1 /category/nestedList
ERR: Think\Model:getNestedListÊñπÊ≥ï‰∏çÂ≠òÂú®ÔºÅ

[ 2017-01-02T22:58:18+08:00 ] 127.0.0.1 /category/nestedList
ERR: Think\Model:getNestedListÊñπÊ≥ï‰∏çÂ≠òÂú®ÔºÅ

[ 2017-01-02T22:58:19+08:00 ] 127.0.0.1 /category/nestedList
ERR: Think\Model:getNestedListÊñπÊ≥ï‰∏çÂ≠òÂú®ÔºÅ

[ 2017-01-02T22:58:19+08:00 ] 127.0.0.1 /category/nestedList
ERR: Think\Model:getNestedListÊñπÊ≥ï‰∏çÂ≠òÂú®ÔºÅ

[ 2017-01-02T22:58:19+08:00 ] 127.0.0.1 /category/nestedList
ERR: Think\Model:getNestedListÊñπÊ≥ï‰∏çÂ≠òÂú®ÔºÅ

[ 2017-01-02T22:58:19+08:00 ] 127.0.0.1 /category/nestedList
ERR: Think\Model:getNestedListÊñπÊ≥ï‰∏çÂ≠òÂú®ÔºÅ

[ 2017-01-02T22:58:20+08:00 ] 127.0.0.1 /category/nestedList
ERR: Think\Model:getNestedListÊñπÊ≥ï‰∏çÂ≠òÂú®ÔºÅ

[ 2017-01-02T22:58:20+08:00 ] 127.0.0.1 /category/nestedList
ERR: Think\Model:getNestedListÊñπÊ≥ï‰∏çÂ≠òÂú®ÔºÅ

[ 2017-01-02T22:58:20+08:00 ] 127.0.0.1 /category/nestedList
ERR: Think\Model:getNestedListÊñπÊ≥ï‰∏çÂ≠òÂú®ÔºÅ

[ 2017-01-02T22:58:20+08:00 ] 127.0.0.1 /category/nestedList
ERR: Think\Model:getNestedListÊñπÊ≥ï‰∏çÂ≠òÂú®ÔºÅ

[ 2017-01-02T22:58:20+08:00 ] 127.0.0.1 /category/nestedList
ERR: Think\Model:getNestedListÊñπÊ≥ï‰∏çÂ≠òÂú®ÔºÅ

[ 2017-01-02T22:58:21+08:00 ] 127.0.0.1 /category/nestedList
ERR: Think\Model:getNestedListÊñπÊ≥ï‰∏çÂ≠òÂú®ÔºÅ

[ 2017-01-02T22:58:21+08:00 ] 127.0.0.1 /category/nestedList
ERR: Think\Model:getNestedListÊñπÊ≥ï‰∏çÂ≠òÂú®ÔºÅ

[ 2017-01-02T22:58:21+08:00 ] 127.0.0.1 /category/nestedList
ERR: Think\Model:getNestedListÊñπÊ≥ï‰∏çÂ≠òÂú®ÔºÅ

[ 2017-01-02T22:58:21+08:00 ] 127.0.0.1 /category/nestedList
ERR: Think\Model:getNestedListÊñπÊ≥ï‰∏çÂ≠òÂú®ÔºÅ

[ 2017-01-02T22:58:22+08:00 ] 127.0.0.1 /category/nestedList
ERR: Think\Model:getNestedListÊñπÊ≥ï‰∏çÂ≠òÂú®ÔºÅ

[ 2017-01-02T22:58:22+08:00 ] 127.0.0.1 /category/nestedList
ERR: Think\Model:getNestedListÊñπÊ≥ï‰∏çÂ≠òÂú®ÔºÅ

[ 2017-01-02T22:58:22+08:00 ] 127.0.0.1 /category/nestedList
ERR: Think\Model:getNestedListÊñπÊ≥ï‰∏çÂ≠òÂú®ÔºÅ

[ 2017-01-02T22:58:22+08:00 ] 127.0.0.1 /category/nestedList
ERR: Think\Model:getNestedListÊñπÊ≥ï‰∏çÂ≠òÂú®ÔºÅ

[ 2017-01-02T22:58:23+08:00 ] 127.0.0.1 /category/nestedList
ERR: Think\Model:getNestedListÊñπÊ≥ï‰∏çÂ≠òÂú®ÔºÅ

[ 2017-01-02T22:58:23+08:00 ] 127.0.0.1 /category/nestedList
ERR: Think\Model:getNestedListÊñπÊ≥ï‰∏çÂ≠òÂú®ÔºÅ

[ 2017-01-02T22:58:23+08:00 ] 127.0.0.1 /category/nestedList
ERR: Think\Model:getNestedListÊñπÊ≥ï‰∏çÂ≠òÂú®ÔºÅ

[ 2017-01-02T23:23:35+08:00 ] 127.0.0.1 /category/nestedList
ERR: Think\Model:getNestedListÊñπÊ≥ï‰∏çÂ≠òÂú®ÔºÅ

[ 2017-01-02T23:23:36+08:00 ] 127.0.0.1 /category/nestedList
ERR: Think\Model:getNestedListÊñπÊ≥ï‰∏çÂ≠òÂú®ÔºÅ

[ 2017-01-02T23:23:36+08:00 ] 127.0.0.1 /category/nestedList
ERR: Think\Model:getNestedListÊñπÊ≥ï‰∏çÂ≠òÂú®ÔºÅ

[ 2017-01-02T23:23:37+08:00 ] 127.0.0.1 /category/nestedList
ERR: Think\Model:getNestedListÊñπÊ≥ï‰∏çÂ≠òÂú®ÔºÅ

[ 2017-01-02T23:23:37+08:00 ] 127.0.0.1 /category/nestedList
ERR: Think\Model:getNestedListÊñπÊ≥ï‰∏çÂ≠òÂú®ÔºÅ

[ 2017-01-02T23:23:37+08:00 ] 127.0.0.1 /category/nestedList
ERR: Think\Model:getNestedListÊñπÊ≥ï‰∏çÂ≠òÂú®ÔºÅ

[ 2017-01-02T23:23:38+08:00 ] 127.0.0.1 /category/nestedList
ERR: Think\Model:getNestedListÊñπÊ≥ï‰∏çÂ≠òÂú®ÔºÅ

[ 2017-01-02T23:23:38+08:00 ] 127.0.0.1 /category/nestedList
ERR: Think\Model:getNestedListÊñπÊ≥ï‰∏çÂ≠òÂú®ÔºÅ

[ 2017-01-02T23:23:39+08:00 ] 127.0.0.1 /category/nestedList
ERR: Think\Model:getNestedListÊñπÊ≥ï‰∏çÂ≠òÂú®ÔºÅ

[ 2017-01-02T23:23:40+08:00 ] 127.0.0.1 /category/nestedList
ERR: Think\Model:getNestedListÊñπÊ≥ï‰∏çÂ≠òÂú®ÔºÅ

[ 2017-01-02T23:26:02+08:00 ] 127.0.0.1 /category/nestedList
ERR: Think\Model:getNestedListÊñπÊ≥ï‰∏çÂ≠òÂú®ÔºÅ

[ 2017-01-02T23:26:05+08:00 ] 127.0.0.1 /category/nestedList
ERR: Think\Model:getNestedListÊñπÊ≥ï‰∏çÂ≠òÂú®ÔºÅ

[ 2017-01-02T23:26:05+08:00 ] 127.0.0.1 /category/nestedList
ERR: Think\Model:getNestedListÊñπÊ≥ï‰∏çÂ≠òÂú®ÔºÅ

[ 2017-01-02T23:26:05+08:00 ] 127.0.0.1 /category/nestedList
ERR: Think\Model:getNestedListÊñπÊ≥ï‰∏çÂ≠òÂú®ÔºÅ

[ 2017-01-02T23:26:06+08:00 ] 127.0.0.1 /category/nestedList
ERR: Think\Model:getNestedListÊñπÊ≥ï‰∏çÂ≠òÂú®ÔºÅ

[ 2017-01-02T23:26:06+08:00 ] 127.0.0.1 /category/nestedList
ERR: Think\Model:getNestedListÊñπÊ≥ï‰∏çÂ≠òÂú®ÔºÅ

[ 2017-01-02T23:26:06+08:00 ] 127.0.0.1 /category/nestedList
ERR: Think\Model:getNestedListÊñπÊ≥ï‰∏çÂ≠òÂú®ÔºÅ

[ 2017-01-02T23:26:07+08:00 ] 127.0.0.1 /category/nestedList
ERR: Think\Model:getNestedListÊñπÊ≥ï‰∏çÂ≠òÂú®ÔºÅ

[ 2017-01-02T23:26:07+08:00 ] 127.0.0.1 /category/nestedList
ERR: Think\Model:getNestedListÊñπÊ≥ï‰∏çÂ≠òÂú®ÔºÅ

[ 2017-01-02T23:26:07+08:00 ] 127.0.0.1 /category/nestedList
ERR: Think\Model:getNestedListÊñπÊ≥ï‰∏çÂ≠òÂú®ÔºÅ

[ 2017-01-02T23:29:24+08:00 ] 127.0.0.1 /category/nestedList
ERR: SQLSTATE[HY000] [2002] ”…”⁄ƒø±Íº∆À„ª˙ª˝º´æ‹æ¯£¨Œﬁ∑®¡¨Ω”°£


[ 2017-01-02T23:31:04+08:00 ] 127.0.0.1 /category/nestedList
ERR: SQLSTATE[HY000] [2002] ”…”⁄ƒø±Íº∆À„ª˙ª˝º´æ‹æ¯£¨Œﬁ∑®¡¨Ω”°£


[ 2017-01-02T23:31:13+08:00 ] 127.0.0.1 /category/nestedList.html
INFO: [ app_begin ] --START--
INFO: Run Behavior\ReadHtmlCacheBehavior [ RunTime:0.000699s ]
INFO: [ app_begin ] --END-- [ RunTime:0.001381s ]
ERR: SQLSTATE[HY000] [2002] ”…”⁄ƒø±Íº∆À„ª˙ª˝º´æ‹æ¯£¨Œﬁ∑®¡¨Ω”°£


[ 2017-01-02T23:31:27+08:00 ] 127.0.0.1 /category/nestedList
ERR: SQLSTATE[HY000] [2002] ”…”⁄ƒø±Íº∆À„ª˙ª˝º´æ‹æ¯£¨Œﬁ∑®¡¨Ω”°£


[ 2017-01-02T23:47:49+08:00 ] 127.0.0.1 /category/nestedList.html
INFO: [ app_begin ] --START--
INFO: Run Behavior\ReadHtmlCacheBehavior [ RunTime:0.000732s ]
INFO: [ app_begin ] --END-- [ RunTime:0.001373s ]
SQL: SELECT * FROM `sun_category` WHERE `category_id` <> '1' AND `is_used` = 1 AND `is_nav` = 1 ORDER BY sort_number  [ RunTime:0.0002s ]

