[ 2016-12-31T13:37:32+08:00 ] 127.0.0.1 /php4/buyplus/index.php/Back/Goods/ajax/operate/getAttrList.html?type_id=1
INFO: [ app_begin ] --START--
INFO: Run Behavior\ReadHtmlCacheBehavior [ RunTime:0.000708s ]
INFO: [ app_begin ] --END-- [ RunTime:0.001402s ]
SQL: SELECT * FROM sun_attribute a left join sun_attribute_type at using(attribute_type_id)  WHERE `type_id` = '1'  [ RunTime:0.0002s ]
SQL: SELECT * FROM `sun_attribute_option` WHERE ( 1=1 AND attribute_id='2' )  [ RunTime:0.0002s ]
SQL: SELECT * FROM `sun_attribute_option` WHERE ( 1=1 AND attribute_id='3' )  [ RunTime:0.0002s ]
SQL: SELECT * FROM `sun_attribute_option` WHERE ( 1=1 AND attribute_id='4' )  [ RunTime:0.0002s ]
SQL: SELECT * FROM `sun_attribute_option` WHERE ( 1=1 AND attribute_id='5' )  [ RunTime:0.0001s ]

[ 2016-12-31T13:45:47+08:00 ] 127.0.0.1 /php4/buyplus/index.php/Back/Goods/ajax/operate/getAttrList.html?type_id=1
INFO: [ app_begin ] --START--
INFO: Run Behavior\ReadHtmlCacheBehavior [ RunTime:0.001279s ]
INFO: [ app_begin ] --END-- [ RunTime:0.002026s ]
SQL: SELECT * FROM sun_attribute a left join sun_attribute_type at using(attribute_type_id)  WHERE `type_id` = '1'  [ RunTime:0.0002s ]
SQL: SELECT * FROM `sun_attribute_option` WHERE ( 1=1 AND attribute_id='2' )  [ RunTime:0.0005s ]
SQL: SELECT * FROM `sun_attribute_option` WHERE ( 1=1 AND attribute_id='3' )  [ RunTime:0.0004s ]
SQL: SELECT * FROM `sun_attribute_option` WHERE ( 1=1 AND attribute_id='4' )  [ RunTime:0.0002s ]
SQL: SELECT * FROM `sun_attribute_option` WHERE ( 1=1 AND attribute_id='5' )  [ RunTime:0.0003s ]

[ 2016-12-31T13:46:11+08:00 ] 127.0.0.1 /php4/buyplus/index.php/Back/Goods/edit.html
ERR: 1064:You have an error in your SQL syntax; check the manual that corresponds to your MySQL server version for the right syntax to use near ')' at line 1
 [ SQL语句 ] : DELETE FROM `sun_goods_attribute_option` WHERE `goods_attribute_id` IN ()

[ 2016-12-31T13:47:28+08:00 ] 127.0.0.1 /php4/buyplus/index.php/Back/Goods/ajax/operate/getAttrList.html?type_id=2
INFO: [ app_begin ] --START--
INFO: Run Behavior\ReadHtmlCacheBehavior [ RunTime:0.001688s ]
INFO: [ app_begin ] --END-- [ RunTime:0.002703s ]
SQL: SELECT * FROM sun_attribute a left join sun_attribute_type at using(attribute_type_id)  WHERE `type_id` = '2'  [ RunTime:0.0008s ]

[ 2016-12-31T13:47:32+08:00 ] 127.0.0.1 /php4/buyplus/index.php/Back/Goods/ajax/operate/getAttrList.html?type_id=1
INFO: [ app_begin ] --START--
INFO: Run Behavior\ReadHtmlCacheBehavior [ RunTime:0.001353s ]
INFO: [ app_begin ] --END-- [ RunTime:0.002084s ]
SQL: SELECT * FROM sun_attribute a left join sun_attribute_type at using(attribute_type_id)  WHERE `type_id` = '1'  [ RunTime:0.0002s ]
SQL: SELECT * FROM `sun_attribute_option` WHERE ( 1=1 AND attribute_id='2' )  [ RunTime:0.0003s ]
SQL: SELECT * FROM `sun_attribute_option` WHERE ( 1=1 AND attribute_id='3' )  [ RunTime:0.0004s ]
SQL: SELECT * FROM `sun_attribute_option` WHERE ( 1=1 AND attribute_id='4' )  [ RunTime:0.0004s ]
SQL: SELECT * FROM `sun_attribute_option` WHERE ( 1=1 AND attribute_id='5' )  [ RunTime:0.0002s ]

[ 2016-12-31T13:51:31+08:00 ] 127.0.0.1 /php4/buyplus/index.php/Back/Goods/ajax/operate/imageUpload.html
INFO: [ app_begin ] --START--
INFO: Run Behavior\ReadHtmlCacheBehavior [ RunTime:0.000616s ]
INFO: [ app_begin ] --END-- [ RunTime:0.001252s ]
NOTIC: [2] call_user_func() expects parameter 1 to be a valid callback, no array or string given D:\tnwamp\Apache24\htdocs\daniu\php4\buyplus\ThinkPHP\Library\Think\Upload.class.php 第 170 行.

[ 2016-12-31T13:52:22+08:00 ] 127.0.0.1 /php4/buyplus/index.php/Back/Goods/ajax/operate/galleriesUpload.html
INFO: [ app_begin ] --START--
INFO: Run Behavior\ReadHtmlCacheBehavior [ RunTime:0.001272s ]
INFO: [ app_begin ] --END-- [ RunTime:0.002105s ]
NOTIC: [2] call_user_func() expects parameter 1 to be a valid callback, no array or string given D:\tnwamp\Apache24\htdocs\daniu\php4\buyplus\ThinkPHP\Library\Think\Upload.class.php 第 170 行.
NOTIC: [8] Undefined variable: x D:\tnwamp\Apache24\htdocs\daniu\php4\buyplus\ThinkPHP\Library\Think\Image\Driver\Gd.class.php 第 270 行.
NOTIC: [8] Undefined variable: y D:\tnwamp\Apache24\htdocs\daniu\php4\buyplus\ThinkPHP\Library\Think\Image\Driver\Gd.class.php 第 270 行.
NOTIC: [8] Undefined variable: x D:\tnwamp\Apache24\htdocs\daniu\php4\buyplus\ThinkPHP\Library\Think\Image\Driver\Gd.class.php 第 270 行.
NOTIC: [8] Undefined variable: y D:\tnwamp\Apache24\htdocs\daniu\php4\buyplus\ThinkPHP\Library\Think\Image\Driver\Gd.class.php 第 270 行.
NOTIC: [8] Undefined variable: x D:\tnwamp\Apache24\htdocs\daniu\php4\buyplus\ThinkPHP\Library\Think\Image\Driver\Gd.class.php 第 270 行.
NOTIC: [8] Undefined variable: y D:\tnwamp\Apache24\htdocs\daniu\php4\buyplus\ThinkPHP\Library\Think\Image\Driver\Gd.class.php 第 270 行.

[ 2016-12-31T13:52:22+08:00 ] 127.0.0.1 /php4/buyplus/index.php/Back/Goods/ajax/operate/galleriesUpload.html
INFO: [ app_begin ] --START--
INFO: Run Behavior\ReadHtmlCacheBehavior [ RunTime:0.001277s ]
INFO: [ app_begin ] --END-- [ RunTime:0.002146s ]
NOTIC: [2] call_user_func() expects parameter 1 to be a valid callback, no array or string given D:\tnwamp\Apache24\htdocs\daniu\php4\buyplus\ThinkPHP\Library\Think\Upload.class.php 第 170 行.
NOTIC: [8] Undefined variable: x D:\tnwamp\Apache24\htdocs\daniu\php4\buyplus\ThinkPHP\Library\Think\Image\Driver\Gd.class.php 第 270 行.
NOTIC: [8] Undefined variable: y D:\tnwamp\Apache24\htdocs\daniu\php4\buyplus\ThinkPHP\Library\Think\Image\Driver\Gd.class.php 第 270 行.
NOTIC: [8] Undefined variable: x D:\tnwamp\Apache24\htdocs\daniu\php4\buyplus\ThinkPHP\Library\Think\Image\Driver\Gd.class.php 第 270 行.
NOTIC: [8] Undefined variable: y D:\tnwamp\Apache24\htdocs\daniu\php4\buyplus\ThinkPHP\Library\Think\Image\Driver\Gd.class.php 第 270 行.
NOTIC: [8] Undefined variable: x D:\tnwamp\Apache24\htdocs\daniu\php4\buyplus\ThinkPHP\Library\Think\Image\Driver\Gd.class.php 第 270 行.
NOTIC: [8] Undefined variable: y D:\tnwamp\Apache24\htdocs\daniu\php4\buyplus\ThinkPHP\Library\Think\Image\Driver\Gd.class.php 第 270 行.

[ 2016-12-31T13:52:22+08:00 ] 127.0.0.1 /php4/buyplus/index.php/Back/Goods/ajax/operate/galleriesUpload.html
INFO: [ app_begin ] --START--
INFO: Run Behavior\ReadHtmlCacheBehavior [ RunTime:0.001420s ]
INFO: [ app_begin ] --END-- [ RunTime:0.002295s ]
NOTIC: [2] call_user_func() expects parameter 1 to be a valid callback, no array or string given D:\tnwamp\Apache24\htdocs\daniu\php4\buyplus\ThinkPHP\Library\Think\Upload.class.php 第 170 行.
NOTIC: [8] Undefined variable: x D:\tnwamp\Apache24\htdocs\daniu\php4\buyplus\ThinkPHP\Library\Think\Image\Driver\Gd.class.php 第 270 行.
NOTIC: [8] Undefined variable: y D:\tnwamp\Apache24\htdocs\daniu\php4\buyplus\ThinkPHP\Library\Think\Image\Driver\Gd.class.php 第 270 行.
NOTIC: [8] Undefined variable: x D:\tnwamp\Apache24\htdocs\daniu\php4\buyplus\ThinkPHP\Library\Think\Image\Driver\Gd.class.php 第 270 行.
NOTIC: [8] Undefined variable: y D:\tnwamp\Apache24\htdocs\daniu\php4\buyplus\ThinkPHP\Library\Think\Image\Driver\Gd.class.php 第 270 行.
NOTIC: [8] Undefined variable: x D:\tnwamp\Apache24\htdocs\daniu\php4\buyplus\ThinkPHP\Library\Think\Image\Driver\Gd.class.php 第 270 行.
NOTIC: [8] Undefined variable: y D:\tnwamp\Apache24\htdocs\daniu\php4\buyplus\ThinkPHP\Library\Think\Image\Driver\Gd.class.php 第 270 行.

[ 2016-12-31T13:52:23+08:00 ] 127.0.0.1 /php4/buyplus/index.php/Back/Goods/ajax/operate/galleriesUpload.html
INFO: [ app_begin ] --START--
INFO: Run Behavior\ReadHtmlCacheBehavior [ RunTime:0.003621s ]
INFO: [ app_begin ] --END-- [ RunTime:0.005112s ]
NOTIC: [2] call_user_func() expects parameter 1 to be a valid callback, no array or string given D:\tnwamp\Apache24\htdocs\daniu\php4\buyplus\ThinkPHP\Library\Think\Upload.class.php 第 170 行.
NOTIC: [8] Undefined variable: x D:\tnwamp\Apache24\htdocs\daniu\php4\buyplus\ThinkPHP\Library\Think\Image\Driver\Gd.class.php 第 270 行.
NOTIC: [8] Undefined variable: y D:\tnwamp\Apache24\htdocs\daniu\php4\buyplus\ThinkPHP\Library\Think\Image\Driver\Gd.class.php 第 270 行.
NOTIC: [8] Undefined variable: x D:\tnwamp\Apache24\htdocs\daniu\php4\buyplus\ThinkPHP\Library\Think\Image\Driver\Gd.class.php 第 270 行.
NOTIC: [8] Undefined variable: y D:\tnwamp\Apache24\htdocs\daniu\php4\buyplus\ThinkPHP\Library\Think\Image\Driver\Gd.class.php 第 270 行.
NOTIC: [8] Undefined variable: x D:\tnwamp\Apache24\htdocs\daniu\php4\buyplus\ThinkPHP\Library\Think\Image\Driver\Gd.class.php 第 270 行.
NOTIC: [8] Undefined variable: y D:\tnwamp\Apache24\htdocs\daniu\php4\buyplus\ThinkPHP\Library\Think\Image\Driver\Gd.class.php 第 270 行.

[ 2016-12-31T13:52:27+08:00 ] 127.0.0.1 /php4/buyplus/index.php/Back/Goods/ajax/operate/getAttrList.html?type_id=1
INFO: [ app_begin ] --START--
INFO: Run Behavior\ReadHtmlCacheBehavior [ RunTime:0.003295s ]
INFO: [ app_begin ] --END-- [ RunTime:0.004448s ]
SQL: SELECT * FROM sun_attribute a left join sun_attribute_type at using(attribute_type_id)  WHERE `type_id` = '1'  [ RunTime:0.0003s ]
SQL: SELECT * FROM `sun_attribute_option` WHERE ( 1=1 AND attribute_id='2' )  [ RunTime:0.0003s ]
SQL: SELECT * FROM `sun_attribute_option` WHERE ( 1=1 AND attribute_id='3' )  [ RunTime:0.0002s ]
SQL: SELECT * FROM `sun_attribute_option` WHERE ( 1=1 AND attribute_id='4' )  [ RunTime:0.0002s ]
SQL: SELECT * FROM `sun_attribute_option` WHERE ( 1=1 AND attribute_id='5' )  [ RunTime:0.0001s ]

