[ 2016-12-20T20:10:22+08:00 ] 127.0.0.1 /php4/buyplus/back/brand/list
ERR: SQLSTATE[HY000] [2002] 由于目标计算机积极拒绝，无法连接。


[ 2016-12-20T20:11:01+08:00 ] 127.0.0.1 /php4/buyplus/index.php/Back/Brand/ajax/operate/titleUnique.html?title=%E5%9B%9B%E6%9C%9F
INFO: [ app_begin ] --START--
INFO: Run Behavior\ReadHtmlCacheBehavior [ RunTime:0.000771s ]
INFO: [ app_begin ] --END-- [ RunTime:0.001329s ]
ERR: SQLSTATE[HY000] [2002] 由于目标计算机积极拒绝，无法连接。


[ 2016-12-20T20:12:08+08:00 ] 127.0.0.1 /php4/buyplus/index.php/Back/Brand/ajax/operate/titleUnique.html?title=dfdf
INFO: [ app_begin ] --START--
INFO: Run Behavior\ReadHtmlCacheBehavior [ RunTime:0.000651s ]
INFO: [ app_begin ] --END-- [ RunTime:0.001331s ]
ERR: SQLSTATE[HY000] [2002] 由于目标计算机积极拒绝，无法连接。


[ 2016-12-20T20:12:43+08:00 ] 127.0.0.1 /php4/buyplus/index.php/Back/Brand/ajax/operate/titleUnique.html?title=rfdg
INFO: [ app_begin ] --START--
INFO: Run Behavior\ReadHtmlCacheBehavior [ RunTime:0.000945s ]
INFO: [ app_begin ] --END-- [ RunTime:0.001528s ]
ERR: SQLSTATE[HY000] [2002] 由于目标计算机积极拒绝，无法连接。


[ 2016-12-20T20:13:07+08:00 ] 127.0.0.1 /php4/buyplus/index.php/Back/Brand/ajax/operate/titleUnique.html?title=fr
INFO: [ app_begin ] --START--
INFO: Run Behavior\ReadHtmlCacheBehavior [ RunTime:0.001619s ]
INFO: [ app_begin ] --END-- [ RunTime:0.002600s ]
ERR: SQLSTATE[HY000] [2002] 由于目标计算机积极拒绝，无法连接。


[ 2016-12-20T20:13:30+08:00 ] 127.0.0.1 /php4/buyplus/index.php/Back/Brand/ajax/operate/titleUnique.html?title=gdf
INFO: [ app_begin ] --START--
INFO: Run Behavior\ReadHtmlCacheBehavior [ RunTime:0.001885s ]
INFO: [ app_begin ] --END-- [ RunTime:0.003186s ]
ERR: SQLSTATE[HY000] [2002] 由于目标计算机积极拒绝，无法连接。


[ 2016-12-20T20:14:28+08:00 ] 127.0.0.1 /php4/buyplus/index.php/Back/Brand/ajax/operate/titleUnique.html?title=thgf
INFO: [ app_begin ] --START--
INFO: Run Behavior\ReadHtmlCacheBehavior [ RunTime:0.000961s ]
INFO: [ app_begin ] --END-- [ RunTime:0.001704s ]
ERR: SQLSTATE[HY000] [2002] 由于目标计算机积极拒绝，无法连接。


[ 2016-12-20T20:15:07+08:00 ] 127.0.0.1 /php4/buyplus/index.php/Back/Brand/ajax/operate/titleUnique.html?title=rhngbf
INFO: [ app_begin ] --START--
INFO: Run Behavior\ReadHtmlCacheBehavior [ RunTime:0.000849s ]
INFO: [ app_begin ] --END-- [ RunTime:0.001509s ]
ERR: SQLSTATE[HY000] [2002] 由于目标计算机积极拒绝，无法连接。


[ 2016-12-20T20:15:23+08:00 ] 127.0.0.1 /php4/buyplus/index.php/Back/Brand/ajax/operate/titleUnique.html?title=trgf
INFO: [ app_begin ] --START--
INFO: Run Behavior\ReadHtmlCacheBehavior [ RunTime:0.000737s ]
INFO: [ app_begin ] --END-- [ RunTime:0.001359s ]
ERR: SQLSTATE[HY000] [2002] 由于目标计算机积极拒绝，无法连接。


[ 2016-12-20T20:16:11+08:00 ] 127.0.0.1 /php4/buyplus/index.php/Back/Brand/ajax/operate/titleUnique.html?title=tgf
INFO: [ app_begin ] --START--
INFO: Run Behavior\ReadHtmlCacheBehavior [ RunTime:0.000596s ]
INFO: [ app_begin ] --END-- [ RunTime:0.001307s ]
ERR: SQLSTATE[HY000] [2002] 由于目标计算机积极拒绝，无法连接。


[ 2016-12-20T20:16:47+08:00 ] 127.0.0.1 /php4/buyplus/index.php/Back/Brand/ajax/operate/titleUnique.html?title=sfdvb+
INFO: [ app_begin ] --START--
INFO: Run Behavior\ReadHtmlCacheBehavior [ RunTime:0.000582s ]
INFO: [ app_begin ] --END-- [ RunTime:0.001112s ]
ERR: SQLSTATE[HY000] [2002] 由于目标计算机积极拒绝，无法连接。


[ 2016-12-20T20:17:44+08:00 ] 127.0.0.1 /php4/buyplus/index.php/Back/Brand/ajax/operate/titleUnique.html?title=rfg
INFO: [ app_begin ] --START--
INFO: Run Behavior\ReadHtmlCacheBehavior [ RunTime:0.000930s ]
INFO: [ app_begin ] --END-- [ RunTime:0.001542s ]
ERR: SQLSTATE[HY000] [2002] 由于目标计算机积极拒绝，无法连接。


[ 2016-12-20T20:18:18+08:00 ] 127.0.0.1 /php4/buyplus/index.php/Back/Brand/ajax/operate/titleUnique.html?title=rf
INFO: [ app_begin ] --START--
INFO: Run Behavior\ReadHtmlCacheBehavior [ RunTime:0.000926s ]
INFO: [ app_begin ] --END-- [ RunTime:0.001511s ]
ERR: SQLSTATE[HY000] [2002] 由于目标计算机积极拒绝，无法连接。


[ 2016-12-20T20:18:19+08:00 ] 127.0.0.1 /php4/buyplus/index.php/Back/Brand/ajax/operate/titleUnique.html?title=r
INFO: [ app_begin ] --START--
INFO: Run Behavior\ReadHtmlCacheBehavior [ RunTime:0.000852s ]
INFO: [ app_begin ] --END-- [ RunTime:0.001431s ]
ERR: SQLSTATE[HY000] [2002] 由于目标计算机积极拒绝，无法连接。


[ 2016-12-20T20:18:29+08:00 ] 127.0.0.1 /php4/buyplus/index.php/Back/Brand/ajax/operate/titleUnique.html?title=sd
INFO: [ app_begin ] --START--
INFO: Run Behavior\ReadHtmlCacheBehavior [ RunTime:0.002247s ]
INFO: [ app_begin ] --END-- [ RunTime:0.004229s ]
ERR: SQLSTATE[HY000] [2002] 由于目标计算机积极拒绝，无法连接。


[ 2016-12-20T20:18:38+08:00 ] 127.0.0.1 /php4/buyplus/index.php/Back/Brand/ajax/operate/titleUnique.html?title=sds
INFO: [ app_begin ] --START--
INFO: Run Behavior\ReadHtmlCacheBehavior [ RunTime:0.000913s ]
INFO: [ app_begin ] --END-- [ RunTime:0.001667s ]
ERR: SQLSTATE[HY000] [2002] 由于目标计算机积极拒绝，无法连接。


[ 2016-12-20T20:18:40+08:00 ] 127.0.0.1 /php4/buyplus/index.php/Back/Brand/ajax/operate/titleUnique.html?title=sdsd
INFO: [ app_begin ] --START--
INFO: Run Behavior\ReadHtmlCacheBehavior [ RunTime:0.001369s ]
INFO: [ app_begin ] --END-- [ RunTime:0.002523s ]
ERR: SQLSTATE[HY000] [2002] 由于目标计算机积极拒绝，无法连接。


[ 2016-12-20T20:18:51+08:00 ] 127.0.0.1 /php4/buyplus/index.php/Back/Brand/ajax/operate/titleUnique.html?title=sdsdc
INFO: [ app_begin ] --START--
INFO: Run Behavior\ReadHtmlCacheBehavior [ RunTime:0.000931s ]
INFO: [ app_begin ] --END-- [ RunTime:0.001719s ]
ERR: SQLSTATE[HY000] [2002] 由于目标计算机积极拒绝，无法连接。


[ 2016-12-20T20:19:14+08:00 ] 127.0.0.1 /php4/buyplus/index.php/Back/Brand/ajax/operate/titleUnique.html?title=rtg
INFO: [ app_begin ] --START--
INFO: Run Behavior\ReadHtmlCacheBehavior [ RunTime:0.001642s ]
INFO: [ app_begin ] --END-- [ RunTime:0.002747s ]
ERR: SQLSTATE[HY000] [2002] 由于目标计算机积极拒绝，无法连接。


[ 2016-12-20T20:19:18+08:00 ] 127.0.0.1 /php4/buyplus/index.php/Back/Brand/ajax/operate/titleUnique.html?title=rtgg
INFO: [ app_begin ] --START--
INFO: Run Behavior\ReadHtmlCacheBehavior [ RunTime:0.000649s ]
INFO: [ app_begin ] --END-- [ RunTime:0.001201s ]
ERR: SQLSTATE[HY000] [2002] 由于目标计算机积极拒绝，无法连接。


[ 2016-12-20T20:19:20+08:00 ] 127.0.0.1 /php4/buyplus/index.php/Back/Brand/ajax/operate/titleUnique.html?title=rtggg
INFO: [ app_begin ] --START--
INFO: Run Behavior\ReadHtmlCacheBehavior [ RunTime:0.001134s ]
INFO: [ app_begin ] --END-- [ RunTime:0.002078s ]
ERR: SQLSTATE[HY000] [2002] 由于目标计算机积极拒绝，无法连接。


[ 2016-12-20T20:19:25+08:00 ] 127.0.0.1 /php4/buyplus/index.php/Back/Brand/ajax/operate/titleUnique.html?title=rtgggh
INFO: [ app_begin ] --START--
INFO: Run Behavior\ReadHtmlCacheBehavior [ RunTime:0.000629s ]
INFO: [ app_begin ] --END-- [ RunTime:0.001237s ]
ERR: SQLSTATE[HY000] [2002] 由于目标计算机积极拒绝，无法连接。


[ 2016-12-20T20:19:28+08:00 ] 127.0.0.1 /php4/buyplus/index.php/Back/Brand/ajax/operate/titleUnique.html?title=rtggghj
INFO: [ app_begin ] --START--
INFO: Run Behavior\ReadHtmlCacheBehavior [ RunTime:0.001386s ]
INFO: [ app_begin ] --END-- [ RunTime:0.002508s ]
ERR: SQLSTATE[HY000] [2002] 由于目标计算机积极拒绝，无法连接。


[ 2016-12-20T20:19:30+08:00 ] 127.0.0.1 /php4/buyplus/index.php/Back/Brand/ajax/operate/titleUnique.html?title=rtggghjj
INFO: [ app_begin ] --START--
INFO: Run Behavior\ReadHtmlCacheBehavior [ RunTime:0.001145s ]
INFO: [ app_begin ] --END-- [ RunTime:0.002146s ]
ERR: SQLSTATE[HY000] [2002] 由于目标计算机积极拒绝，无法连接。


[ 2016-12-20T20:19:34+08:00 ] 127.0.0.1 /php4/buyplus/index.php/Back/Brand/ajax/operate/titleUnique.html?title=rtggghjjt
INFO: [ app_begin ] --START--
INFO: Run Behavior\ReadHtmlCacheBehavior [ RunTime:0.000968s ]
INFO: [ app_begin ] --END-- [ RunTime:0.001823s ]
ERR: SQLSTATE[HY000] [2002] 由于目标计算机积极拒绝，无法连接。


[ 2016-12-20T20:20:43+08:00 ] 127.0.0.1 /php4/buyplus/index.php/Back/Brand/ajax/operate/titleUnique.html?title=bb
INFO: [ app_begin ] --START--
INFO: Run Behavior\ReadHtmlCacheBehavior [ RunTime:0.000748s ]
INFO: [ app_begin ] --END-- [ RunTime:0.001270s ]
ERR: SQLSTATE[HY000] [2002] 由于目标计算机积极拒绝，无法连接。


[ 2016-12-20T20:20:48+08:00 ] 127.0.0.1 /php4/buyplus/index.php/Back/Brand/ajax/operate/titleUnique.html?title=bbb
INFO: [ app_begin ] --START--
INFO: Run Behavior\ReadHtmlCacheBehavior [ RunTime:0.001174s ]
INFO: [ app_begin ] --END-- [ RunTime:0.002153s ]
ERR: SQLSTATE[HY000] [2002] 由于目标计算机积极拒绝，无法连接。


[ 2016-12-20T20:20:50+08:00 ] 127.0.0.1 /php4/buyplus/index.php/Back/Brand/ajax/operate/titleUnique.html?title=bbbb
INFO: [ app_begin ] --START--
INFO: Run Behavior\ReadHtmlCacheBehavior [ RunTime:0.001408s ]
INFO: [ app_begin ] --END-- [ RunTime:0.002542s ]
ERR: SQLSTATE[HY000] [2002] 由于目标计算机积极拒绝，无法连接。


[ 2016-12-20T20:20:52+08:00 ] 127.0.0.1 /php4/buyplus/index.php/Back/Brand/ajax/operate/titleUnique.html?title=bbbbn
INFO: [ app_begin ] --START--
INFO: Run Behavior\ReadHtmlCacheBehavior [ RunTime:0.000966s ]
INFO: [ app_begin ] --END-- [ RunTime:0.001765s ]
ERR: SQLSTATE[HY000] [2002] 由于目标计算机积极拒绝，无法连接。


[ 2016-12-20T20:21:00+08:00 ] 127.0.0.1 /php4/buyplus/index.php/Back/Brand/ajax/operate/titleUnique.html?title=bbbbnf
INFO: [ app_begin ] --START--
INFO: Run Behavior\ReadHtmlCacheBehavior [ RunTime:0.001527s ]
INFO: [ app_begin ] --END-- [ RunTime:0.002716s ]
ERR: SQLSTATE[HY000] [2002] 由于目标计算机积极拒绝，无法连接。


[ 2016-12-20T20:23:59+08:00 ] 127.0.0.1 /php4/buyplus/index.php/Back/Brand/ajax/operate/titleUnique.html?title=fffff
INFO: [ app_begin ] --START--
INFO: Run Behavior\ReadHtmlCacheBehavior [ RunTime:0.000634s ]
INFO: [ app_begin ] --END-- [ RunTime:0.001176s ]
ERR: SQLSTATE[HY000] [2002] 由于目标计算机积极拒绝，无法连接。


[ 2016-12-20T20:27:41+08:00 ] 127.0.0.1 /php4/buyplus/index.php/Back/Brand/ajax/operate/titleUnique.html?title=dsf
INFO: [ app_begin ] --START--
INFO: Run Behavior\ReadHtmlCacheBehavior [ RunTime:0.000907s ]
INFO: [ app_begin ] --END-- [ RunTime:0.001635s ]
ERR: SQLSTATE[HY000] [2002] 由于目标计算机积极拒绝，无法连接。


[ 2016-12-20T20:27:56+08:00 ] 127.0.0.1 /php4/buyplus/index.php/Back/Brand/ajax/operate/titleUnique.html?title=sdfgc
INFO: [ app_begin ] --START--
INFO: Run Behavior\ReadHtmlCacheBehavior [ RunTime:0.001228s ]
INFO: [ app_begin ] --END-- [ RunTime:0.002305s ]
ERR: SQLSTATE[HY000] [2002] 由于目标计算机积极拒绝，无法连接。


[ 2016-12-20T20:28:20+08:00 ] 127.0.0.1 /php4/buyplus/index.php/Back/Brand/ajax/operate/titleUnique.html?title=dssfgvb
INFO: [ app_begin ] --START--
INFO: Run Behavior\ReadHtmlCacheBehavior [ RunTime:0.000713s ]
INFO: [ app_begin ] --END-- [ RunTime:0.001432s ]
ERR: SQLSTATE[HY000] [2002] 由于目标计算机积极拒绝，无法连接。


[ 2016-12-20T20:28:25+08:00 ] 127.0.0.1 /php4/buyplus/index.php/Back/Brand/ajax/operate/titleUnique.html?title=dssfgvbg
INFO: [ app_begin ] --START--
INFO: Run Behavior\ReadHtmlCacheBehavior [ RunTime:0.001054s ]
INFO: [ app_begin ] --END-- [ RunTime:0.001994s ]
ERR: SQLSTATE[HY000] [2002] 由于目标计算机积极拒绝，无法连接。


[ 2016-12-20T20:28:27+08:00 ] 127.0.0.1 /php4/buyplus/index.php/Back/Brand/ajax/operate/titleUnique.html?title=dssfgvbgg
INFO: [ app_begin ] --START--
INFO: Run Behavior\ReadHtmlCacheBehavior [ RunTime:0.001599s ]
INFO: [ app_begin ] --END-- [ RunTime:0.002826s ]
ERR: SQLSTATE[HY000] [2002] 由于目标计算机积极拒绝，无法连接。


[ 2016-12-20T20:28:28+08:00 ] 127.0.0.1 /php4/buyplus/index.php/Back/Brand/ajax/operate/titleUnique.html?title=dssfgvbggg
INFO: [ app_begin ] --START--
INFO: Run Behavior\ReadHtmlCacheBehavior [ RunTime:0.001185s ]
INFO: [ app_begin ] --END-- [ RunTime:0.002261s ]
ERR: SQLSTATE[HY000] [2002] 由于目标计算机积极拒绝，无法连接。


[ 2016-12-20T20:28:50+08:00 ] 127.0.0.1 /php4/buyplus/index.php/Back/Brand/ajax/operate/titleUnique.html?title=redsff
INFO: [ app_begin ] --START--
INFO: Run Behavior\ReadHtmlCacheBehavior [ RunTime:0.000860s ]
INFO: [ app_begin ] --END-- [ RunTime:0.001463s ]
ERR: SQLSTATE[HY000] [2002] 由于目标计算机积极拒绝，无法连接。


[ 2016-12-20T20:29:28+08:00 ] 127.0.0.1 /php4/buyplus/index.php/Back/Brand/ajax/operate/titleUnique.html?title=sdfg
INFO: [ app_begin ] --START--
INFO: Run Behavior\ReadHtmlCacheBehavior [ RunTime:0.000584s ]
INFO: [ app_begin ] --END-- [ RunTime:0.001108s ]
ERR: SQLSTATE[HY000] [2002] 由于目标计算机积极拒绝，无法连接。


[ 2016-12-20T20:31:30+08:00 ] 127.0.0.1 /php4/buyplus/index.php/Back/Brand/ajax/operate/titleUnique.html?title=fc
INFO: [ app_begin ] --START--
INFO: Run Behavior\ReadHtmlCacheBehavior [ RunTime:0.000562s ]
INFO: [ app_begin ] --END-- [ RunTime:0.001035s ]
ERR: SQLSTATE[HY000] [2002] 由于目标计算机积极拒绝，无法连接。


[ 2016-12-20T20:33:33+08:00 ] 127.0.0.1 /php4/buyplus/index.php/Back/Brand/ajax/operate/titleUnique.html?title=dsfv
INFO: [ app_begin ] --START--
INFO: Run Behavior\ReadHtmlCacheBehavior [ RunTime:0.001696s ]
INFO: [ app_begin ] --END-- [ RunTime:0.002662s ]
ERR: SQLSTATE[HY000] [2002] 由于目标计算机积极拒绝，无法连接。


[ 2016-12-20T20:33:38+08:00 ] 127.0.0.1 /php4/buyplus/index.php/Back/Brand/ajax/operate/titleUnique.html?title=dsfvf
INFO: [ app_begin ] --START--
INFO: Run Behavior\ReadHtmlCacheBehavior [ RunTime:0.000760s ]
INFO: [ app_begin ] --END-- [ RunTime:0.001396s ]
ERR: SQLSTATE[HY000] [2002] 由于目标计算机积极拒绝，无法连接。


[ 2016-12-20T20:33:39+08:00 ] 127.0.0.1 /php4/buyplus/index.php/Back/Brand/ajax/operate/titleUnique.html?title=dsfvff
INFO: [ app_begin ] --START--
INFO: Run Behavior\ReadHtmlCacheBehavior [ RunTime:0.001167s ]
INFO: [ app_begin ] --END-- [ RunTime:0.002168s ]
ERR: SQLSTATE[HY000] [2002] 由于目标计算机积极拒绝，无法连接。


[ 2016-12-20T20:33:41+08:00 ] 127.0.0.1 /php4/buyplus/index.php/Back/Brand/ajax/operate/titleUnique.html?title=dsfvffg
INFO: [ app_begin ] --START--
INFO: Run Behavior\ReadHtmlCacheBehavior [ RunTime:0.000994s ]
INFO: [ app_begin ] --END-- [ RunTime:0.001821s ]
ERR: SQLSTATE[HY000] [2002] 由于目标计算机积极拒绝，无法连接。


[ 2016-12-20T20:33:43+08:00 ] 127.0.0.1 /php4/buyplus/index.php/Back/Brand/ajax/operate/titleUnique.html?title=dsfvffgh
INFO: [ app_begin ] --START--
INFO: Run Behavior\ReadHtmlCacheBehavior [ RunTime:0.001141s ]
INFO: [ app_begin ] --END-- [ RunTime:0.002080s ]
ERR: SQLSTATE[HY000] [2002] 由于目标计算机积极拒绝，无法连接。


[ 2016-12-20T20:33:45+08:00 ] 127.0.0.1 /php4/buyplus/index.php/Back/Brand/ajax/operate/titleUnique.html?title=dsfvffghr
INFO: [ app_begin ] --START--
INFO: Run Behavior\ReadHtmlCacheBehavior [ RunTime:0.000949s ]
INFO: [ app_begin ] --END-- [ RunTime:0.001782s ]
ERR: SQLSTATE[HY000] [2002] 由于目标计算机积极拒绝，无法连接。


[ 2016-12-20T20:33:47+08:00 ] 127.0.0.1 /php4/buyplus/index.php/Back/Brand/ajax/operate/titleUnique.html?title=dsfvffghrt
INFO: [ app_begin ] --START--
INFO: Run Behavior\ReadHtmlCacheBehavior [ RunTime:0.001472s ]
INFO: [ app_begin ] --END-- [ RunTime:0.002785s ]
ERR: SQLSTATE[HY000] [2002] 由于目标计算机积极拒绝，无法连接。


[ 2016-12-20T20:33:48+08:00 ] 127.0.0.1 /php4/buyplus/index.php/Back/Brand/ajax/operate/titleUnique.html?title=dsfvffghrts
INFO: [ app_begin ] --START--
INFO: Run Behavior\ReadHtmlCacheBehavior [ RunTime:0.001317s ]
INFO: [ app_begin ] --END-- [ RunTime:0.002567s ]
ERR: SQLSTATE[HY000] [2002] 由于目标计算机积极拒绝，无法连接。


[ 2016-12-20T20:33:51+08:00 ] 127.0.0.1 /php4/buyplus/index.php/Back/Brand/ajax/operate/titleUnique.html?title=dsfvffghrtss
INFO: [ app_begin ] --START--
INFO: Run Behavior\ReadHtmlCacheBehavior [ RunTime:0.001457s ]
INFO: [ app_begin ] --END-- [ RunTime:0.002662s ]
ERR: SQLSTATE[HY000] [2002] 由于目标计算机积极拒绝，无法连接。


[ 2016-12-20T20:33:53+08:00 ] 127.0.0.1 /php4/buyplus/index.php/Back/Brand/ajax/operate/titleUnique.html?title=dsfvffghrtssf
INFO: [ app_begin ] --START--
INFO: Run Behavior\ReadHtmlCacheBehavior [ RunTime:0.001223s ]
INFO: [ app_begin ] --END-- [ RunTime:0.002410s ]
ERR: SQLSTATE[HY000] [2002] 由于目标计算机积极拒绝，无法连接。


[ 2016-12-20T20:35:35+08:00 ] 127.0.0.1 /php4/buyplus/index.php/Back/Brand/ajax/operate/titleUnique.html?title=fgv
INFO: [ app_begin ] --START--
INFO: Run Behavior\ReadHtmlCacheBehavior [ RunTime:0.003025s ]
INFO: [ app_begin ] --END-- [ RunTime:0.004469s ]
ERR: SQLSTATE[HY000] [2002] 由于目标计算机积极拒绝，无法连接。


[ 2016-12-20T20:36:12+08:00 ] 127.0.0.1 /php4/buyplus/index.php/Back/Brand/ajax/operate/titleUnique.html?title=vf
INFO: [ app_begin ] --START--
INFO: Run Behavior\ReadHtmlCacheBehavior [ RunTime:0.000563s ]
INFO: [ app_begin ] --END-- [ RunTime:0.001043s ]
ERR: SQLSTATE[HY000] [2002] 由于目标计算机积极拒绝，无法连接。


[ 2016-12-20T20:36:30+08:00 ] 127.0.0.1 /php4/buyplus/index.php/Back/Brand/ajax/operate/titleUnique.html?title=vfn
INFO: [ app_begin ] --START--
INFO: Run Behavior\ReadHtmlCacheBehavior [ RunTime:0.000964s ]
INFO: [ app_begin ] --END-- [ RunTime:0.001786s ]
ERR: SQLSTATE[HY000] [2002] 由于目标计算机积极拒绝，无法连接。


[ 2016-12-20T20:36:49+08:00 ] 127.0.0.1 /php4/buyplus/index.php/Back/Brand/ajax/operate/titleUnique.html?title=vfnj
INFO: [ app_begin ] --START--
INFO: Run Behavior\ReadHtmlCacheBehavior [ RunTime:0.000566s ]
INFO: [ app_begin ] --END-- [ RunTime:0.001073s ]
ERR: SQLSTATE[HY000] [2002] 由于目标计算机积极拒绝，无法连接。


[ 2016-12-20T20:36:50+08:00 ] 127.0.0.1 /php4/buyplus/index.php/Back/Brand/ajax/operate/titleUnique.html?title=vfnjj
INFO: [ app_begin ] --START--
INFO: Run Behavior\ReadHtmlCacheBehavior [ RunTime:0.001085s ]
INFO: [ app_begin ] --END-- [ RunTime:0.002033s ]
ERR: SQLSTATE[HY000] [2002] 由于目标计算机积极拒绝，无法连接。


[ 2016-12-20T20:36:52+08:00 ] 127.0.0.1 /php4/buyplus/index.php/Back/Brand/ajax/operate/titleUnique.html?title=vfnjjj
INFO: [ app_begin ] --START--
INFO: Run Behavior\ReadHtmlCacheBehavior [ RunTime:0.000774s ]
INFO: [ app_begin ] --END-- [ RunTime:0.001841s ]
ERR: SQLSTATE[HY000] [2002] 由于目标计算机积极拒绝，无法连接。


[ 2016-12-20T20:36:53+08:00 ] 127.0.0.1 /php4/buyplus/index.php/Back/Brand/ajax/operate/titleUnique.html?title=vfnjjjj
INFO: [ app_begin ] --START--
INFO: Run Behavior\ReadHtmlCacheBehavior [ RunTime:0.001074s ]
INFO: [ app_begin ] --END-- [ RunTime:0.002008s ]
ERR: SQLSTATE[HY000] [2002] 由于目标计算机积极拒绝，无法连接。


[ 2016-12-20T20:36:54+08:00 ] 127.0.0.1 /php4/buyplus/index.php/Back/Brand/ajax/operate/titleUnique.html?title=vfnjjjjj
INFO: [ app_begin ] --START--
INFO: Run Behavior\ReadHtmlCacheBehavior [ RunTime:0.000863s ]
INFO: [ app_begin ] --END-- [ RunTime:0.001570s ]
ERR: SQLSTATE[HY000] [2002] 由于目标计算机积极拒绝，无法连接。


[ 2016-12-20T20:36:58+08:00 ] 127.0.0.1 /php4/buyplus/index.php/Back/Brand/ajax/operate/titleUnique.html?title=vfnjjjjjk
INFO: [ app_begin ] --START--
INFO: Run Behavior\ReadHtmlCacheBehavior [ RunTime:0.000910s ]
INFO: [ app_begin ] --END-- [ RunTime:0.001654s ]
ERR: SQLSTATE[HY000] [2002] 由于目标计算机积极拒绝，无法连接。


[ 2016-12-20T20:36:59+08:00 ] 127.0.0.1 /php4/buyplus/index.php/Back/Brand/ajax/operate/titleUnique.html?title=vfnjjjjjkjk
INFO: [ app_begin ] --START--
INFO: Run Behavior\ReadHtmlCacheBehavior [ RunTime:0.001335s ]
INFO: [ app_begin ] --END-- [ RunTime:0.002514s ]
ERR: SQLSTATE[HY000] [2002] 由于目标计算机积极拒绝，无法连接。


[ 2016-12-20T20:38:03+08:00 ] 127.0.0.1 /php4/buyplus/index.php/Back/Brand/ajax/operate/titleUnique.html?title=dsfb
INFO: [ app_begin ] --START--
INFO: Run Behavior\ReadHtmlCacheBehavior [ RunTime:0.001702s ]
INFO: [ app_begin ] --END-- [ RunTime:0.003125s ]
ERR: SQLSTATE[HY000] [2002] 由于目标计算机积极拒绝，无法连接。


[ 2016-12-20T20:41:56+08:00 ] 127.0.0.1 /php4/buyplus/index.php/Back/Brand/ajax/operate/titleUnique.html?title=cbx
INFO: [ app_begin ] --START--
INFO: Run Behavior\ReadHtmlCacheBehavior [ RunTime:0.000999s ]
INFO: [ app_begin ] --END-- [ RunTime:0.001673s ]
ERR: SQLSTATE[HY000] [2002] 由于目标计算机积极拒绝，无法连接。


[ 2016-12-20T20:42:49+08:00 ] 127.0.0.1 /php4/buyplus/index.php/Back/Brand/ajax/operate/titleUnique.html?title=ccx
INFO: [ app_begin ] --START--
INFO: Run Behavior\ReadHtmlCacheBehavior [ RunTime:0.000804s ]
INFO: [ app_begin ] --END-- [ RunTime:0.001955s ]
ERR: SQLSTATE[HY000] [2002] 由于目标计算机积极拒绝，无法连接。


[ 2016-12-20T20:47:55+08:00 ] 127.0.0.1 /php4/buyplus/index.php/Back/Brand/ajax/operate/titleUnique.html?title=rfghn
INFO: [ app_begin ] --START--
INFO: Run Behavior\ReadHtmlCacheBehavior [ RunTime:0.000852s ]
INFO: [ app_begin ] --END-- [ RunTime:0.001407s ]
ERR: SQLSTATE[HY000] [2002] 由于目标计算机积极拒绝，无法连接。


[ 2016-12-20T20:48:40+08:00 ] 127.0.0.1 /php4/buyplus/index.php/Back/Brand/ajax/operate/titleUnique.html?title=ff
INFO: [ app_begin ] --START--
INFO: Run Behavior\ReadHtmlCacheBehavior [ RunTime:0.001602s ]
INFO: [ app_begin ] --END-- [ RunTime:0.002852s ]
ERR: SQLSTATE[HY000] [2002] 由于目标计算机积极拒绝，无法连接。


[ 2016-12-20T20:49:24+08:00 ] 127.0.0.1 /php4/buyplus/index.php/Back/Brand/ajax/operate/titleUnique.html?title=ff
INFO: [ app_begin ] --START--
INFO: Run Behavior\ReadHtmlCacheBehavior [ RunTime:0.001603s ]
INFO: [ app_begin ] --END-- [ RunTime:0.002931s ]
ERR: SQLSTATE[HY000] [2002] 由于目标计算机积极拒绝，无法连接。


[ 2016-12-20T20:49:29+08:00 ] 127.0.0.1 /php4/buyplus/index.php/Back/Brand/ajax/operate/titleUnique.html?title=fff
INFO: [ app_begin ] --START--
INFO: Run Behavior\ReadHtmlCacheBehavior [ RunTime:0.001039s ]
INFO: [ app_begin ] --END-- [ RunTime:0.001890s ]
ERR: SQLSTATE[HY000] [2002] 由于目标计算机积极拒绝，无法连接。


[ 2016-12-20T20:49:31+08:00 ] 127.0.0.1 /php4/buyplus/index.php/Back/Brand/ajax/operate/titleUnique.html?title=ffff
INFO: [ app_begin ] --START--
INFO: Run Behavior\ReadHtmlCacheBehavior [ RunTime:0.001331s ]
INFO: [ app_begin ] --END-- [ RunTime:0.002491s ]
ERR: SQLSTATE[HY000] [2002] 由于目标计算机积极拒绝，无法连接。


[ 2016-12-20T20:49:50+08:00 ] 127.0.0.1 /php4/buyplus/index.php/Back/Brand/ajax/operate/titleUnique.html?title=fffff
INFO: [ app_begin ] --START--
INFO: Run Behavior\ReadHtmlCacheBehavior [ RunTime:0.001417s ]
INFO: [ app_begin ] --END-- [ RunTime:0.002572s ]
ERR: SQLSTATE[HY000] [2002] 由于目标计算机积极拒绝，无法连接。


[ 2016-12-20T20:49:52+08:00 ] 127.0.0.1 /php4/buyplus/index.php/Back/Brand/ajax/operate/titleUnique.html?title=ffffff
INFO: [ app_begin ] --START--
INFO: Run Behavior\ReadHtmlCacheBehavior [ RunTime:0.000711s ]
INFO: [ app_begin ] --END-- [ RunTime:0.001315s ]
ERR: SQLSTATE[HY000] [2002] 由于目标计算机积极拒绝，无法连接。


[ 2016-12-20T20:49:54+08:00 ] 127.0.0.1 /php4/buyplus/index.php/Back/Brand/ajax/operate/titleUnique.html?title=fffffff
INFO: [ app_begin ] --START--
INFO: Run Behavior\ReadHtmlCacheBehavior [ RunTime:0.000700s ]
INFO: [ app_begin ] --END-- [ RunTime:0.001323s ]
ERR: SQLSTATE[HY000] [2002] 由于目标计算机积极拒绝，无法连接。


[ 2016-12-20T20:49:55+08:00 ] 127.0.0.1 /php4/buyplus/index.php/Back/Brand/ajax/operate/titleUnique.html?title=ffffffff
INFO: [ app_begin ] --START--
INFO: Run Behavior\ReadHtmlCacheBehavior [ RunTime:0.000978s ]
INFO: [ app_begin ] --END-- [ RunTime:0.001806s ]
ERR: SQLSTATE[HY000] [2002] 由于目标计算机积极拒绝，无法连接。


[ 2016-12-20T20:49:56+08:00 ] 127.0.0.1 /php4/buyplus/index.php/Back/Brand/ajax/operate/titleUnique.html?title=fffffffff
INFO: [ app_begin ] --START--
INFO: Run Behavior\ReadHtmlCacheBehavior [ RunTime:0.000848s ]
INFO: [ app_begin ] --END-- [ RunTime:0.001507s ]
ERR: SQLSTATE[HY000] [2002] 由于目标计算机积极拒绝，无法连接。


[ 2016-12-20T20:53:13+08:00 ] 127.0.0.1 /php4/buyplus/index.php/Back/Brand/ajax/operate/titleUnique.html?title=fffffffffg
INFO: [ app_begin ] --START--
INFO: Run Behavior\ReadHtmlCacheBehavior [ RunTime:0.000782s ]
INFO: [ app_begin ] --END-- [ RunTime:0.001378s ]
ERR: SQLSTATE[HY000] [2002] 由于目标计算机积极拒绝，无法连接。


[ 2016-12-20T20:54:53+08:00 ] 127.0.0.1 /php4/buyplus/index.php/Back/Brand/ajax/operate/titleUnique.html?title=rd
INFO: [ app_begin ] --START--
INFO: Run Behavior\ReadHtmlCacheBehavior [ RunTime:0.001001s ]
INFO: [ app_begin ] --END-- [ RunTime:0.001620s ]
ERR: SQLSTATE[HY000] [2002] 由于目标计算机积极拒绝，无法连接。


[ 2016-12-20T20:59:59+08:00 ] 127.0.0.1 /php4/buyplus/index.php/Back/Brand/ajax/operate/titleUnique.html?title=cc
INFO: [ app_begin ] --START--
INFO: Run Behavior\ReadHtmlCacheBehavior [ RunTime:0.001613s ]
INFO: [ app_begin ] --END-- [ RunTime:0.003250s ]
ERR: SQLSTATE[HY000] [2002] 由于目标计算机积极拒绝，无法连接。


[ 2016-12-20T21:17:24+08:00 ] 127.0.0.1 /php4/buyplus/index.php/Back/Brand/ajax/operate/titleUnique.html?title=sdfgh
INFO: [ app_begin ] --START--
INFO: Run Behavior\ReadHtmlCacheBehavior [ RunTime:0.001694s ]
INFO: [ app_begin ] --END-- [ RunTime:0.003547s ]
ERR: SQLSTATE[HY000] [2002] 由于目标计算机积极拒绝，无法连接。


[ 2016-12-20T21:17:29+08:00 ] 127.0.0.1 /php4/buyplus/index.php/Back/Brand/ajax/operate/titleUnique.html?title=sdfgh
ERR: SQLSTATE[HY000] [2002] 由于目标计算机积极拒绝，无法连接。


[ 2016-12-20T21:18:45+08:00 ] 127.0.0.1 /php4/buyplus/index.php/Back/Brand/ajax/operate/titleUnique.html?title=vv
INFO: [ app_begin ] --START--
INFO: Run Behavior\ReadHtmlCacheBehavior [ RunTime:0.000779s ]
INFO: [ app_begin ] --END-- [ RunTime:0.002087s ]
ERR: SQLSTATE[HY000] [2002] 由于目标计算机积极拒绝，无法连接。


[ 2016-12-20T21:18:51+08:00 ] 127.0.0.1 /php4/buyplus/index.php/Back/Brand/ajax/operate/titleUnique.html?title=vvv
INFO: [ app_begin ] --START--
INFO: Run Behavior\ReadHtmlCacheBehavior [ RunTime:0.000950s ]
INFO: [ app_begin ] --END-- [ RunTime:0.001921s ]
ERR: SQLSTATE[HY000] [2002] 由于目标计算机积极拒绝，无法连接。


[ 2016-12-20T21:18:52+08:00 ] 127.0.0.1 /php4/buyplus/index.php/Back/Brand/ajax/operate/titleUnique.html?title=vvvr
INFO: [ app_begin ] --START--
INFO: Run Behavior\ReadHtmlCacheBehavior [ RunTime:0.001277s ]
INFO: [ app_begin ] --END-- [ RunTime:0.002444s ]
ERR: SQLSTATE[HY000] [2002] 由于目标计算机积极拒绝，无法连接。


[ 2016-12-20T21:19:02+08:00 ] 127.0.0.1 /php4/buyplus/index.php/Back/Brand/ajax/operate/titleUnique.html?title=vvvrrt
INFO: [ app_begin ] --START--
INFO: Run Behavior\ReadHtmlCacheBehavior [ RunTime:0.000755s ]
INFO: [ app_begin ] --END-- [ RunTime:0.001431s ]
ERR: SQLSTATE[HY000] [2002] 由于目标计算机积极拒绝，无法连接。


[ 2016-12-20T21:19:03+08:00 ] 127.0.0.1 /php4/buyplus/index.php/Back/Brand/ajax/operate/titleUnique.html?title=vvvrrth
INFO: [ app_begin ] --START--
INFO: Run Behavior\ReadHtmlCacheBehavior [ RunTime:0.001272s ]
INFO: [ app_begin ] --END-- [ RunTime:0.002102s ]
ERR: SQLSTATE[HY000] [2002] 由于目标计算机积极拒绝，无法连接。


[ 2016-12-20T21:19:04+08:00 ] 127.0.0.1 /php4/buyplus/index.php/Back/Brand/ajax/operate/titleUnique.html?title=vvvrrthfg
INFO: [ app_begin ] --START--
INFO: Run Behavior\ReadHtmlCacheBehavior [ RunTime:0.000944s ]
INFO: [ app_begin ] --END-- [ RunTime:0.001604s ]
ERR: SQLSTATE[HY000] [2002] 由于目标计算机积极拒绝，无法连接。


[ 2016-12-20T21:19:05+08:00 ] 127.0.0.1 /php4/buyplus/index.php/Back/Brand/ajax/operate/titleUnique.html?title=vvvrrthfgh
INFO: [ app_begin ] --START--
INFO: Run Behavior\ReadHtmlCacheBehavior [ RunTime:0.001050s ]
INFO: [ app_begin ] --END-- [ RunTime:0.002031s ]
ERR: SQLSTATE[HY000] [2002] 由于目标计算机积极拒绝，无法连接。


[ 2016-12-20T21:19:06+08:00 ] 127.0.0.1 /php4/buyplus/index.php/Back/Brand/ajax/operate/titleUnique.html?title=vvvrrthfgherg
INFO: [ app_begin ] --START--
INFO: Run Behavior\ReadHtmlCacheBehavior [ RunTime:0.000665s ]
INFO: [ app_begin ] --END-- [ RunTime:0.001287s ]
ERR: SQLSTATE[HY000] [2002] 由于目标计算机积极拒绝，无法连接。


[ 2016-12-20T21:19:07+08:00 ] 127.0.0.1 /php4/buyplus/index.php/Back/Brand/ajax/operate/titleUnique.html?title=vvvrrthfghergf
INFO: [ app_begin ] --START--
INFO: Run Behavior\ReadHtmlCacheBehavior [ RunTime:0.000887s ]
INFO: [ app_begin ] --END-- [ RunTime:0.001475s ]
ERR: SQLSTATE[HY000] [2002] 由于目标计算机积极拒绝，无法连接。


[ 2016-12-20T21:19:08+08:00 ] 127.0.0.1 /php4/buyplus/index.php/Back/Brand/ajax/operate/titleUnique.html?title=vvvrrthfghergfg
INFO: [ app_begin ] --START--
INFO: Run Behavior\ReadHtmlCacheBehavior [ RunTime:0.000880s ]
INFO: [ app_begin ] --END-- [ RunTime:0.001606s ]
ERR: SQLSTATE[HY000] [2002] 由于目标计算机积极拒绝，无法连接。


[ 2016-12-20T21:19:09+08:00 ] 127.0.0.1 /php4/buyplus/index.php/Back/Brand/ajax/operate/titleUnique.html?title=vvvrrthfghergfgg
INFO: [ app_begin ] --START--
INFO: Run Behavior\ReadHtmlCacheBehavior [ RunTime:0.001279s ]
INFO: [ app_begin ] --END-- [ RunTime:0.002258s ]
ERR: SQLSTATE[HY000] [2002] 由于目标计算机积极拒绝，无法连接。


[ 2016-12-20T21:19:10+08:00 ] 127.0.0.1 /php4/buyplus/index.php/Back/Brand/ajax/operate/titleUnique.html?title=vvvrrthfghergfggtg
INFO: [ app_begin ] --START--
INFO: Run Behavior\ReadHtmlCacheBehavior [ RunTime:0.000998s ]
INFO: [ app_begin ] --END-- [ RunTime:0.001836s ]
ERR: SQLSTATE[HY000] [2002] 由于目标计算机积极拒绝，无法连接。


[ 2016-12-20T21:22:43+08:00 ] 127.0.0.1 /php4/buyplus/index.php/Back/Brand/ajax/operate/titleUnique.html?title=srdfgv
INFO: [ app_begin ] --START--
INFO: Run Behavior\ReadHtmlCacheBehavior [ RunTime:0.001627s ]
INFO: [ app_begin ] --END-- [ RunTime:0.004355s ]
ERR: SQLSTATE[HY000] [2002] 由于目标计算机积极拒绝，无法连接。


[ 2016-12-20T21:24:51+08:00 ] 127.0.0.1 /php4/buyplus/index.php/Back/Brand/ajax/operate/titleUnique.html?title=srdfgvf
INFO: [ app_begin ] --START--
INFO: Run Behavior\ReadHtmlCacheBehavior [ RunTime:0.000956s ]
INFO: [ app_begin ] --END-- [ RunTime:0.001744s ]
ERR: SQLSTATE[HY000] [2002] 由于目标计算机积极拒绝，无法连接。


[ 2016-12-20T21:24:53+08:00 ] 127.0.0.1 /php4/buyplus/index.php/Back/Brand/ajax/operate/titleUnique.html?title=srdfgvff
INFO: [ app_begin ] --START--
INFO: Run Behavior\ReadHtmlCacheBehavior [ RunTime:0.000857s ]
INFO: [ app_begin ] --END-- [ RunTime:0.001514s ]
ERR: SQLSTATE[HY000] [2002] 由于目标计算机积极拒绝，无法连接。


[ 2016-12-20T21:24:57+08:00 ] 127.0.0.1 /php4/buyplus/index.php/Back/Brand/ajax/operate/titleUnique.html?title=srdfgvf
ERR: SQLSTATE[HY000] [2002] 由于目标计算机积极拒绝，无法连接。


[ 2016-12-20T21:29:51+08:00 ] 127.0.0.1 /php4/buyplus/index.php/Back/Brand/ajax/operate/titleUnique.html?title=sdf
INFO: [ app_begin ] --START--
INFO: Run Behavior\ReadHtmlCacheBehavior [ RunTime:0.001355s ]
INFO: [ app_begin ] --END-- [ RunTime:0.002325s ]
SQL: SELECT * FROM `sun_brand` WHERE `title` = 'sdf' LIMIT 1   [ RunTime:0.0004s ]
INFO: [ app_end ] --START--
INFO: Run Behavior\ShowPageTraceBehavior [ RunTime:0.001140s ]
INFO: [ app_end ] --END-- [ RunTime:0.001203s ]

[ 2016-12-20T21:31:19+08:00 ] 127.0.0.1 /php4/buyplus/index.php/Back/Brand/ajax/operate/titleUnique.html?title=aef
INFO: [ app_begin ] --START--
INFO: Run Behavior\ReadHtmlCacheBehavior [ RunTime:0.000814s ]
INFO: [ app_begin ] --END-- [ RunTime:0.001427s ]
SQL: SELECT * FROM `sun_brand` WHERE `title` = 'aef' LIMIT 1   [ RunTime:0.0004s ]
INFO: [ app_end ] --START--
INFO: Run Behavior\ShowPageTraceBehavior [ RunTime:0.001229s ]
INFO: [ app_end ] --END-- [ RunTime:0.001273s ]

[ 2016-12-20T21:31:25+08:00 ] 127.0.0.1 /php4/buyplus/index.php/Back/Brand/ajax/operate/titleUnique.html?title=fdgvhbn
INFO: [ app_begin ] --START--
INFO: Run Behavior\ReadHtmlCacheBehavior [ RunTime:0.000583s ]
INFO: [ app_begin ] --END-- [ RunTime:0.001070s ]
SQL: SELECT * FROM `sun_brand` WHERE `title` = 'fdgvhbn' LIMIT 1   [ RunTime:0.0003s ]
INFO: [ app_end ] --START--
INFO: Run Behavior\ShowPageTraceBehavior [ RunTime:0.001123s ]
INFO: [ app_end ] --END-- [ RunTime:0.001176s ]

[ 2016-12-20T21:31:29+08:00 ] 127.0.0.1 /php4/buyplus/index.php/Back/Brand/ajax/operate/titleUnique.html?title=gnhfnghnf
INFO: [ app_begin ] --START--
INFO: Run Behavior\ReadHtmlCacheBehavior [ RunTime:0.000612s ]
INFO: [ app_begin ] --END-- [ RunTime:0.001127s ]
SQL: SELECT * FROM `sun_brand` WHERE `title` = 'gnhfnghnf' LIMIT 1   [ RunTime:0.0004s ]
INFO: [ app_end ] --START--
INFO: Run Behavior\ShowPageTraceBehavior [ RunTime:0.001118s ]
INFO: [ app_end ] --END-- [ RunTime:0.001169s ]

[ 2016-12-20T21:31:39+08:00 ] 127.0.0.1 /php4/buyplus/index.php/Back/Brand/ajax/operate/titleUnique.html?title=dgndty
INFO: [ app_begin ] --START--
INFO: Run Behavior\ReadHtmlCacheBehavior [ RunTime:0.001861s ]
INFO: [ app_begin ] --END-- [ RunTime:0.002558s ]
SQL: SELECT * FROM `sun_brand` WHERE `title` = 'dgndty' LIMIT 1   [ RunTime:0.0010s ]
INFO: [ app_end ] --START--
INFO: Run Behavior\ShowPageTraceBehavior [ RunTime:0.001715s ]
INFO: [ app_end ] --END-- [ RunTime:0.001797s ]

[ 2016-12-20T21:33:41+08:00 ] 127.0.0.1 /php4/buyplus/index.php/Back/Brand/ajax/operate/titleUnique.html?title=dscfg
INFO: [ app_begin ] --START--
INFO: Run Behavior\ReadHtmlCacheBehavior [ RunTime:0.000955s ]
INFO: [ app_begin ] --END-- [ RunTime:0.001664s ]
SQL: SELECT * FROM `sun_brand` WHERE `title` = 'dscfg' LIMIT 1   [ RunTime:0.0003s ]
INFO: [ app_end ] --START--
INFO: Run Behavior\ShowPageTraceBehavior [ RunTime:0.001222s ]
INFO: [ app_end ] --END-- [ RunTime:0.001272s ]

[ 2016-12-20T21:34:01+08:00 ] 127.0.0.1 /php4/buyplus/index.php/Back/Brand/ajax/operate/titleUnique.html?title=gdgxx
INFO: [ app_begin ] --START--
INFO: Run Behavior\ReadHtmlCacheBehavior [ RunTime:0.001573s ]
INFO: [ app_begin ] --END-- [ RunTime:0.004050s ]
SQL: SELECT * FROM `sun_brand` WHERE `title` = 'gdgxx' LIMIT 1   [ RunTime:0.0005s ]
INFO: [ app_end ] --START--
INFO: Run Behavior\ShowPageTraceBehavior [ RunTime:0.003129s ]
INFO: [ app_end ] --END-- [ RunTime:0.003467s ]

