[ 2016-12-26T00:00:44+08:00 ] 127.0.0.1 /php4/buyplus/index.php/Back/Setting/ajax.html
INFO: [ app_begin ] --START--
INFO: Run Behavior\ReadHtmlCacheBehavior [ RunTime:0.001160s ]
INFO: [ app_begin ] --END-- [ RunTime:0.001872s ]
ERR: 非法操作:ajax

[ 2016-12-26T00:23:36+08:00 ] 127.0.0.1 /php4/buyplus/index.php/Back/Setting/ajax.html
INFO: [ app_begin ] --START--
INFO: Run Behavior\ReadHtmlCacheBehavior [ RunTime:0.001137s ]
INFO: [ app_begin ] --END-- [ RunTime:0.002399s ]
SQL: UPDATE `sun_setting` SET `value`='不败家商城2' WHERE `setting_id` = 1 [ RunTime:0.0621s ]

[ 2016-12-26T00:23:48+08:00 ] 127.0.0.1 /php4/buyplus/index.php/Back/Setting/ajax.html
INFO: [ app_begin ] --START--
INFO: Run Behavior\ReadHtmlCacheBehavior [ RunTime:0.000561s ]
INFO: [ app_begin ] --END-- [ RunTime:0.001036s ]
SQL: UPDATE `sun_setting` SET `value`='' WHERE `setting_id` = 3 [ RunTime:0.0578s ]

[ 2016-12-26T02:01:29+08:00 ] 127.0.0.1 /php4/buyplus/index.php/Back/Setting/ajax.html
INFO: [ app_begin ] --START--
INFO: Run Behavior\ReadHtmlCacheBehavior [ RunTime:0.000917s ]
INFO: [ app_begin ] --END-- [ RunTime:0.002191s ]
SQL: UPDATE `sun_setting` SET `value`='4' WHERE `setting_id` = 3 [ RunTime:0.0353s ]

[ 2016-12-26T02:02:08+08:00 ] 127.0.0.1 /php4/buyplus/index.php/Back/Setting/ajax.html
INFO: [ app_begin ] --START--
INFO: Run Behavior\ReadHtmlCacheBehavior [ RunTime:0.003176s ]
INFO: [ app_begin ] --END-- [ RunTime:0.006563s ]
SQL: UPDATE `sun_setting` SET `value`='不败家商城' WHERE `setting_id` = 1 [ RunTime:0.0536s ]

[ 2016-12-26T02:02:20+08:00 ] 127.0.0.1 /php4/buyplus/index.php/Back/Setting/ajax.html
INFO: [ app_begin ] --START--
INFO: Run Behavior\ReadHtmlCacheBehavior [ RunTime:0.002805s ]
INFO: [ app_begin ] --END-- [ RunTime:0.005690s ]
NOTIC: [2] unlink(./Application/Runtime/Temp/339b8e36d914b9618cd8956690c275ff.php): No such file or directory D:\tnwamp\Apache24\htdocs\daniu\php4\buyplus\ThinkPHP\Library\Think\Cache\Driver\File.class.php 第 157 行.
NOTIC: [2] unlink(./Application/Runtime/Temp/774cc779ff824006fa89740d45a116be.php): No such file or directory D:\tnwamp\Apache24\htdocs\daniu\php4\buyplus\ThinkPHP\Library\Think\Cache\Driver\File.class.php 第 157 行.
SQL: UPDATE `sun_setting` SET `value`='1' WHERE `setting_id` = 2 [ RunTime:0.0920s ]

[ 2016-12-26T13:20:51+08:00 ] 127.0.0.1 /php4/buyplus/index.php/Back/event/list
ERR: 无法加载控制器:Event

[ 2016-12-26T14:19:15+08:00 ] 127.0.0.1 /php4/buyplus/index.php/Back/Brand/ajax/operate/titleUnique.html?title=%E5%A4%A7%E7%89%9B&brand_id=0
INFO: [ app_begin ] --START--
INFO: Run Behavior\ReadHtmlCacheBehavior [ RunTime:0.000583s ]
INFO: [ app_begin ] --END-- [ RunTime:0.001105s ]
SQL: SELECT * FROM `sun_brand` WHERE `title` = '大牛' LIMIT 1   [ RunTime:0.0005s ]
INFO: [ app_end ] --START--
INFO: Run Behavior\ShowPageTraceBehavior [ RunTime:0.001185s ]
INFO: [ app_end ] --END-- [ RunTime:0.001238s ]

[ 2016-12-26T14:23:18+08:00 ] 127.0.0.1 /php4/buyplus/index.php/Back/Brand/ajax/operate/titleUnique.html?title=%E5%A4%A7%E7%89%9B&brand_id=0
INFO: [ app_begin ] --START--
INFO: Run Behavior\ReadHtmlCacheBehavior [ RunTime:0.001390s ]
INFO: [ app_begin ] --END-- [ RunTime:0.002082s ]
SQL: SELECT * FROM `sun_brand` WHERE `title` = '大牛' LIMIT 1   [ RunTime:0.0002s ]
INFO: [ app_end ] --START--
INFO: Run Behavior\ShowPageTraceBehavior [ RunTime:0.000973s ]
INFO: [ app_end ] --END-- [ RunTime:0.001010s ]

[ 2016-12-26T14:27:29+08:00 ] 127.0.0.1 /php4/buyplus/index.php/Back/Brand/ajax/operate/titleUnique.html?title=%E5%A4%A7%E7%89%9B&brand_id=12
INFO: [ app_begin ] --START--
INFO: Run Behavior\ReadHtmlCacheBehavior [ RunTime:0.000634s ]
INFO: [ app_begin ] --END-- [ RunTime:0.001309s ]
SQL: SELECT * FROM `sun_brand` WHERE `title` = '大牛' LIMIT 1   [ RunTime:0.0004s ]
INFO: [ app_end ] --START--
INFO: Run Behavior\ShowPageTraceBehavior [ RunTime:0.001242s ]
INFO: [ app_end ] --END-- [ RunTime:0.001314s ]

[ 2016-12-26T14:32:08+08:00 ] 127.0.0.1 /php4/buyplus/index.php/Back/Brand/ajax/operate/titleUnique.html?title=%E4%BA%8C%E7%89%9B&brand_id=0
INFO: [ app_begin ] --START--
INFO: Run Behavior\ReadHtmlCacheBehavior [ RunTime:0.001020s ]
INFO: [ app_begin ] --END-- [ RunTime:0.001779s ]
SQL: SELECT * FROM `sun_brand` WHERE `title` = '二牛' LIMIT 1   [ RunTime:0.0003s ]
INFO: [ app_end ] --START--
INFO: Run Behavior\ShowPageTraceBehavior [ RunTime:0.001035s ]
INFO: [ app_end ] --END-- [ RunTime:0.001071s ]

[ 2016-12-26T14:32:30+08:00 ] 127.0.0.1 /php4/buyplus/index.php/Back/Brand/ajax/operate/titleUnique.html?title=%E4%BA%8C%E7%89%9B&brand_id=0
INFO: [ app_begin ] --START--
INFO: Run Behavior\ReadHtmlCacheBehavior [ RunTime:0.000840s ]
INFO: [ app_begin ] --END-- [ RunTime:0.001618s ]
SQL: SELECT * FROM `sun_brand` WHERE `title` = '二牛' LIMIT 1   [ RunTime:0.0002s ]
INFO: [ app_end ] --START--
INFO: Run Behavior\ShowPageTraceBehavior [ RunTime:0.001141s ]
INFO: [ app_end ] --END-- [ RunTime:0.001186s ]

[ 2016-12-26T14:32:51+08:00 ] 127.0.0.1 /php4/buyplus/index.php/Back/Brand/ajax/operate/titleUnique.html?title=%E4%BA%8C%E7%89%9B&brand_id=0
INFO: [ app_begin ] --START--
INFO: Run Behavior\ReadHtmlCacheBehavior [ RunTime:0.000612s ]
INFO: [ app_begin ] --END-- [ RunTime:0.001143s ]
SQL: SELECT * FROM `sun_brand` WHERE `title` = '二牛' LIMIT 1   [ RunTime:0.0002s ]
INFO: [ app_end ] --START--
INFO: Run Behavior\ShowPageTraceBehavior [ RunTime:0.001053s ]
INFO: [ app_end ] --END-- [ RunTime:0.001095s ]

[ 2016-12-26T14:36:43+08:00 ] 127.0.0.1 /php4/buyplus/index.php/Back/Brand/ajax/operate/titleUnique.html?title=%E4%B8%89%E7%89%9B&brand_id=0
INFO: [ app_begin ] --START--
INFO: Run Behavior\ReadHtmlCacheBehavior [ RunTime:0.000676s ]
INFO: [ app_begin ] --END-- [ RunTime:0.001266s ]
SQL: SELECT * FROM `sun_brand` WHERE `title` = '三牛' LIMIT 1   [ RunTime:0.0004s ]
INFO: [ app_end ] --START--
INFO: Run Behavior\ShowPageTraceBehavior [ RunTime:0.001027s ]
INFO: [ app_end ] --END-- [ RunTime:0.001069s ]

[ 2016-12-26T17:35:53+08:00 ] 127.0.0.1 /php4/buyplus/index.php/Back/Brand/ajax/operate/titleUnique.html?title=%E4%B8%89%E7%89%9B&brand_id=0
INFO: [ app_begin ] --START--
INFO: Run Behavior\ReadHtmlCacheBehavior [ RunTime:0.000695s ]
INFO: [ app_begin ] --END-- [ RunTime:0.001310s ]
SQL: SELECT * FROM `sun_brand` WHERE `title` = '三牛' LIMIT 1   [ RunTime:0.0002s ]
INFO: [ app_end ] --START--
INFO: Run Behavior\ShowPageTraceBehavior [ RunTime:0.001317s ]
INFO: [ app_end ] --END-- [ RunTime:0.001364s ]

[ 2016-12-26T17:36:38+08:00 ] 127.0.0.1 /php4/buyplus/index.php/Back/Brand/ajax/operate/titleUnique.html?title=dfbs&brand_id=0
INFO: [ app_begin ] --START--
INFO: Run Behavior\ReadHtmlCacheBehavior [ RunTime:0.001523s ]
INFO: [ app_begin ] --END-- [ RunTime:0.003474s ]
SQL: SELECT * FROM `sun_brand` WHERE `title` = 'dfbs' LIMIT 1   [ RunTime:0.0004s ]
INFO: [ app_end ] --START--
INFO: Run Behavior\ShowPageTraceBehavior [ RunTime:0.001023s ]
INFO: [ app_end ] --END-- [ RunTime:0.001067s ]

[ 2016-12-26T17:46:31+08:00 ] 127.0.0.1 /php4/buyplus/index.php/Back/Brand/ajax/operate/titleUnique.html?title=gdfg&brand_id=0
INFO: [ app_begin ] --START--
INFO: Run Behavior\ReadHtmlCacheBehavior [ RunTime:0.000571s ]
INFO: [ app_begin ] --END-- [ RunTime:0.001073s ]
SQL: SELECT * FROM `sun_brand` WHERE `title` = 'gdfg' LIMIT 1   [ RunTime:0.0003s ]
INFO: [ app_end ] --START--
INFO: Run Behavior\ShowPageTraceBehavior [ RunTime:0.001147s ]
INFO: [ app_end ] --END-- [ RunTime:0.001184s ]

[ 2016-12-26T17:47:30+08:00 ] 127.0.0.1 /php4/buyplus/index.php/Back/Brand/ajax/operate/titleUnique.html?title=vchv&brand_id=0
INFO: [ app_begin ] --START--
INFO: Run Behavior\ReadHtmlCacheBehavior [ RunTime:0.000973s ]
INFO: [ app_begin ] --END-- [ RunTime:0.001792s ]
SQL: SELECT * FROM `sun_brand` WHERE `title` = 'vchv' LIMIT 1   [ RunTime:0.0004s ]
INFO: [ app_end ] --START--
INFO: Run Behavior\ShowPageTraceBehavior [ RunTime:0.001480s ]
INFO: [ app_end ] --END-- [ RunTime:0.001561s ]

[ 2016-12-26T21:02:26+08:00 ] 127.0.0.1 /php4/buyplus/index.php/Back/Brand/ajax/operate/titleUnique.html?title=%E5%9C%B0%E6%96%B9v&brand_id=0
INFO: [ app_begin ] --START--
INFO: Run Behavior\ReadHtmlCacheBehavior [ RunTime:0.000920s ]
INFO: [ app_begin ] --END-- [ RunTime:0.001728s ]
SQL: SELECT * FROM `sun_brand` WHERE `title` = '地方v' LIMIT 1   [ RunTime:0.0003s ]
INFO: [ app_end ] --START--
INFO: Run Behavior\ShowPageTraceBehavior [ RunTime:0.001441s ]
INFO: [ app_end ] --END-- [ RunTime:0.001496s ]

[ 2016-12-26T21:13:09+08:00 ] 127.0.0.1 /php4/buyplus/index.php/Back/Brand/ajax/operate/titleUnique.html?title=%E7%94%B5%E9%A5%AD%E7%85%B2%E9%82%A3%E4%BD%A0&brand_id=0
INFO: [ app_begin ] --START--
INFO: Run Behavior\ReadHtmlCacheBehavior [ RunTime:0.002640s ]
INFO: [ app_begin ] --END-- [ RunTime:0.003580s ]
SQL: SELECT * FROM `sun_brand` WHERE `title` = '电饭煲那你' LIMIT 1   [ RunTime:0.0004s ]
INFO: [ app_end ] --START--
INFO: Run Behavior\ShowPageTraceBehavior [ RunTime:0.003563s ]
INFO: [ app_end ] --END-- [ RunTime:0.003645s ]

[ 2016-12-26T21:14:26+08:00 ] 127.0.0.1 /php4/buyplus/index.php/Back/Brand/ajax/operate/titleUnique.html?title=aaaaa&brand_id=17
INFO: [ app_begin ] --START--
INFO: Run Behavior\ReadHtmlCacheBehavior [ RunTime:0.001162s ]
INFO: [ app_begin ] --END-- [ RunTime:0.002399s ]
SQL: SELECT * FROM `sun_brand` WHERE `title` = 'aaaaa' LIMIT 1   [ RunTime:0.0007s ]
INFO: [ app_end ] --START--
INFO: Run Behavior\ShowPageTraceBehavior [ RunTime:0.001519s ]
INFO: [ app_end ] --END-- [ RunTime:0.001653s ]

[ 2016-12-26T21:17:15+08:00 ] 127.0.0.1 /php4/buyplus/index.php/Back/Brand/ajax/operate/titleUnique.html?title=aaaaa&brand_id=17
INFO: [ app_begin ] --START--
INFO: Run Behavior\ReadHtmlCacheBehavior [ RunTime:0.000971s ]
INFO: [ app_begin ] --END-- [ RunTime:0.001819s ]
SQL: SELECT * FROM `sun_brand` WHERE `title` = 'aaaaa' LIMIT 1   [ RunTime:0.0003s ]
INFO: [ app_end ] --START--
INFO: Run Behavior\ShowPageTraceBehavior [ RunTime:0.001162s ]
INFO: [ app_end ] --END-- [ RunTime:0.001218s ]

[ 2016-12-26T21:18:13+08:00 ] 127.0.0.1 /php4/buyplus/index.php/Back/Brand/ajax/operate/titleUnique.html?title=aaaaa&brand_id=17
INFO: [ app_begin ] --START--
INFO: Run Behavior\ReadHtmlCacheBehavior [ RunTime:0.000768s ]
INFO: [ app_begin ] --END-- [ RunTime:0.001413s ]
SQL: SELECT * FROM `sun_brand` WHERE `title` = 'aaaaa' LIMIT 1   [ RunTime:0.0003s ]
INFO: [ app_end ] --START--
INFO: Run Behavior\ShowPageTraceBehavior [ RunTime:0.001091s ]
INFO: [ app_end ] --END-- [ RunTime:0.001138s ]

[ 2016-12-26T21:31:31+08:00 ] 127.0.0.1 /php4/buyplus/back/category/list
ERR: 无法加载控制器:Category

[ 2016-12-26T21:31:42+08:00 ] 127.0.0.1 /php4/buyplus/back/code/set
ERR: 非法操作:set

