[ 2016-12-19T10:53:37+08:00 ] 127.0.0.1 /php4/buyplus/index.php/Back/Brand/ajax/operate/titleUnique.html?title=%E4%BE%AF%E9%91%AB
INFO: [ app_begin ] --START--
INFO: Run Behavior\ReadHtmlCacheBehavior [ RunTime:0.006427s ]
INFO: [ app_begin ] --END-- [ RunTime:0.008057s ]
SQL: SELECT * FROM `sun_brand` WHERE `title` = '侯鑫' LIMIT 1   [ RunTime:0.0010s ]
INFO: [ app_end ] --START--
INFO: Run Behavior\ShowPageTraceBehavior [ RunTime:0.001438s ]
INFO: [ app_end ] --END-- [ RunTime:0.001505s ]

[ 2016-12-19T10:56:24+08:00 ] 127.0.0.1 /php4/buyplus/index.php/Back/Brand/edit/brand_id/1.html
ERR: 非法操作:edit

[ 2016-12-19T11:02:28+08:00 ] 127.0.0.1 /php4/buyplus/index.php/Back/Brand/ajax/operate/titleUnique.html?title=%E6%A1%A5%E6%A0%8B
INFO: [ app_begin ] --START--
INFO: Run Behavior\ReadHtmlCacheBehavior [ RunTime:0.000691s ]
INFO: [ app_begin ] --END-- [ RunTime:0.001308s ]
SQL: SELECT * FROM `sun_brand` WHERE `title` = '桥栋' LIMIT 1   [ RunTime:0.0007s ]
INFO: [ app_end ] --START--
INFO: Run Behavior\ShowPageTraceBehavior [ RunTime:0.001095s ]
INFO: [ app_end ] --END-- [ RunTime:0.001184s ]

[ 2016-12-19T11:03:06+08:00 ] 127.0.0.1 /php4/buyplus/index.php/Back/Brand/ajax/operate/titleUnique.html?title=%E6%A0%8B
INFO: [ app_begin ] --START--
INFO: Run Behavior\ReadHtmlCacheBehavior [ RunTime:0.000908s ]
INFO: [ app_begin ] --END-- [ RunTime:0.001726s ]
SQL: SELECT * FROM `sun_brand` WHERE `title` = '栋' LIMIT 1   [ RunTime:0.0004s ]
INFO: [ app_end ] --START--
INFO: Run Behavior\ShowPageTraceBehavior [ RunTime:0.001170s ]
INFO: [ app_end ] --END-- [ RunTime:0.001225s ]

[ 2016-12-19T11:03:07+08:00 ] 127.0.0.1 /php4/buyplus/index.php/Back/Brand/ajax/operate/titleUnique.html?title=qi%E6%A0%8B
INFO: [ app_begin ] --START--
INFO: Run Behavior\ReadHtmlCacheBehavior [ RunTime:0.001230s ]
INFO: [ app_begin ] --END-- [ RunTime:0.002376s ]
SQL: SELECT * FROM `sun_brand` WHERE `title` = 'qi栋' LIMIT 1   [ RunTime:0.0003s ]
INFO: [ app_end ] --START--
INFO: Run Behavior\ShowPageTraceBehavior [ RunTime:0.000928s ]
INFO: [ app_end ] --END-- [ RunTime:0.000970s ]

[ 2016-12-19T11:03:07+08:00 ] 127.0.0.1 /php4/buyplus/index.php/Back/Brand/ajax/operate/titleUnique.html?title=qiao%E6%A0%8B
INFO: [ app_begin ] --START--
INFO: Run Behavior\ReadHtmlCacheBehavior [ RunTime:0.001372s ]
INFO: [ app_begin ] --END-- [ RunTime:0.002491s ]
SQL: SELECT * FROM `sun_brand` WHERE `title` = 'qiao栋' LIMIT 1   [ RunTime:0.0003s ]
INFO: [ app_end ] --START--
INFO: Run Behavior\ShowPageTraceBehavior [ RunTime:0.000944s ]
INFO: [ app_end ] --END-- [ RunTime:0.000985s ]

[ 2016-12-19T11:03:07+08:00 ] 127.0.0.1 /php4/buyplus/index.php/Back/Brand/ajax/operate/titleUnique.html?title=qia%E6%A0%8B
INFO: [ app_begin ] --START--
INFO: Run Behavior\ReadHtmlCacheBehavior [ RunTime:0.001033s ]
INFO: [ app_begin ] --END-- [ RunTime:0.001868s ]
SQL: SELECT * FROM `sun_brand` WHERE `title` = 'qia栋' LIMIT 1   [ RunTime:0.0003s ]
INFO: [ app_end ] --START--
INFO: Run Behavior\ShowPageTraceBehavior [ RunTime:0.000874s ]
INFO: [ app_end ] --END-- [ RunTime:0.000915s ]

[ 2016-12-19T11:03:07+08:00 ] 127.0.0.1 /php4/buyplus/index.php/Back/Brand/ajax/operate/titleUnique.html?title=qi%E6%A0%8B
INFO: [ app_begin ] --START--
INFO: Run Behavior\ReadHtmlCacheBehavior [ RunTime:0.001710s ]
INFO: [ app_begin ] --END-- [ RunTime:0.002953s ]
SQL: SELECT * FROM `sun_brand` WHERE `title` = 'qi栋' LIMIT 1   [ RunTime:0.0002s ]
INFO: [ app_end ] --START--
INFO: Run Behavior\ShowPageTraceBehavior [ RunTime:0.000908s ]
INFO: [ app_end ] --END-- [ RunTime:0.000946s ]

[ 2016-12-19T11:03:07+08:00 ] 127.0.0.1 /php4/buyplus/index.php/Back/Brand/ajax/operate/titleUnique.html?title=q%E6%A0%8B
INFO: [ app_begin ] --START--
INFO: Run Behavior\ReadHtmlCacheBehavior [ RunTime:0.001056s ]
INFO: [ app_begin ] --END-- [ RunTime:0.001983s ]
SQL: SELECT * FROM `sun_brand` WHERE `title` = 'q栋' LIMIT 1   [ RunTime:0.0005s ]
INFO: [ app_end ] --START--
INFO: Run Behavior\ShowPageTraceBehavior [ RunTime:0.001560s ]
INFO: [ app_end ] --END-- [ RunTime:0.001672s ]

[ 2016-12-19T11:03:08+08:00 ] 127.0.0.1 /php4/buyplus/index.php/Back/Brand/ajax/operate/titleUnique.html?title=%E6%A0%8B
INFO: [ app_begin ] --START--
INFO: Run Behavior\ReadHtmlCacheBehavior [ RunTime:0.002333s ]
INFO: [ app_begin ] --END-- [ RunTime:0.004266s ]
SQL: SELECT * FROM `sun_brand` WHERE `title` = '栋' LIMIT 1   [ RunTime:0.0004s ]
INFO: [ app_end ] --START--
INFO: Run Behavior\ShowPageTraceBehavior [ RunTime:0.001779s ]
INFO: [ app_end ] --END-- [ RunTime:0.001864s ]

[ 2016-12-19T11:03:08+08:00 ] 127.0.0.1 /php4/buyplus/index.php/Back/Brand/ajax/operate/titleUnique.html?title=w%E6%A0%8B
INFO: [ app_begin ] --START--
INFO: Run Behavior\ReadHtmlCacheBehavior [ RunTime:0.000691s ]
INFO: [ app_begin ] --END-- [ RunTime:0.001289s ]
SQL: SELECT * FROM `sun_brand` WHERE `title` = 'w栋' LIMIT 1   [ RunTime:0.0003s ]
INFO: [ app_end ] --START--
INFO: Run Behavior\ShowPageTraceBehavior [ RunTime:0.000999s ]
INFO: [ app_end ] --END-- [ RunTime:0.001047s ]

[ 2016-12-19T11:03:08+08:00 ] 127.0.0.1 /php4/buyplus/index.php/Back/Brand/ajax/operate/titleUnique.html?title=w%27qi%E6%A0%8B
INFO: [ app_begin ] --START--
INFO: Run Behavior\ReadHtmlCacheBehavior [ RunTime:0.001122s ]
INFO: [ app_begin ] --END-- [ RunTime:0.002116s ]
SQL: SELECT * FROM `sun_brand` WHERE `title` = 'w\'qi栋' LIMIT 1   [ RunTime:0.0005s ]
INFO: [ app_end ] --START--
INFO: Run Behavior\ShowPageTraceBehavior [ RunTime:0.001444s ]
INFO: [ app_end ] --END-- [ RunTime:0.001507s ]

[ 2016-12-19T11:03:09+08:00 ] 127.0.0.1 /php4/buyplus/index.php/Back/Brand/ajax/operate/titleUnique.html?title=w%27q%E6%A0%8B
INFO: [ app_begin ] --START--
INFO: Run Behavior\ReadHtmlCacheBehavior [ RunTime:0.000644s ]
INFO: [ app_begin ] --END-- [ RunTime:0.001157s ]
SQL: SELECT * FROM `sun_brand` WHERE `title` = 'w\'q栋' LIMIT 1   [ RunTime:0.0004s ]
INFO: [ app_end ] --START--
INFO: Run Behavior\ShowPageTraceBehavior [ RunTime:0.000902s ]
INFO: [ app_end ] --END-- [ RunTime:0.000938s ]

[ 2016-12-19T11:03:09+08:00 ] 127.0.0.1 /php4/buyplus/index.php/Back/Brand/ajax/operate/titleUnique.html?title=w%E6%A0%8B
INFO: [ app_begin ] --START--
INFO: Run Behavior\ReadHtmlCacheBehavior [ RunTime:0.001366s ]
INFO: [ app_begin ] --END-- [ RunTime:0.002456s ]
SQL: SELECT * FROM `sun_brand` WHERE `title` = 'w栋' LIMIT 1   [ RunTime:0.0004s ]
INFO: [ app_end ] --START--
INFO: Run Behavior\ShowPageTraceBehavior [ RunTime:0.001642s ]
INFO: [ app_end ] --END-- [ RunTime:0.001715s ]

[ 2016-12-19T11:03:09+08:00 ] 127.0.0.1 /php4/buyplus/index.php/Back/Brand/ajax/operate/titleUnique.html?title=%E6%A0%8B
INFO: [ app_begin ] --START--
INFO: Run Behavior\ReadHtmlCacheBehavior [ RunTime:0.000704s ]
INFO: [ app_begin ] --END-- [ RunTime:0.001311s ]
SQL: SELECT * FROM `sun_brand` WHERE `title` = '栋' LIMIT 1   [ RunTime:0.0002s ]
INFO: [ app_end ] --START--
INFO: Run Behavior\ShowPageTraceBehavior [ RunTime:0.000819s ]
INFO: [ app_end ] --END-- [ RunTime:0.000856s ]

[ 2016-12-19T11:03:09+08:00 ] 127.0.0.1 /php4/buyplus/index.php/Back/Brand/ajax/operate/titleUnique.html?title=q%E6%A0%8B
INFO: [ app_begin ] --START--
INFO: Run Behavior\ReadHtmlCacheBehavior [ RunTime:0.001177s ]
INFO: [ app_begin ] --END-- [ RunTime:0.002202s ]
SQL: SELECT * FROM `sun_brand` WHERE `title` = 'q栋' LIMIT 1   [ RunTime:0.0004s ]
INFO: [ app_end ] --START--
INFO: Run Behavior\ShowPageTraceBehavior [ RunTime:0.001452s ]
INFO: [ app_end ] --END-- [ RunTime:0.001516s ]

[ 2016-12-19T11:03:09+08:00 ] 127.0.0.1 /php4/buyplus/index.php/Back/Brand/ajax/operate/titleUnique.html?title=qia%E6%A0%8B
INFO: [ app_begin ] --START--
INFO: Run Behavior\ReadHtmlCacheBehavior [ RunTime:0.000754s ]
INFO: [ app_begin ] --END-- [ RunTime:0.001436s ]
SQL: SELECT * FROM `sun_brand` WHERE `title` = 'qia栋' LIMIT 1   [ RunTime:0.0002s ]
INFO: [ app_end ] --START--
INFO: Run Behavior\ShowPageTraceBehavior [ RunTime:0.000940s ]
INFO: [ app_end ] --END-- [ RunTime:0.000982s ]

[ 2016-12-19T11:03:10+08:00 ] 127.0.0.1 /php4/buyplus/index.php/Back/Brand/ajax/operate/titleUnique.html?title=qiao%E6%A0%8B
INFO: [ app_begin ] --START--
INFO: Run Behavior\ReadHtmlCacheBehavior [ RunTime:0.000878s ]
INFO: [ app_begin ] --END-- [ RunTime:0.001635s ]
SQL: SELECT * FROM `sun_brand` WHERE `title` = 'qiao栋' LIMIT 1   [ RunTime:0.0003s ]
INFO: [ app_end ] --START--
INFO: Run Behavior\ShowPageTraceBehavior [ RunTime:0.001133s ]
INFO: [ app_end ] --END-- [ RunTime:0.001183s ]

[ 2016-12-19T11:03:10+08:00 ] 127.0.0.1 /php4/buyplus/index.php/Back/Brand/ajax/operate/titleUnique.html?title=%E4%B9%94%E6%A0%8B
INFO: [ app_begin ] --START--
INFO: Run Behavior\ReadHtmlCacheBehavior [ RunTime:0.001161s ]
INFO: [ app_begin ] --END-- [ RunTime:0.002195s ]
SQL: SELECT * FROM `sun_brand` WHERE `title` = '乔栋' LIMIT 1   [ RunTime:0.0003s ]
INFO: [ app_end ] --START--
INFO: Run Behavior\ShowPageTraceBehavior [ RunTime:0.000966s ]
INFO: [ app_end ] --END-- [ RunTime:0.001011s ]

[ 2016-12-19T11:03:36+08:00 ] 127.0.0.1 /php4/buyplus/index.php/Back/Brand/ajax/operate/titleUnique.html?title=%E8%B5%B5%E4%BA%AE
INFO: [ app_begin ] --START--
INFO: Run Behavior\ReadHtmlCacheBehavior [ RunTime:0.001468s ]
INFO: [ app_begin ] --END-- [ RunTime:0.002269s ]
SQL: SELECT * FROM `sun_brand` WHERE `title` = '赵亮' LIMIT 1   [ RunTime:0.0003s ]
INFO: [ app_end ] --START--
INFO: Run Behavior\ShowPageTraceBehavior [ RunTime:0.001782s ]
INFO: [ app_end ] --END-- [ RunTime:0.001853s ]

[ 2016-12-19T11:04:26+08:00 ] 127.0.0.1 /php4/buyplus/index.php/Back/Brand/ajax/operate/titleUnique.html?title=%E6%B3%B0%E7%89%9B
INFO: [ app_begin ] --START--
INFO: Run Behavior\ReadHtmlCacheBehavior [ RunTime:0.000663s ]
INFO: [ app_begin ] --END-- [ RunTime:0.001303s ]
SQL: SELECT * FROM `sun_brand` WHERE `title` = '泰牛' LIMIT 1   [ RunTime:0.0003s ]
INFO: [ app_end ] --START--
INFO: Run Behavior\ShowPageTraceBehavior [ RunTime:0.000989s ]
INFO: [ app_end ] --END-- [ RunTime:0.001032s ]

[ 2016-12-19T13:56:16+08:00 ] 127.0.0.1 /php4/buyplus/index.php/Back/Brand/edit/brand_id/1.html
ERR: 非法操作:edit

[ 2016-12-19T17:11:55+08:00 ] 127.0.0.1 /php4/buyplus/index.php/Back/Brand/ajax/operate/titleUnique.html?title=%E6%88%90%E9%83%BD%E5%B8%82+
INFO: [ app_begin ] --START--
INFO: Run Behavior\ReadHtmlCacheBehavior [ RunTime:0.000925s ]
INFO: [ app_begin ] --END-- [ RunTime:0.001756s ]
SQL: SELECT * FROM `sun_brand` WHERE `title` = '成都市 ' LIMIT 1   [ RunTime:0.0004s ]
INFO: [ app_end ] --START--
INFO: Run Behavior\ShowPageTraceBehavior [ RunTime:0.001176s ]
INFO: [ app_end ] --END-- [ RunTime:0.001226s ]

[ 2016-12-19T18:13:55+08:00 ] 127.0.0.1 /php4/buyplus/index.php/Back/Brand/edit/brand_id/3.html
ERR: 非法操作:edit

