[ 2017-01-01T00:33:49+08:00 ] 127.0.0.1 /php4/buyplus/index.php/Back/Goods/edit/goods_id/2.html
ERR: 1146:Table 'buyplus4.sun_goods_attribrute' doesn't exist
 [ SQL语句 ] : SHOW COLUMNS FROM `sun_goods_attribrute`

[ 2017-01-01T00:34:01+08:00 ] 127.0.0.1 /php4/buyplus/index.php/Back/Goods/edit/goods_id/2.html
ERR: 1146:Table 'buyplus4.sun_goods_attribrute' doesn't exist
 [ SQL语句 ] : SHOW COLUMNS FROM `sun_goods_attribrute`

[ 2017-01-01T00:34:04+08:00 ] 127.0.0.1 /php4/buyplus/index.php/Back/Goods/edit/goods_id/2.html
ERR: 1146:Table 'buyplus4.sun_goods_attribrute' doesn't exist
 [ SQL语句 ] : SHOW COLUMNS FROM `sun_goods_attribrute`

[ 2017-01-01T00:34:13+08:00 ] 127.0.0.1 /php4/buyplus/index.php/Back/Goods/edit/goods_id/2.html
ERR: 1146:Table 'buyplus4.sun_goods_attribrute' doesn't exist
 [ SQL语句 ] : SHOW COLUMNS FROM `sun_goods_attribrute`

[ 2017-01-01T00:34:38+08:00 ] 127.0.0.1 /php4/buyplus/index.php/Back/Goods/edit/goods_id/2.html
ERR: 1146:Table 'buyplus4.sun_goods_attribrute' doesn't exist
 [ SQL语句 ] : SHOW COLUMNS FROM `sun_goods_attribrute`

[ 2017-01-01T11:08:39+08:00 ] 127.0.0.1 /php4/buyplus/index.php/Back/Goods/ajax/operate/getAttrList.html?type_id=2
INFO: [ app_begin ] --START--
INFO: Run Behavior\ReadHtmlCacheBehavior [ RunTime:0.000911s ]
INFO: [ app_begin ] --END-- [ RunTime:0.001711s ]
SQL: SELECT * FROM sun_attribute a left join sun_attribute_type at using(attribute_type_id)  WHERE `type_id` = '2'  [ RunTime:0.0003s ]

[ 2017-01-01T11:08:43+08:00 ] 127.0.0.1 /php4/buyplus/index.php/Back/Goods/ajax/operate/getAttrList.html?type_id=3
INFO: [ app_begin ] --START--
INFO: Run Behavior\ReadHtmlCacheBehavior [ RunTime:0.000770s ]
INFO: [ app_begin ] --END-- [ RunTime:0.001492s ]
SQL: SELECT * FROM sun_attribute a left join sun_attribute_type at using(attribute_type_id)  WHERE `type_id` = '3'  [ RunTime:0.0385s ]
SQL: SELECT * FROM `sun_attribute_option` WHERE ( 1=1 AND attribute_id='1' )  [ RunTime:0.0056s ]

[ 2017-01-01T11:08:46+08:00 ] 127.0.0.1 /php4/buyplus/index.php/Back/Goods/ajax/operate/getAttrList.html?type_id=2
INFO: [ app_begin ] --START--
INFO: Run Behavior\ReadHtmlCacheBehavior [ RunTime:0.001048s ]
INFO: [ app_begin ] --END-- [ RunTime:0.001893s ]
SQL: SELECT * FROM sun_attribute a left join sun_attribute_type at using(attribute_type_id)  WHERE `type_id` = '2'  [ RunTime:0.0002s ]

[ 2017-01-01T11:08:49+08:00 ] 127.0.0.1 /php4/buyplus/index.php/Back/Goods/ajax/operate/getAttrList.html?type_id=1
INFO: [ app_begin ] --START--
INFO: Run Behavior\ReadHtmlCacheBehavior [ RunTime:0.000763s ]
INFO: [ app_begin ] --END-- [ RunTime:0.001269s ]
SQL: SELECT * FROM sun_attribute a left join sun_attribute_type at using(attribute_type_id)  WHERE `type_id` = '1'  [ RunTime:0.0004s ]
SQL: SELECT * FROM `sun_attribute_option` WHERE ( 1=1 AND attribute_id='2' )  [ RunTime:0.0003s ]
SQL: SELECT * FROM `sun_attribute_option` WHERE ( 1=1 AND attribute_id='3' )  [ RunTime:0.0002s ]
SQL: SELECT * FROM `sun_attribute_option` WHERE ( 1=1 AND attribute_id='4' )  [ RunTime:0.0002s ]
SQL: SELECT * FROM `sun_attribute_option` WHERE ( 1=1 AND attribute_id='5' )  [ RunTime:0.0002s ]

[ 2017-01-01T11:10:05+08:00 ] 127.0.0.1 /php4/buyplus/index.php/Back/Goods/ajax/operate/getAttrList.html?type_id=2
INFO: [ app_begin ] --START--
INFO: Run Behavior\ReadHtmlCacheBehavior [ RunTime:0.001030s ]
INFO: [ app_begin ] --END-- [ RunTime:0.001593s ]
SQL: SELECT * FROM sun_attribute a left join sun_attribute_type at using(attribute_type_id)  WHERE `type_id` = '2'  [ RunTime:0.0002s ]

[ 2017-01-01T11:10:08+08:00 ] 127.0.0.1 /php4/buyplus/index.php/Back/Goods/ajax/operate/getAttrList.html?type_id=3
INFO: [ app_begin ] --START--
INFO: Run Behavior\ReadHtmlCacheBehavior [ RunTime:0.000714s ]
INFO: [ app_begin ] --END-- [ RunTime:0.001337s ]
SQL: SELECT * FROM sun_attribute a left join sun_attribute_type at using(attribute_type_id)  WHERE `type_id` = '3'  [ RunTime:0.0002s ]
SQL: SELECT * FROM `sun_attribute_option` WHERE ( 1=1 AND attribute_id='1' )  [ RunTime:0.0002s ]

[ 2017-01-01T11:10:11+08:00 ] 127.0.0.1 /php4/buyplus/index.php/Back/Goods/ajax/operate/getAttrList.html?type_id=1
INFO: [ app_begin ] --START--
INFO: Run Behavior\ReadHtmlCacheBehavior [ RunTime:0.000668s ]
INFO: [ app_begin ] --END-- [ RunTime:0.001284s ]
SQL: SELECT * FROM sun_attribute a left join sun_attribute_type at using(attribute_type_id)  WHERE `type_id` = '1'  [ RunTime:0.0002s ]
SQL: SELECT * FROM `sun_attribute_option` WHERE ( 1=1 AND attribute_id='2' )  [ RunTime:0.0002s ]
SQL: SELECT * FROM `sun_attribute_option` WHERE ( 1=1 AND attribute_id='3' )  [ RunTime:0.0002s ]
SQL: SELECT * FROM `sun_attribute_option` WHERE ( 1=1 AND attribute_id='4' )  [ RunTime:0.0002s ]
SQL: SELECT * FROM `sun_attribute_option` WHERE ( 1=1 AND attribute_id='5' )  [ RunTime:0.0002s ]

[ 2017-01-01T11:10:58+08:00 ] 127.0.0.1 /php4/buyplus/index.php/Back/Goods/ajax/operate/getAttrList.html?type_id=3
INFO: [ app_begin ] --START--
INFO: Run Behavior\ReadHtmlCacheBehavior [ RunTime:0.001164s ]
INFO: [ app_begin ] --END-- [ RunTime:0.001822s ]
SQL: SELECT * FROM sun_attribute a left join sun_attribute_type at using(attribute_type_id)  WHERE `type_id` = '3'  [ RunTime:0.0002s ]
SQL: SELECT * FROM `sun_attribute_option` WHERE ( 1=1 AND attribute_id='1' )  [ RunTime:0.0003s ]

[ 2017-01-01T11:11:04+08:00 ] 127.0.0.1 /php4/buyplus/index.php/Back/Goods/ajax/operate/getAttrList.html?type_id=1
INFO: [ app_begin ] --START--
INFO: Run Behavior\ReadHtmlCacheBehavior [ RunTime:0.001510s ]
INFO: [ app_begin ] --END-- [ RunTime:0.002222s ]
SQL: SELECT * FROM sun_attribute a left join sun_attribute_type at using(attribute_type_id)  WHERE `type_id` = '1'  [ RunTime:0.0002s ]
SQL: SELECT * FROM `sun_attribute_option` WHERE ( 1=1 AND attribute_id='2' )  [ RunTime:0.0002s ]
SQL: SELECT * FROM `sun_attribute_option` WHERE ( 1=1 AND attribute_id='3' )  [ RunTime:0.0002s ]
SQL: SELECT * FROM `sun_attribute_option` WHERE ( 1=1 AND attribute_id='4' )  [ RunTime:0.0001s ]
SQL: SELECT * FROM `sun_attribute_option` WHERE ( 1=1 AND attribute_id='5' )  [ RunTime:0.0001s ]

[ 2017-01-01T11:36:13+08:00 ] 127.0.0.1 /php4/buyplus/index.php/Back/Attribute/edit.html
ERR: 1064:You have an error in your SQL syntax; check the manual that corresponds to your MySQL server version for the right syntax to use near ')' at line 1
 [ SQL语句 ] : DELETE FROM `sun_attribute_option` WHERE `attribute_id` = 2 AND `option_value` IN ()

[ 2017-01-01T11:38:23+08:00 ] 127.0.0.1 /php4/buyplus/index.php/Back/Attribute/edit.html
ERR: 1064:You have an error in your SQL syntax; check the manual that corresponds to your MySQL server version for the right syntax to use near ')' at line 1
 [ SQL语句 ] : DELETE FROM `sun_attribute_option` WHERE `attribute_id` = 2 AND `option_value` IN ()

[ 2017-01-01T11:44:54+08:00 ] 127.0.0.1 /php4/buyplus/index.php/Back/goods
ERR: 非法操作:index

[ 2017-01-01T11:55:38+08:00 ] 127.0.0.1 /php4/buyplus/index.php/Back/Goods/ajax/operate/getAttrList.html?type_id=3
INFO: [ app_begin ] --START--
INFO: Run Behavior\ReadHtmlCacheBehavior [ RunTime:0.001183s ]
INFO: [ app_begin ] --END-- [ RunTime:0.001854s ]
SQL: SELECT * FROM sun_attribute a left join sun_attribute_type at using(attribute_type_id)  WHERE `type_id` = '3'  [ RunTime:0.0006s ]
SQL: SELECT * FROM `sun_attribute_option` WHERE ( 1=1 AND attribute_id='1' )  [ RunTime:0.0002s ]

[ 2017-01-01T11:55:40+08:00 ] 127.0.0.1 /php4/buyplus/index.php/Back/Goods/ajax/operate/getAttrList.html?type_id=1
INFO: [ app_begin ] --START--
INFO: Run Behavior\ReadHtmlCacheBehavior [ RunTime:0.001158s ]
INFO: [ app_begin ] --END-- [ RunTime:0.001836s ]
SQL: SELECT * FROM sun_attribute a left join sun_attribute_type at using(attribute_type_id)  WHERE `type_id` = '1'  [ RunTime:0.0002s ]
SQL: SELECT * FROM `sun_attribute_option` WHERE ( 1=1 AND attribute_id='2' )  [ RunTime:0.0002s ]
SQL: SELECT * FROM `sun_attribute_option` WHERE ( 1=1 AND attribute_id='3' )  [ RunTime:0.0002s ]
SQL: SELECT * FROM `sun_attribute_option` WHERE ( 1=1 AND attribute_id='4' )  [ RunTime:0.0002s ]
SQL: SELECT * FROM `sun_attribute_option` WHERE ( 1=1 AND attribute_id='5' )  [ RunTime:0.0002s ]

[ 2017-01-01T19:01:03+08:00 ] 127.0.0.1 /php4/buyplus/index.php/Back/Goods/ajax/operate/addProduct.html
INFO: [ app_begin ] --START--
INFO: Run Behavior\ReadHtmlCacheBehavior [ RunTime:0.000697s ]
INFO: [ app_begin ] --END-- [ RunTime:0.001332s ]
SQL: INSERT INTO `sun_product` (`goods_id`,`product_quantity`,`price_drift_id`,`product_price`,`promoted`,`enabled`) VALUES ('2','0','1','0','0','1') [ RunTime:0.0395s ]
SQL: SHOW COLUMNS FROM `sun_product_goods_attribute_option` [ RunTime:0.0050s ]
SQL: INSERT INTO `sun_product_goods_attribute_option` (`product_id`,`goods_attribute_option_id`) VALUES ('1','32'),('1','34') [ RunTime:0.0328s ]
SQL: SELECT * FROM `sun_goods_attribute_option` left join sun_attribute_option using(attribute_option_id)  WHERE `goods_attribute_option_id` = '32' LIMIT 1   [ RunTime:0.0010s ]
SQL: SELECT * FROM `sun_goods_attribute_option` left join sun_attribute_option using(attribute_option_id)  WHERE `goods_attribute_option_id` = '34' LIMIT 1   [ RunTime:0.0003s ]
SQL: SELECT * FROM `sun_price_drift`  [ RunTime:0.0003s ]
INFO: [ view_parse ] --START--
INFO: [ template_filter ] --START--
INFO: Run Behavior\ContentReplaceBehavior [ RunTime:0.000043s ]
INFO: [ template_filter ] --END-- [ RunTime:0.000087s ]
INFO: Run Behavior\ParseTemplateBehavior [ RunTime:0.010947s ]
INFO: [ view_parse ] --END-- [ RunTime:0.011003s ]
INFO: [ view_filter ] --START--
INFO: Run Behavior\WriteHtmlCacheBehavior [ RunTime:0.000824s ]
INFO: [ view_filter ] --END-- [ RunTime:0.000864s ]
INFO: [ app_end ] --START--
INFO: Run Behavior\ShowPageTraceBehavior [ RunTime:0.001636s ]
INFO: [ app_end ] --END-- [ RunTime:0.001719s ]

[ 2017-01-01T19:06:37+08:00 ] 127.0.0.1 /php4/buyplus/index.php/Back/Goods/ajax/operate/addProduct.html
INFO: [ app_begin ] --START--
INFO: Run Behavior\ReadHtmlCacheBehavior [ RunTime:0.000920s ]
INFO: [ app_begin ] --END-- [ RunTime:0.001553s ]
SQL: INSERT INTO `sun_product` (`goods_id`,`product_quantity`,`price_drift_id`,`product_price`,`promoted`,`enabled`) VALUES ('2','0','1','0','0','1') [ RunTime:0.0939s ]
SQL: INSERT INTO `sun_product_goods_attribute_option` (`product_id`,`goods_attribute_option_id`) VALUES ('2','32'),('2','34') [ RunTime:0.0331s ]
SQL: SELECT * FROM `sun_goods_attribute_option` left join sun_attribute_option using(attribute_option_id)  WHERE `goods_attribute_option_id` = '32' LIMIT 1   [ RunTime:0.0003s ]
SQL: SELECT * FROM `sun_goods_attribute_option` left join sun_attribute_option using(attribute_option_id)  WHERE `goods_attribute_option_id` = '34' LIMIT 1   [ RunTime:0.0002s ]
SQL: SELECT * FROM `sun_price_drift`  [ RunTime:0.0002s ]
INFO: [ view_parse ] --START--
INFO: [ template_filter ] --START--
INFO: Run Behavior\ContentReplaceBehavior [ RunTime:0.000045s ]
INFO: [ template_filter ] --END-- [ RunTime:0.000088s ]
INFO: Run Behavior\ParseTemplateBehavior [ RunTime:0.010552s ]
INFO: [ view_parse ] --END-- [ RunTime:0.010612s ]
INFO: [ view_filter ] --START--
INFO: Run Behavior\WriteHtmlCacheBehavior [ RunTime:0.001120s ]
INFO: [ view_filter ] --END-- [ RunTime:0.001213s ]
INFO: [ app_end ] --START--
INFO: Run Behavior\ShowPageTraceBehavior [ RunTime:0.001535s ]
INFO: [ app_end ] --END-- [ RunTime:0.001610s ]

[ 2017-01-01T19:07:23+08:00 ] 127.0.0.1 /php4/buyplus/index.php/Back/Goods/ajax/operate/addProduct.html
INFO: [ app_begin ] --START--
INFO: Run Behavior\ReadHtmlCacheBehavior [ RunTime:0.000596s ]
INFO: [ app_begin ] --END-- [ RunTime:0.001149s ]
SQL: INSERT INTO `sun_product` (`goods_id`,`product_quantity`,`price_drift_id`,`product_price`,`promoted`,`enabled`) VALUES ('2','0','1','0','0','1') [ RunTime:0.0649s ]
SQL: INSERT INTO `sun_product_goods_attribute_option` (`product_id`,`goods_attribute_option_id`) VALUES ('3','33'),('3','35') [ RunTime:0.0492s ]
SQL: SELECT * FROM `sun_goods_attribute_option` left join sun_attribute_option using(attribute_option_id)  WHERE `goods_attribute_option_id` = '33' LIMIT 1   [ RunTime:0.0005s ]
SQL: SELECT * FROM `sun_goods_attribute_option` left join sun_attribute_option using(attribute_option_id)  WHERE `goods_attribute_option_id` = '35' LIMIT 1   [ RunTime:0.0003s ]
SQL: SELECT * FROM `sun_price_drift`  [ RunTime:0.0003s ]
INFO: [ view_parse ] --START--
INFO: [ template_filter ] --START--
INFO: Run Behavior\ContentReplaceBehavior [ RunTime:0.000088s ]
INFO: [ template_filter ] --END-- [ RunTime:0.000144s ]
INFO: Run Behavior\ParseTemplateBehavior [ RunTime:0.010925s ]
INFO: [ view_parse ] --END-- [ RunTime:0.010998s ]
INFO: [ view_filter ] --START--
INFO: Run Behavior\WriteHtmlCacheBehavior [ RunTime:0.001115s ]
INFO: [ view_filter ] --END-- [ RunTime:0.001153s ]
INFO: [ app_end ] --START--
INFO: Run Behavior\ShowPageTraceBehavior [ RunTime:0.000907s ]
INFO: [ app_end ] --END-- [ RunTime:0.000942s ]

[ 2017-01-01T19:07:47+08:00 ] 127.0.0.1 /php4/buyplus/index.php/Back/Goods/ajax/operate/addProduct.html
INFO: [ app_begin ] --START--
INFO: Run Behavior\ReadHtmlCacheBehavior [ RunTime:0.000621s ]
INFO: [ app_begin ] --END-- [ RunTime:0.001187s ]
SQL: INSERT INTO `sun_product` (`goods_id`,`product_quantity`,`price_drift_id`,`product_price`,`promoted`,`enabled`) VALUES ('2','356','3','3000','1','1') [ RunTime:0.1069s ]
SQL: INSERT INTO `sun_product_goods_attribute_option` (`product_id`,`goods_attribute_option_id`) VALUES ('4','33'),('4','35') [ RunTime:0.0323s ]
SQL: SELECT * FROM `sun_goods_attribute_option` left join sun_attribute_option using(attribute_option_id)  WHERE `goods_attribute_option_id` = '33' LIMIT 1   [ RunTime:0.0003s ]
SQL: SELECT * FROM `sun_goods_attribute_option` left join sun_attribute_option using(attribute_option_id)  WHERE `goods_attribute_option_id` = '35' LIMIT 1   [ RunTime:0.0002s ]
SQL: SELECT * FROM `sun_price_drift`  [ RunTime:0.0003s ]
INFO: [ view_parse ] --START--
INFO: [ template_filter ] --START--
INFO: Run Behavior\ContentReplaceBehavior [ RunTime:0.000046s ]
INFO: [ template_filter ] --END-- [ RunTime:0.000101s ]
INFO: Run Behavior\ParseTemplateBehavior [ RunTime:0.010564s ]
INFO: [ view_parse ] --END-- [ RunTime:0.010622s ]
INFO: [ view_filter ] --START--
INFO: Run Behavior\WriteHtmlCacheBehavior [ RunTime:0.000938s ]
INFO: [ view_filter ] --END-- [ RunTime:0.000995s ]
INFO: [ app_end ] --START--
INFO: Run Behavior\ShowPageTraceBehavior [ RunTime:0.001500s ]
INFO: [ app_end ] --END-- [ RunTime:0.001567s ]

